20:56:03.258 [Time-limited test] INFO  io.redit.execution.RuntimeEngine - Waiting for event E1 ...
20:56:03.261 [kafka-admin-client-thread | adminclient-1] DEBUG o.a.kafka.common.metrics.Metrics - Added sensor with name node--1.bytes-sent
20:56:03.261 [kafka-admin-client-thread | adminclient-1] DEBUG o.a.kafka.common.metrics.Metrics - Added sensor with name node--1.bytes-received
20:56:03.261 [kafka-admin-client-thread | adminclient-1] DEBUG o.a.kafka.common.metrics.Metrics - Added sensor with name node--1.latency
20:56:03.262 [kafka-admin-client-thread | adminclient-1] DEBUG o.a.kafka.common.network.Selector - [AdminClient clientId=adminclient-1] Created socket with SO_RCVBUF = 65536, SO_SNDBUF = 131072, SO_TIMEOUT = 0 to node -1
20:56:03.298 [kafka-admin-client-thread | adminclient-1] DEBUG o.apache.kafka.clients.NetworkClient - [AdminClient clientId=adminclient-1] Completed connection to node -1. Fetching API versions.
20:56:03.298 [kafka-admin-client-thread | adminclient-1] DEBUG o.apache.kafka.clients.NetworkClient - [AdminClient clientId=adminclient-1] Initiating API versions fetch from node -1.
20:56:03.311 [kafka-admin-client-thread | adminclient-1] DEBUG o.apache.kafka.clients.NetworkClient - [AdminClient clientId=adminclient-1] Recorded API versions for node -1: (Produce(0): 0 to 6 [usable: 6], Fetch(1): 0 to 8 [usable: 8], ListOffsets(2): 0 to 3 [usable: 3], Metadata(3): 0 to 6 [usable: 6], LeaderAndIsr(4): 0 to 1 [usable: 1], StopReplica(5): 0 [usable: 0], UpdateMetadata(6): 0 to 4 [usable: 4], ControlledShutdown(7): 0 to 1 [usable: 1], OffsetCommit(8): 0 to 4 [usable: 4], OffsetFetch(9): 0 to 4 [usable: 4], FindCoordinator(10): 0 to 2 [usable: 2], JoinGroup(11): 0 to 3 [usable: 3], Heartbeat(12): 0 to 2 [usable: 2], LeaveGroup(13): 0 to 2 [usable: 2], SyncGroup(14): 0 to 2 [usable: 2], DescribeGroups(15): 0 to 2 [usable: 2], ListGroups(16): 0 to 2 [usable: 2], SaslHandshake(17): 0 to 1 [usable: 1], ApiVersions(18): 0 to 2 [usable: 2], CreateTopics(19): 0 to 3 [usable: 3], DeleteTopics(20): 0 to 2 [usable: 2], DeleteRecords(21): 0 to 1 [usable: 1], InitProducerId(22): 0 to 1 [usable: 1], OffsetForLeaderEpoch(23): 0 to 1 [usable: 1], AddPartitionsToTxn(24): 0 to 1 [usable: 1], AddOffsetsToTxn(25): 0 to 1 [usable: 1], EndTxn(26): 0 to 1 [usable: 1], WriteTxnMarkers(27): 0 [usable: 0], TxnOffsetCommit(28): 0 to 1 [usable: 1], DescribeAcls(29): 0 to 1 [usable: 1], CreateAcls(30): 0 to 1 [usable: 1], DeleteAcls(31): 0 to 1 [usable: 1], DescribeConfigs(32): 0 to 2 [usable: 2], AlterConfigs(33): 0 to 1 [usable: 1], AlterReplicaLogDirs(34): 0 to 1 [usable: 1], DescribeLogDirs(35): 0 to 1 [usable: 1], SaslAuthenticate(36): 0 [usable: 0], CreatePartitions(37): 0 to 1 [usable: 1], CreateDelegationToken(38): 0 to 1 [usable: 1], RenewDelegationToken(39): 0 to 1 [usable: 1], ExpireDelegationToken(40): 0 to 1 [usable: 1], DescribeDelegationToken(41): 0 to 1 [usable: 1], DeleteGroups(42): 0 to 1 [usable: 1])
20:56:03.313 [Time-limited test] DEBUG o.a.k.clients.admin.KafkaAdminClient - [AdminClient clientId=adminclient-1] Queueing Call(callName=describeAcls, deadlineMs=1701262683312) with a timeout 120000 ms from now.
20:56:03.315 [kafka-admin-client-thread | adminclient-1] DEBUG o.a.k.c.a.i.AdminMetadataManager - [AdminClient clientId=adminclient-1] Updating cluster metadata to Cluster(id = K9wB9kV8TAW0pvshYelyRA, nodes = [10.2.0.4:9092 (id: 0 rack: null), 10.2.0.3:9092 (id: 1 rack: null), 10.2.0.2:9092 (id: 2 rack: null)], partitions = [], controller = 10.2.0.3:9092 (id: 1 rack: null))
20:56:03.315 [kafka-admin-client-thread | adminclient-1] DEBUG o.apache.kafka.clients.NetworkClient - [AdminClient clientId=adminclient-1] Initiating connection to node 10.2.0.2:9092 (id: 2 rack: null)
20:56:03.315 [kafka-admin-client-thread | adminclient-1] DEBUG o.a.kafka.common.metrics.Metrics - Added sensor with name node-2.bytes-sent
20:56:03.316 [kafka-admin-client-thread | adminclient-1] DEBUG o.a.kafka.common.metrics.Metrics - Added sensor with name node-2.bytes-received
20:56:03.316 [kafka-admin-client-thread | adminclient-1] DEBUG o.a.kafka.common.metrics.Metrics - Added sensor with name node-2.latency
20:56:03.316 [kafka-admin-client-thread | adminclient-1] DEBUG o.a.kafka.common.network.Selector - [AdminClient clientId=adminclient-1] Created socket with SO_RCVBUF = 65536, SO_SNDBUF = 131072, SO_TIMEOUT = 0 to node 2
20:56:03.316 [kafka-admin-client-thread | adminclient-1] DEBUG o.apache.kafka.clients.NetworkClient - [AdminClient clientId=adminclient-1] Completed connection to node 2. Fetching API versions.
20:56:03.316 [kafka-admin-client-thread | adminclient-1] DEBUG o.apache.kafka.clients.NetworkClient - [AdminClient clientId=adminclient-1] Initiating API versions fetch from node 2.
20:56:03.318 [kafka-admin-client-thread | adminclient-1] DEBUG o.apache.kafka.clients.NetworkClient - [AdminClient clientId=adminclient-1] Recorded API versions for node 2: (Produce(0): 0 to 6 [usable: 6], Fetch(1): 0 to 8 [usable: 8], ListOffsets(2): 0 to 3 [usable: 3], Metadata(3): 0 to 6 [usable: 6], LeaderAndIsr(4): 0 to 1 [usable: 1], StopReplica(5): 0 [usable: 0], UpdateMetadata(6): 0 to 4 [usable: 4], ControlledShutdown(7): 0 to 1 [usable: 1], OffsetCommit(8): 0 to 4 [usable: 4], OffsetFetch(9): 0 to 4 [usable: 4], FindCoordinator(10): 0 to 2 [usable: 2], JoinGroup(11): 0 to 3 [usable: 3], Heartbeat(12): 0 to 2 [usable: 2], LeaveGroup(13): 0 to 2 [usable: 2], SyncGroup(14): 0 to 2 [usable: 2], DescribeGroups(15): 0 to 2 [usable: 2], ListGroups(16): 0 to 2 [usable: 2], SaslHandshake(17): 0 to 1 [usable: 1], ApiVersions(18): 0 to 2 [usable: 2], CreateTopics(19): 0 to 3 [usable: 3], DeleteTopics(20): 0 to 2 [usable: 2], DeleteRecords(21): 0 to 1 [usable: 1], InitProducerId(22): 0 to 1 [usable: 1], OffsetForLeaderEpoch(23): 0 to 1 [usable: 1], AddPartitionsToTxn(24): 0 to 1 [usable: 1], AddOffsetsToTxn(25): 0 to 1 [usable: 1], EndTxn(26): 0 to 1 [usable: 1], WriteTxnMarkers(27): 0 [usable: 0], TxnOffsetCommit(28): 0 to 1 [usable: 1], DescribeAcls(29): 0 to 1 [usable: 1], CreateAcls(30): 0 to 1 [usable: 1], DeleteAcls(31): 0 to 1 [usable: 1], DescribeConfigs(32): 0 to 2 [usable: 2], AlterConfigs(33): 0 to 1 [usable: 1], AlterReplicaLogDirs(34): 0 to 1 [usable: 1], DescribeLogDirs(35): 0 to 1 [usable: 1], SaslAuthenticate(36): 0 [usable: 0], CreatePartitions(37): 0 to 1 [usable: 1], CreateDelegationToken(38): 0 to 1 [usable: 1], RenewDelegationToken(39): 0 to 1 [usable: 1], ExpireDelegationToken(40): 0 to 1 [usable: 1], DescribeDelegationToken(41): 0 to 1 [usable: 1], DeleteGroups(42): 0 to 1 [usable: 1])
20:56:03.320 [kafka-admin-client-thread | adminclient-1] ERROR o.a.kafka.common.utils.KafkaThread - Uncaught exception in thread 'kafka-admin-client-thread | adminclient-1':
java.lang.IllegalArgumentException: Filter contain UNKNOWN elements
	at org.apache.kafka.common.requests.DescribeAclsRequest.validate(DescribeAclsRequest.java:140)
	at org.apache.kafka.common.requests.DescribeAclsRequest.<init>(DescribeAclsRequest.java:92)
	at org.apache.kafka.common.requests.DescribeAclsRequest$Builder.build(DescribeAclsRequest.java:77)
	at org.apache.kafka.common.requests.DescribeAclsRequest$Builder.build(DescribeAclsRequest.java:67)
	at org.apache.kafka.clients.NetworkClient.doSend(NetworkClient.java:450)
	at org.apache.kafka.clients.NetworkClient.send(NetworkClient.java:411)
	at org.apache.kafka.clients.admin.KafkaAdminClient$AdminClientRunnable.sendEligibleCalls(KafkaAdminClient.java:907)
	at org.apache.kafka.clients.admin.KafkaAdminClient$AdminClientRunnable.run(KafkaAdminClient.java:1104)
	at java.lang.Thread.run(Thread.java:750)
java.lang.InterruptedException
	at java.lang.Object.wait(Native Method)
	at java.lang.Object.wait(Object.java:502)
	at org.apache.kafka.common.internals.KafkaFutureImpl$SingleWaiter.await(KafkaFutureImpl.java:92)
	at org.apache.kafka.common.internals.KafkaFutureImpl.get(KafkaFutureImpl.java:262)
	at io.redit.samples.kafka7496.SampleTest.lambda$testDescribeAcls$0(SampleTest.java:82)
	at io.redit.execution.RuntimeEngine.enforceOrder(RuntimeEngine.java:317)
	at io.redit.execution.RuntimeEngine.enforceOrder(RuntimeEngine.java:300)
	at io.redit.samples.kafka7496.SampleTest.testDescribeAcls(SampleTest.java:76)
	at sun.reflect.NativeMethodAccessorImpl.invoke0(Native Method)
	at sun.reflect.NativeMethodAccessorImpl.invoke(NativeMethodAccessorImpl.java:62)
	at sun.reflect.DelegatingMethodAccessorImpl.invoke(DelegatingMethodAccessorImpl.java:43)
	at java.lang.reflect.Method.invoke(Method.java:498)
	at org.junit.runners.model.FrameworkMethod$1.runReflectiveCall(FrameworkMethod.java:50)
	at org.junit.internal.runners.model.ReflectiveCallable.run(ReflectiveCallable.java:12)
	at org.junit.runners.model.FrameworkMethod.invokeExplosively(FrameworkMethod.java:47)
	at org.junit.internal.runners.statements.InvokeMethod.evaluate(InvokeMethod.java:17)
	at org.junit.internal.runners.statements.FailOnTimeout$CallableStatement.call(FailOnTimeout.java:298)
	at org.junit.internal.runners.statements.FailOnTimeout$CallableStatement.call(FailOnTimeout.java:292)
	at java.util.concurrent.FutureTask.run(FutureTask.java:266)
	at java.lang.Thread.run(Thread.java:750)
20:56:13.258 [Time-limited test] INFO  io.redit.execution.RuntimeEngine - Sending test case event E1 ...

org.junit.runners.model.TestTimedOutException: test timed out after 10000 milliseconds

	at java.lang.Object.wait(Native Method)
	at java.lang.Object.wait(Object.java:502)
	at org.apache.kafka.common.internals.KafkaFutureImpl$SingleWaiter.await(KafkaFutureImpl.java:92)
	at org.apache.kafka.common.internals.KafkaFutureImpl.get(KafkaFutureImpl.java:262)
	at io.redit.samples.kafka7496.SampleTest.lambda$testDescribeAcls$0(SampleTest.java:82)
	at io.redit.samples.kafka7496.SampleTest$$Lambda$44/801750448.run(Unknown Source)
	at io.redit.execution.RuntimeEngine.enforceOrder(RuntimeEngine.java:317)
	at io.redit.execution.RuntimeEngine.enforceOrder(RuntimeEngine.java:300)
	at io.redit.samples.kafka7496.SampleTest.testDescribeAcls(SampleTest.java:76)
	at sun.reflect.NativeMethodAccessorImpl.invoke0(Native Method)
	at sun.reflect.NativeMethodAccessorImpl.invoke(NativeMethodAccessorImpl.java:62)
	at sun.reflect.DelegatingMethodAccessorImpl.invoke(DelegatingMethodAccessorImpl.java:43)
	at java.lang.reflect.Method.invoke(Method.java:498)
	at org.junit.runners.model.FrameworkMethod$1.runReflectiveCall(FrameworkMethod.java:50)
	at org.junit.internal.runners.model.ReflectiveCallable.run(ReflectiveCallable.java:12)
	at org.junit.runners.model.FrameworkMethod.invokeExplosively(FrameworkMethod.java:47)
	at org.junit.internal.runners.statements.InvokeMethod.evaluate(InvokeMethod.java:17)
	at org.junit.internal.runners.statements.FailOnTimeout$CallableStatement.call(FailOnTimeout.java:298)
	at org.junit.internal.runners.statements.FailOnTimeout$CallableStatement.call(FailOnTimeout.java:292)
	at java.util.concurrent.FutureTask.run(FutureTask.java:266)
	at java.lang.Thread.run(Thread.java:750)

