[2023-11-29 07:31:19,931] INFO Registered kafka:type=kafka.Log4jController MBean (kafka.utils.Log4jControllerRegistration$)
[2023-11-29 07:31:20,179] INFO starting (kafka.server.KafkaServer)
[2023-11-29 07:31:20,180] INFO Connecting to zookeeper on 10.2.0.4:2181,10.2.0.3:2181,10.2.0.2:2181 (kafka.server.KafkaServer)
[2023-11-29 07:31:20,190] INFO [ZooKeeperClient] Initializing a new session to 10.2.0.4:2181,10.2.0.3:2181,10.2.0.2:2181. (kafka.zookeeper.ZooKeeperClient)
[2023-11-29 07:31:20,193] INFO Client environment:zookeeper.version=3.4.13-2d71af4dbe22557fda74f9a9b4309b15a7487f03, built on 06/29/2018 00:39 GMT (org.apache.zookeeper.ZooKeeper)
[2023-11-29 07:31:20,193] INFO Client environment:host.name=server2 (org.apache.zookeeper.ZooKeeper)
[2023-11-29 07:31:20,193] INFO Client environment:java.version=1.8.0_242 (org.apache.zookeeper.ZooKeeper)
[2023-11-29 07:31:20,193] INFO Client environment:java.vendor=Oracle Corporation (org.apache.zookeeper.ZooKeeper)
[2023-11-29 07:31:20,193] INFO Client environment:java.home=/usr/local/openjdk-8/jre (org.apache.zookeeper.ZooKeeper)
[2023-11-29 07:31:20,193] INFO Client environment:java.class.path=/kafka/kafka_2.12-2.0.0/bin/../libs/activation-1.1.1.jar:/kafka/kafka_2.12-2.0.0/bin/../libs/aopalliance-repackaged-2.5.0-b42.jar:/kafka/kafka_2.12-2.0.0/bin/../libs/argparse4j-0.7.0.jar:/kafka/kafka_2.12-2.0.0/bin/../libs/audience-annotations-0.5.0.jar:/kafka/kafka_2.12-2.0.0/bin/../libs/commons-lang3-3.5.jar:/kafka/kafka_2.12-2.0.0/bin/../libs/connect-api-2.0.0.jar:/kafka/kafka_2.12-2.0.0/bin/../libs/connect-basic-auth-extension-2.0.0.jar:/kafka/kafka_2.12-2.0.0/bin/../libs/connect-file-2.0.0.jar:/kafka/kafka_2.12-2.0.0/bin/../libs/connect-json-2.0.0.jar:/kafka/kafka_2.12-2.0.0/bin/../libs/connect-runtime-2.0.0.jar:/kafka/kafka_2.12-2.0.0/bin/../libs/connect-transforms-2.0.0.jar:/kafka/kafka_2.12-2.0.0/bin/../libs/guava-20.0.jar:/kafka/kafka_2.12-2.0.0/bin/../libs/hk2-api-2.5.0-b42.jar:/kafka/kafka_2.12-2.0.0/bin/../libs/hk2-locator-2.5.0-b42.jar:/kafka/kafka_2.12-2.0.0/bin/../libs/hk2-utils-2.5.0-b42.jar:/kafka/kafka_2.12-2.0.0/bin/../libs/jackson-annotations-2.9.6.jar:/kafka/kafka_2.12-2.0.0/bin/../libs/jackson-core-2.9.6.jar:/kafka/kafka_2.12-2.0.0/bin/../libs/jackson-databind-2.9.6.jar:/kafka/kafka_2.12-2.0.0/bin/../libs/jackson-jaxrs-base-2.9.6.jar:/kafka/kafka_2.12-2.0.0/bin/../libs/jackson-jaxrs-json-provider-2.9.6.jar:/kafka/kafka_2.12-2.0.0/bin/../libs/jackson-module-jaxb-annotations-2.9.6.jar:/kafka/kafka_2.12-2.0.0/bin/../libs/javassist-3.22.0-CR2.jar:/kafka/kafka_2.12-2.0.0/bin/../libs/javax.annotation-api-1.2.jar:/kafka/kafka_2.12-2.0.0/bin/../libs/javax.inject-1.jar:/kafka/kafka_2.12-2.0.0/bin/../libs/javax.inject-2.5.0-b42.jar:/kafka/kafka_2.12-2.0.0/bin/../libs/javax.servlet-api-3.1.0.jar:/kafka/kafka_2.12-2.0.0/bin/../libs/javax.ws.rs-api-2.1.jar:/kafka/kafka_2.12-2.0.0/bin/../libs/jaxb-api-2.3.0.jar:/kafka/kafka_2.12-2.0.0/bin/../libs/jersey-client-2.27.jar:/kafka/kafka_2.12-2.0.0/bin/../libs/jersey-common-2.27.jar:/kafka/kafka_2.12-2.0.0/bin/../libs/jersey-container-servlet-2.27.jar:/kafka/kafka_2.12-2.0.0/bin/../libs/jersey-container-servlet-core-2.27.jar:/kafka/kafka_2.12-2.0.0/bin/../libs/jersey-hk2-2.27.jar:/kafka/kafka_2.12-2.0.0/bin/../libs/jersey-media-jaxb-2.27.jar:/kafka/kafka_2.12-2.0.0/bin/../libs/jersey-server-2.27.jar:/kafka/kafka_2.12-2.0.0/bin/../libs/jetty-client-9.4.11.v20180605.jar:/kafka/kafka_2.12-2.0.0/bin/../libs/jetty-continuation-9.4.11.v20180605.jar:/kafka/kafka_2.12-2.0.0/bin/../libs/jetty-http-9.4.11.v20180605.jar:/kafka/kafka_2.12-2.0.0/bin/../libs/jetty-io-9.4.11.v20180605.jar:/kafka/kafka_2.12-2.0.0/bin/../libs/jetty-security-9.4.11.v20180605.jar:/kafka/kafka_2.12-2.0.0/bin/../libs/jetty-server-9.4.11.v20180605.jar:/kafka/kafka_2.12-2.0.0/bin/../libs/jetty-servlet-9.4.11.v20180605.jar:/kafka/kafka_2.12-2.0.0/bin/../libs/jetty-servlets-9.4.11.v20180605.jar:/kafka/kafka_2.12-2.0.0/bin/../libs/jetty-util-9.4.11.v20180605.jar:/kafka/kafka_2.12-2.0.0/bin/../libs/jopt-simple-5.0.4.jar:/kafka/kafka_2.12-2.0.0/bin/../libs/kafka-clients-2.0.0.jar:/kafka/kafka_2.12-2.0.0/bin/../libs/kafka-log4j-appender-2.0.0.jar:/kafka/kafka_2.12-2.0.0/bin/../libs/kafka-streams-2.0.0.jar:/kafka/kafka_2.12-2.0.0/bin/../libs/kafka-streams-examples-2.0.0.jar:/kafka/kafka_2.12-2.0.0/bin/../libs/kafka-streams-scala_2.12-2.0.0.jar:/kafka/kafka_2.12-2.0.0/bin/../libs/kafka-streams-test-utils-2.0.0.jar:/kafka/kafka_2.12-2.0.0/bin/../libs/kafka-tools-2.0.0.jar:/kafka/kafka_2.12-2.0.0/bin/../libs/kafka_2.12-2.0.0-sources.jar:/kafka/kafka_2.12-2.0.0/bin/../libs/kafka_2.12-2.0.0.jar:/kafka/kafka_2.12-2.0.0/bin/../libs/log4j-1.2.17.jar:/kafka/kafka_2.12-2.0.0/bin/../libs/lz4-java-1.4.1.jar:/kafka/kafka_2.12-2.0.0/bin/../libs/maven-artifact-3.5.3.jar:/kafka/kafka_2.12-2.0.0/bin/../libs/metrics-core-2.2.0.jar:/kafka/kafka_2.12-2.0.0/bin/../libs/osgi-resource-locator-1.0.1.jar:/kafka/kafka_2.12-2.0.0/bin/../libs/plexus-utils-3.1.0.jar:/kafka/kafka_2.12-2.0.0/bin/../libs/reflections-0.9.11.jar:/kafka/kafka_2.12-2.0.0/bin/../libs/rocksdbjni-5.7.3.jar:/kafka/kafka_2.12-2.0.0/bin/../libs/scala-library-2.12.6.jar:/kafka/kafka_2.12-2.0.0/bin/../libs/scala-logging_2.12-3.9.0.jar:/kafka/kafka_2.12-2.0.0/bin/../libs/scala-reflect-2.12.6.jar:/kafka/kafka_2.12-2.0.0/bin/../libs/slf4j-api-1.7.25.jar:/kafka/kafka_2.12-2.0.0/bin/../libs/slf4j-log4j12-1.7.25.jar:/kafka/kafka_2.12-2.0.0/bin/../libs/snappy-java-1.1.7.1.jar:/kafka/kafka_2.12-2.0.0/bin/../libs/validation-api-1.1.0.Final.jar:/kafka/kafka_2.12-2.0.0/bin/../libs/zkclient-0.10.jar:/kafka/kafka_2.12-2.0.0/bin/../libs/zookeeper-3.4.13.jar (org.apache.zookeeper.ZooKeeper)
[2023-11-29 07:31:20,193] INFO Client environment:java.library.path=/usr/java/packages/lib/amd64:/usr/lib64:/lib64:/lib:/usr/lib (org.apache.zookeeper.ZooKeeper)
[2023-11-29 07:31:20,194] INFO Client environment:java.io.tmpdir=/tmp (org.apache.zookeeper.ZooKeeper)
[2023-11-29 07:31:20,194] INFO Client environment:java.compiler=<NA> (org.apache.zookeeper.ZooKeeper)
[2023-11-29 07:31:20,194] INFO Client environment:os.name=Linux (org.apache.zookeeper.ZooKeeper)
[2023-11-29 07:31:20,194] INFO Client environment:os.arch=amd64 (org.apache.zookeeper.ZooKeeper)
[2023-11-29 07:31:20,194] INFO Client environment:os.version=6.2.0-37-generic (org.apache.zookeeper.ZooKeeper)
[2023-11-29 07:31:20,194] INFO Client environment:user.name=root (org.apache.zookeeper.ZooKeeper)
[2023-11-29 07:31:20,194] INFO Client environment:user.home=/root (org.apache.zookeeper.ZooKeeper)
[2023-11-29 07:31:20,194] INFO Client environment:user.dir=/kafka/kafka_2.12-2.0.0 (org.apache.zookeeper.ZooKeeper)
[2023-11-29 07:31:20,195] INFO Initiating client connection, connectString=10.2.0.4:2181,10.2.0.3:2181,10.2.0.2:2181 sessionTimeout=6000 watcher=kafka.zookeeper.ZooKeeperClient$ZooKeeperClientWatcher$@2ea227af (org.apache.zookeeper.ZooKeeper)
[2023-11-29 07:31:20,204] INFO [ZooKeeperClient] Waiting until connected. (kafka.zookeeper.ZooKeeperClient)
[2023-11-29 07:31:20,205] INFO Opening socket connection to server redit_sample-kafka_server1_1701243069.redit_sample-kafka_1701243069/10.2.0.4:2181. Will not attempt to authenticate using SASL (unknown error) (org.apache.zookeeper.ClientCnxn)
[2023-11-29 07:31:20,211] INFO Socket connection established to redit_sample-kafka_server1_1701243069.redit_sample-kafka_1701243069/10.2.0.4:2181, initiating session (org.apache.zookeeper.ClientCnxn)
[2023-11-29 07:31:20,218] INFO Session establishment complete on server redit_sample-kafka_server1_1701243069.redit_sample-kafka_1701243069/10.2.0.4:2181, sessionid = 0x1000050a6090000, negotiated timeout = 120000 (org.apache.zookeeper.ClientCnxn)
[2023-11-29 07:31:20,220] INFO [ZooKeeperClient] Connected. (kafka.zookeeper.ZooKeeperClient)
[2023-11-29 07:31:20,444] INFO Cluster ID = xE_Pab5xSbehKBC00F8m6A (kafka.server.KafkaServer)
[2023-11-29 07:31:20,456] WARN No meta.properties file under dir /kafka/kafka_2.12-2.0.0/logs/meta.properties (kafka.server.BrokerMetadataCheckpoint)
[2023-11-29 07:31:20,501] INFO KafkaConfig values: 
	advertised.host.name = null
	advertised.listeners = null
	advertised.port = null
	alter.config.policy.class.name = null
	alter.log.dirs.replication.quota.window.num = 11
	alter.log.dirs.replication.quota.window.size.seconds = 1
	authorizer.class.name = 
	auto.create.topics.enable = false
	auto.leader.rebalance.enable = true
	background.threads = 10
	broker.id = 1
	broker.id.generation.enable = true
	broker.rack = null
	client.quota.callback.class = null
	compression.type = producer
	connections.max.idle.ms = 600000
	controlled.shutdown.enable = true
	controlled.shutdown.max.retries = 3
	controlled.shutdown.retry.backoff.ms = 5000
	controller.socket.timeout.ms = 30000
	create.topic.policy.class.name = null
	default.replication.factor = 3
	delegation.token.expiry.check.interval.ms = 3600000
	delegation.token.expiry.time.ms = 86400000
	delegation.token.master.key = null
	delegation.token.max.lifetime.ms = 604800000
	delete.records.purgatory.purge.interval.requests = 1
	delete.topic.enable = true
	fetch.purgatory.purge.interval.requests = 1000
	group.initial.rebalance.delay.ms = 0
	group.max.session.timeout.ms = 300000
	group.min.session.timeout.ms = 6000
	host.name = 
	inter.broker.listener.name = null
	inter.broker.protocol.version = 2.0-IV1
	leader.imbalance.check.interval.seconds = 300
	leader.imbalance.per.broker.percentage = 10
	listener.security.protocol.map = PLAINTEXT:PLAINTEXT,SSL:SSL,SASL_PLAINTEXT:SASL_PLAINTEXT,SASL_SSL:SASL_SSL
	listeners = PLAINTEXT://10.2.0.3:9092
	log.cleaner.backoff.ms = 15000
	log.cleaner.dedupe.buffer.size = 134217728
	log.cleaner.delete.retention.ms = 86400000
	log.cleaner.enable = true
	log.cleaner.io.buffer.load.factor = 0.9
	log.cleaner.io.buffer.size = 524288
	log.cleaner.io.max.bytes.per.second = 1.7976931348623157E308
	log.cleaner.min.cleanable.ratio = 0.5
	log.cleaner.min.compaction.lag.ms = 0
	log.cleaner.threads = 1
	log.cleanup.policy = [delete]
	log.dir = /tmp/kafka-logs
	log.dirs = /kafka/kafka_2.12-2.0.0/logs
	log.flush.interval.messages = 9223372036854775807
	log.flush.interval.ms = null
	log.flush.offset.checkpoint.interval.ms = 60000
	log.flush.scheduler.interval.ms = 9223372036854775807
	log.flush.start.offset.checkpoint.interval.ms = 60000
	log.index.interval.bytes = 4096
	log.index.size.max.bytes = 10485760
	log.message.downconversion.enable = true
	log.message.format.version = 2.0-IV1
	log.message.timestamp.difference.max.ms = 9223372036854775807
	log.message.timestamp.type = CreateTime
	log.preallocate = false
	log.retention.bytes = -1
	log.retention.check.interval.ms = 300000
	log.retention.hours = 168
	log.retention.minutes = null
	log.retention.ms = null
	log.roll.hours = 168
	log.roll.jitter.hours = 0
	log.roll.jitter.ms = null
	log.roll.ms = null
	log.segment.bytes = 1073741824
	log.segment.delete.delay.ms = 60000
	max.connections.per.ip = 2147483647
	max.connections.per.ip.overrides = 
	max.incremental.fetch.session.cache.slots = 1000
	message.max.bytes = 1000012
	metric.reporters = []
	metrics.num.samples = 2
	metrics.recording.level = INFO
	metrics.sample.window.ms = 30000
	min.insync.replicas = 3
	num.io.threads = 8
	num.network.threads = 3
	num.partitions = 1
	num.recovery.threads.per.data.dir = 1
	num.replica.alter.log.dirs.threads = null
	num.replica.fetchers = 2
	offset.metadata.max.bytes = 4096
	offsets.commit.required.acks = -1
	offsets.commit.timeout.ms = 5000
	offsets.load.buffer.size = 5242880
	offsets.retention.check.interval.ms = 600000
	offsets.retention.minutes = 10080
	offsets.topic.compression.codec = 0
	offsets.topic.num.partitions = 50
	offsets.topic.replication.factor = 1
	offsets.topic.segment.bytes = 104857600
	password.encoder.cipher.algorithm = AES/CBC/PKCS5Padding
	password.encoder.iterations = 4096
	password.encoder.key.length = 128
	password.encoder.keyfactory.algorithm = null
	password.encoder.old.secret = null
	password.encoder.secret = null
	port = 9092
	principal.builder.class = null
	producer.purgatory.purge.interval.requests = 1000
	queued.max.request.bytes = -1
	queued.max.requests = 500
	quota.consumer.default = 9223372036854775807
	quota.producer.default = 9223372036854775807
	quota.window.num = 11
	quota.window.size.seconds = 1
	replica.fetch.backoff.ms = 1000
	replica.fetch.max.bytes = 1048576
	replica.fetch.min.bytes = 1
	replica.fetch.response.max.bytes = 10485760
	replica.fetch.wait.max.ms = 500
	replica.high.watermark.checkpoint.interval.ms = 5000
	replica.lag.time.max.ms = 10000
	replica.socket.receive.buffer.bytes = 65536
	replica.socket.timeout.ms = 30000
	replication.quota.window.num = 11
	replication.quota.window.size.seconds = 1
	request.timeout.ms = 30000
	reserved.broker.max.id = 1000
	sasl.client.callback.handler.class = null
	sasl.enabled.mechanisms = [GSSAPI]
	sasl.jaas.config = null
	sasl.kerberos.kinit.cmd = /usr/bin/kinit
	sasl.kerberos.min.time.before.relogin = 60000
	sasl.kerberos.principal.to.local.rules = [DEFAULT]
	sasl.kerberos.service.name = null
	sasl.kerberos.ticket.renew.jitter = 0.05
	sasl.kerberos.ticket.renew.window.factor = 0.8
	sasl.login.callback.handler.class = null
	sasl.login.class = null
	sasl.login.refresh.buffer.seconds = 300
	sasl.login.refresh.min.period.seconds = 60
	sasl.login.refresh.window.factor = 0.8
	sasl.login.refresh.window.jitter = 0.05
	sasl.mechanism.inter.broker.protocol = GSSAPI
	sasl.server.callback.handler.class = null
	security.inter.broker.protocol = PLAINTEXT
	socket.receive.buffer.bytes = 102400
	socket.request.max.bytes = 104857600
	socket.send.buffer.bytes = 102400
	ssl.cipher.suites = []
	ssl.client.auth = none
	ssl.enabled.protocols = [TLSv1.2, TLSv1.1, TLSv1]
	ssl.endpoint.identification.algorithm = https
	ssl.key.password = null
	ssl.keymanager.algorithm = SunX509
	ssl.keystore.location = null
	ssl.keystore.password = null
	ssl.keystore.type = JKS
	ssl.protocol = TLS
	ssl.provider = null
	ssl.secure.random.implementation = null
	ssl.trustmanager.algorithm = PKIX
	ssl.truststore.location = null
	ssl.truststore.password = null
	ssl.truststore.type = JKS
	transaction.abort.timed.out.transaction.cleanup.interval.ms = 60000
	transaction.max.timeout.ms = 900000
	transaction.remove.expired.transaction.cleanup.interval.ms = 3600000
	transaction.state.log.load.buffer.size = 5242880
	transaction.state.log.min.isr = 1
	transaction.state.log.num.partitions = 50
	transaction.state.log.replication.factor = 1
	transaction.state.log.segment.bytes = 104857600
	transactional.id.expiration.ms = 604800000
	unclean.leader.election.enable = false
	zookeeper.connect = 10.2.0.4:2181,10.2.0.3:2181,10.2.0.2:2181
	zookeeper.connection.timeout.ms = 60000
	zookeeper.max.in.flight.requests = 10
	zookeeper.session.timeout.ms = 6000
	zookeeper.set.acl = false
	zookeeper.sync.time.ms = 2000
 (kafka.server.KafkaConfig)
[2023-11-29 07:31:20,508] INFO KafkaConfig values: 
	advertised.host.name = null
	advertised.listeners = null
	advertised.port = null
	alter.config.policy.class.name = null
	alter.log.dirs.replication.quota.window.num = 11
	alter.log.dirs.replication.quota.window.size.seconds = 1
	authorizer.class.name = 
	auto.create.topics.enable = false
	auto.leader.rebalance.enable = true
	background.threads = 10
	broker.id = 1
	broker.id.generation.enable = true
	broker.rack = null
	client.quota.callback.class = null
	compression.type = producer
	connections.max.idle.ms = 600000
	controlled.shutdown.enable = true
	controlled.shutdown.max.retries = 3
	controlled.shutdown.retry.backoff.ms = 5000
	controller.socket.timeout.ms = 30000
	create.topic.policy.class.name = null
	default.replication.factor = 3
	delegation.token.expiry.check.interval.ms = 3600000
	delegation.token.expiry.time.ms = 86400000
	delegation.token.master.key = null
	delegation.token.max.lifetime.ms = 604800000
	delete.records.purgatory.purge.interval.requests = 1
	delete.topic.enable = true
	fetch.purgatory.purge.interval.requests = 1000
	group.initial.rebalance.delay.ms = 0
	group.max.session.timeout.ms = 300000
	group.min.session.timeout.ms = 6000
	host.name = 
	inter.broker.listener.name = null
	inter.broker.protocol.version = 2.0-IV1
	leader.imbalance.check.interval.seconds = 300
	leader.imbalance.per.broker.percentage = 10
	listener.security.protocol.map = PLAINTEXT:PLAINTEXT,SSL:SSL,SASL_PLAINTEXT:SASL_PLAINTEXT,SASL_SSL:SASL_SSL
	listeners = PLAINTEXT://10.2.0.3:9092
	log.cleaner.backoff.ms = 15000
	log.cleaner.dedupe.buffer.size = 134217728
	log.cleaner.delete.retention.ms = 86400000
	log.cleaner.enable = true
	log.cleaner.io.buffer.load.factor = 0.9
	log.cleaner.io.buffer.size = 524288
	log.cleaner.io.max.bytes.per.second = 1.7976931348623157E308
	log.cleaner.min.cleanable.ratio = 0.5
	log.cleaner.min.compaction.lag.ms = 0
	log.cleaner.threads = 1
	log.cleanup.policy = [delete]
	log.dir = /tmp/kafka-logs
	log.dirs = /kafka/kafka_2.12-2.0.0/logs
	log.flush.interval.messages = 9223372036854775807
	log.flush.interval.ms = null
	log.flush.offset.checkpoint.interval.ms = 60000
	log.flush.scheduler.interval.ms = 9223372036854775807
	log.flush.start.offset.checkpoint.interval.ms = 60000
	log.index.interval.bytes = 4096
	log.index.size.max.bytes = 10485760
	log.message.downconversion.enable = true
	log.message.format.version = 2.0-IV1
	log.message.timestamp.difference.max.ms = 9223372036854775807
	log.message.timestamp.type = CreateTime
	log.preallocate = false
	log.retention.bytes = -1
	log.retention.check.interval.ms = 300000
	log.retention.hours = 168
	log.retention.minutes = null
	log.retention.ms = null
	log.roll.hours = 168
	log.roll.jitter.hours = 0
	log.roll.jitter.ms = null
	log.roll.ms = null
	log.segment.bytes = 1073741824
	log.segment.delete.delay.ms = 60000
	max.connections.per.ip = 2147483647
	max.connections.per.ip.overrides = 
	max.incremental.fetch.session.cache.slots = 1000
	message.max.bytes = 1000012
	metric.reporters = []
	metrics.num.samples = 2
	metrics.recording.level = INFO
	metrics.sample.window.ms = 30000
	min.insync.replicas = 3
	num.io.threads = 8
	num.network.threads = 3
	num.partitions = 1
	num.recovery.threads.per.data.dir = 1
	num.replica.alter.log.dirs.threads = null
	num.replica.fetchers = 2
	offset.metadata.max.bytes = 4096
	offsets.commit.required.acks = -1
	offsets.commit.timeout.ms = 5000
	offsets.load.buffer.size = 5242880
	offsets.retention.check.interval.ms = 600000
	offsets.retention.minutes = 10080
	offsets.topic.compression.codec = 0
	offsets.topic.num.partitions = 50
	offsets.topic.replication.factor = 1
	offsets.topic.segment.bytes = 104857600
	password.encoder.cipher.algorithm = AES/CBC/PKCS5Padding
	password.encoder.iterations = 4096
	password.encoder.key.length = 128
	password.encoder.keyfactory.algorithm = null
	password.encoder.old.secret = null
	password.encoder.secret = null
	port = 9092
	principal.builder.class = null
	producer.purgatory.purge.interval.requests = 1000
	queued.max.request.bytes = -1
	queued.max.requests = 500
	quota.consumer.default = 9223372036854775807
	quota.producer.default = 9223372036854775807
	quota.window.num = 11
	quota.window.size.seconds = 1
	replica.fetch.backoff.ms = 1000
	replica.fetch.max.bytes = 1048576
	replica.fetch.min.bytes = 1
	replica.fetch.response.max.bytes = 10485760
	replica.fetch.wait.max.ms = 500
	replica.high.watermark.checkpoint.interval.ms = 5000
	replica.lag.time.max.ms = 10000
	replica.socket.receive.buffer.bytes = 65536
	replica.socket.timeout.ms = 30000
	replication.quota.window.num = 11
	replication.quota.window.size.seconds = 1
	request.timeout.ms = 30000
	reserved.broker.max.id = 1000
	sasl.client.callback.handler.class = null
	sasl.enabled.mechanisms = [GSSAPI]
	sasl.jaas.config = null
	sasl.kerberos.kinit.cmd = /usr/bin/kinit
	sasl.kerberos.min.time.before.relogin = 60000
	sasl.kerberos.principal.to.local.rules = [DEFAULT]
	sasl.kerberos.service.name = null
	sasl.kerberos.ticket.renew.jitter = 0.05
	sasl.kerberos.ticket.renew.window.factor = 0.8
	sasl.login.callback.handler.class = null
	sasl.login.class = null
	sasl.login.refresh.buffer.seconds = 300
	sasl.login.refresh.min.period.seconds = 60
	sasl.login.refresh.window.factor = 0.8
	sasl.login.refresh.window.jitter = 0.05
	sasl.mechanism.inter.broker.protocol = GSSAPI
	sasl.server.callback.handler.class = null
	security.inter.broker.protocol = PLAINTEXT
	socket.receive.buffer.bytes = 102400
	socket.request.max.bytes = 104857600
	socket.send.buffer.bytes = 102400
	ssl.cipher.suites = []
	ssl.client.auth = none
	ssl.enabled.protocols = [TLSv1.2, TLSv1.1, TLSv1]
	ssl.endpoint.identification.algorithm = https
	ssl.key.password = null
	ssl.keymanager.algorithm = SunX509
	ssl.keystore.location = null
	ssl.keystore.password = null
	ssl.keystore.type = JKS
	ssl.protocol = TLS
	ssl.provider = null
	ssl.secure.random.implementation = null
	ssl.trustmanager.algorithm = PKIX
	ssl.truststore.location = null
	ssl.truststore.password = null
	ssl.truststore.type = JKS
	transaction.abort.timed.out.transaction.cleanup.interval.ms = 60000
	transaction.max.timeout.ms = 900000
	transaction.remove.expired.transaction.cleanup.interval.ms = 3600000
	transaction.state.log.load.buffer.size = 5242880
	transaction.state.log.min.isr = 1
	transaction.state.log.num.partitions = 50
	transaction.state.log.replication.factor = 1
	transaction.state.log.segment.bytes = 104857600
	transactional.id.expiration.ms = 604800000
	unclean.leader.election.enable = false
	zookeeper.connect = 10.2.0.4:2181,10.2.0.3:2181,10.2.0.2:2181
	zookeeper.connection.timeout.ms = 60000
	zookeeper.max.in.flight.requests = 10
	zookeeper.session.timeout.ms = 6000
	zookeeper.set.acl = false
	zookeeper.sync.time.ms = 2000
 (kafka.server.KafkaConfig)
[2023-11-29 07:31:20,526] INFO [ThrottledChannelReaper-Fetch]: Starting (kafka.server.ClientQuotaManager$ThrottledChannelReaper)
[2023-11-29 07:31:20,526] INFO [ThrottledChannelReaper-Produce]: Starting (kafka.server.ClientQuotaManager$ThrottledChannelReaper)
[2023-11-29 07:31:20,527] INFO [ThrottledChannelReaper-Request]: Starting (kafka.server.ClientQuotaManager$ThrottledChannelReaper)
[2023-11-29 07:31:20,545] INFO Loading logs. (kafka.log.LogManager)
[2023-11-29 07:31:20,549] INFO Logs loading complete in 4 ms. (kafka.log.LogManager)
[2023-11-29 07:31:20,555] INFO Starting log cleanup with a period of 300000 ms. (kafka.log.LogManager)
[2023-11-29 07:31:20,559] INFO Starting log flusher with a default period of 9223372036854775807 ms. (kafka.log.LogManager)
[2023-11-29 07:31:20,724] INFO Awaiting socket connections on 10.2.0.3:9092. (kafka.network.Acceptor)
[2023-11-29 07:31:20,739] INFO [SocketServer brokerId=1] Started 1 acceptor threads (kafka.network.SocketServer)
[2023-11-29 07:31:20,751] INFO [ExpirationReaper-1-Produce]: Starting (kafka.server.DelayedOperationPurgatory$ExpiredOperationReaper)
[2023-11-29 07:31:20,752] INFO [ExpirationReaper-1-Fetch]: Starting (kafka.server.DelayedOperationPurgatory$ExpiredOperationReaper)
[2023-11-29 07:31:20,752] INFO [ExpirationReaper-1-DeleteRecords]: Starting (kafka.server.DelayedOperationPurgatory$ExpiredOperationReaper)
[2023-11-29 07:31:20,758] INFO [LogDirFailureHandler]: Starting (kafka.server.ReplicaManager$LogDirFailureHandler)
[2023-11-29 07:31:20,774] INFO Creating /brokers/ids/1 (is it secure? false) (kafka.zk.KafkaZkClient)
[2023-11-29 07:31:20,779] INFO Result of znode creation at /brokers/ids/1 is: OK (kafka.zk.KafkaZkClient)
[2023-11-29 07:31:20,780] INFO Registered broker 1 at path /brokers/ids/1 with addresses: ArrayBuffer(EndPoint(10.2.0.3,9092,ListenerName(PLAINTEXT),PLAINTEXT)) (kafka.zk.KafkaZkClient)
[2023-11-29 07:31:20,781] WARN No meta.properties file under dir /kafka/kafka_2.12-2.0.0/logs/meta.properties (kafka.server.BrokerMetadataCheckpoint)
[2023-11-29 07:31:20,816] INFO [ExpirationReaper-1-topic]: Starting (kafka.server.DelayedOperationPurgatory$ExpiredOperationReaper)
[2023-11-29 07:31:20,818] INFO [ExpirationReaper-1-Heartbeat]: Starting (kafka.server.DelayedOperationPurgatory$ExpiredOperationReaper)
[2023-11-29 07:31:20,818] INFO [ExpirationReaper-1-Rebalance]: Starting (kafka.server.DelayedOperationPurgatory$ExpiredOperationReaper)
[2023-11-29 07:31:20,828] INFO [GroupCoordinator 1]: Starting up. (kafka.coordinator.group.GroupCoordinator)
[2023-11-29 07:31:20,829] INFO [GroupCoordinator 1]: Startup complete. (kafka.coordinator.group.GroupCoordinator)
[2023-11-29 07:31:20,831] INFO [GroupMetadataManager brokerId=1] Removed 0 expired offsets in 2 milliseconds. (kafka.coordinator.group.GroupMetadataManager)
[2023-11-29 07:31:20,845] INFO [ProducerId Manager 1]: Acquired new producerId block (brokerId:1,blockStartProducerId:2000,blockEndProducerId:2999) by writing to Zk with path version 3 (kafka.coordinator.transaction.ProducerIdManager)
[2023-11-29 07:31:20,868] INFO [TransactionCoordinator id=1] Starting up. (kafka.coordinator.transaction.TransactionCoordinator)
[2023-11-29 07:31:20,869] INFO [Transaction Marker Channel Manager 1]: Starting (kafka.coordinator.transaction.TransactionMarkerChannelManager)
[2023-11-29 07:31:20,869] INFO [TransactionCoordinator id=1] Startup complete. (kafka.coordinator.transaction.TransactionCoordinator)
[2023-11-29 07:31:20,894] INFO [/config/changes-event-process-thread]: Starting (kafka.common.ZkNodeChangeNotificationListener$ChangeEventProcessThread)
[2023-11-29 07:31:20,918] INFO [SocketServer brokerId=1] Started processors for 1 acceptors (kafka.network.SocketServer)
[2023-11-29 07:31:20,920] INFO Kafka version : 2.0.0 (org.apache.kafka.common.utils.AppInfoParser)
[2023-11-29 07:31:20,920] INFO Kafka commitId : 3402a8361b734732 (org.apache.kafka.common.utils.AppInfoParser)
[2023-11-29 07:31:20,921] INFO [KafkaServer id=1] started (kafka.server.KafkaServer)
[2023-11-29 07:31:25,165] INFO [ReplicaFetcherManager on broker 1] Removed fetcher for partitions test-0 (kafka.server.ReplicaFetcherManager)
[2023-11-29 07:31:25,210] INFO [Log partition=test-0, dir=/kafka/kafka_2.12-2.0.0/logs] Loading producer state till offset 0 with message format version 2 (kafka.log.Log)
[2023-11-29 07:31:25,218] INFO [Log partition=test-0, dir=/kafka/kafka_2.12-2.0.0/logs] Completed load of log with 1 segments, log start offset 0 and log end offset 0 in 28 ms (kafka.log.Log)
[2023-11-29 07:31:25,220] INFO Created log for partition test-0 in /kafka/kafka_2.12-2.0.0/logs with properties {compression.type -> producer, message.format.version -> 2.0-IV1, file.delete.delay.ms -> 60000, max.message.bytes -> 1000012, min.compaction.lag.ms -> 0, message.timestamp.type -> CreateTime, message.downconversion.enable -> true, min.insync.replicas -> 2, segment.jitter.ms -> 0, preallocate -> false, min.cleanable.dirty.ratio -> 0.5, index.interval.bytes -> 4096, unclean.leader.election.enable -> false, retention.bytes -> -1, delete.retention.ms -> 86400000, cleanup.policy -> [delete], flush.ms -> 9223372036854775807, segment.ms -> 604800000, segment.bytes -> 1073741824, retention.ms -> 604800000, message.timestamp.difference.max.ms -> 9223372036854775807, segment.index.bytes -> 10485760, flush.messages -> 9223372036854775807}. (kafka.log.LogManager)
[2023-11-29 07:31:25,221] INFO [Partition test-0 broker=1] No checkpointed highwatermark is found for partition test-0 (kafka.cluster.Partition)
[2023-11-29 07:31:25,223] INFO Replica loaded for partition test-0 with initial high watermark 0 (kafka.cluster.Replica)
[2023-11-29 07:31:25,224] INFO Replica loaded for partition test-0 with initial high watermark 0 (kafka.cluster.Replica)
[2023-11-29 07:31:25,224] INFO Replica loaded for partition test-0 with initial high watermark 0 (kafka.cluster.Replica)
[2023-11-29 07:31:25,226] INFO [Partition test-0 broker=1] test-0 starts at Leader Epoch 0 from offset 0. Previous Leader Epoch was: -1 (kafka.cluster.Partition)
[2023-11-29 07:31:25,245] INFO [ReplicaAlterLogDirsManager on broker 1] Added fetcher for partitions List() (kafka.server.ReplicaAlterLogDirsManager)
[2023-11-29 07:31:25,307] INFO Updated PartitionLeaderEpoch. New: {epoch:0, offset:0}, Current: {epoch:-1, offset:-1} for Partition: test-0. Cache now contains 0 entries. (kafka.server.epoch.LeaderEpochFileCache)
[2023-11-29 07:31:30,946] INFO Processing notification(s) to /config/changes (kafka.common.ZkNodeChangeNotificationListener)
[2023-11-29 07:31:30,953] INFO Processing override for entityPath: brokers/<default> with config: Map(log.message.timestamp.type -> LogAppendTime) (kafka.server.DynamicConfigManager)
[2023-11-29 07:31:30,954] INFO KafkaConfig values: 
	advertised.host.name = null
	advertised.listeners = null
	advertised.port = null
	alter.config.policy.class.name = null
	alter.log.dirs.replication.quota.window.num = 11
	alter.log.dirs.replication.quota.window.size.seconds = 1
	authorizer.class.name = 
	auto.create.topics.enable = false
	auto.leader.rebalance.enable = true
	background.threads = 10
	broker.id = 1
	broker.id.generation.enable = true
	broker.rack = null
	client.quota.callback.class = null
	compression.type = producer
	connections.max.idle.ms = 600000
	controlled.shutdown.enable = true
	controlled.shutdown.max.retries = 3
	controlled.shutdown.retry.backoff.ms = 5000
	controller.socket.timeout.ms = 30000
	create.topic.policy.class.name = null
	default.replication.factor = 3
	delegation.token.expiry.check.interval.ms = 3600000
	delegation.token.expiry.time.ms = 86400000
	delegation.token.master.key = null
	delegation.token.max.lifetime.ms = 604800000
	delete.records.purgatory.purge.interval.requests = 1
	delete.topic.enable = true
	fetch.purgatory.purge.interval.requests = 1000
	group.initial.rebalance.delay.ms = 0
	group.max.session.timeout.ms = 300000
	group.min.session.timeout.ms = 6000
	host.name = 
	inter.broker.listener.name = null
	inter.broker.protocol.version = 2.0-IV1
	leader.imbalance.check.interval.seconds = 300
	leader.imbalance.per.broker.percentage = 10
	listener.security.protocol.map = PLAINTEXT:PLAINTEXT,SSL:SSL,SASL_PLAINTEXT:SASL_PLAINTEXT,SASL_SSL:SASL_SSL
	listeners = PLAINTEXT://10.2.0.3:9092
	log.cleaner.backoff.ms = 15000
	log.cleaner.dedupe.buffer.size = 134217728
	log.cleaner.delete.retention.ms = 86400000
	log.cleaner.enable = true
	log.cleaner.io.buffer.load.factor = 0.9
	log.cleaner.io.buffer.size = 524288
	log.cleaner.io.max.bytes.per.second = 1.7976931348623157E308
	log.cleaner.min.cleanable.ratio = 0.5
	log.cleaner.min.compaction.lag.ms = 0
	log.cleaner.threads = 1
	log.cleanup.policy = [delete]
	log.dir = /tmp/kafka-logs
	log.dirs = /kafka/kafka_2.12-2.0.0/logs
	log.flush.interval.messages = 9223372036854775807
	log.flush.interval.ms = null
	log.flush.offset.checkpoint.interval.ms = 60000
	log.flush.scheduler.interval.ms = 9223372036854775807
	log.flush.start.offset.checkpoint.interval.ms = 60000
	log.index.interval.bytes = 4096
	log.index.size.max.bytes = 10485760
	log.message.downconversion.enable = true
	log.message.format.version = 2.0-IV1
	log.message.timestamp.difference.max.ms = 9223372036854775807
	log.message.timestamp.type = LogAppendTime
	log.preallocate = false
	log.retention.bytes = -1
	log.retention.check.interval.ms = 300000
	log.retention.hours = 168
	log.retention.minutes = null
	log.retention.ms = null
	log.roll.hours = 168
	log.roll.jitter.hours = 0
	log.roll.jitter.ms = null
	log.roll.ms = null
	log.segment.bytes = 1073741824
	log.segment.delete.delay.ms = 60000
	max.connections.per.ip = 2147483647
	max.connections.per.ip.overrides = 
	max.incremental.fetch.session.cache.slots = 1000
	message.max.bytes = 1000012
	metric.reporters = []
	metrics.num.samples = 2
	metrics.recording.level = INFO
	metrics.sample.window.ms = 30000
	min.insync.replicas = 3
	num.io.threads = 8
	num.network.threads = 3
	num.partitions = 1
	num.recovery.threads.per.data.dir = 1
	num.replica.alter.log.dirs.threads = null
	num.replica.fetchers = 2
	offset.metadata.max.bytes = 4096
	offsets.commit.required.acks = -1
	offsets.commit.timeout.ms = 5000
	offsets.load.buffer.size = 5242880
	offsets.retention.check.interval.ms = 600000
	offsets.retention.minutes = 10080
	offsets.topic.compression.codec = 0
	offsets.topic.num.partitions = 50
	offsets.topic.replication.factor = 1
	offsets.topic.segment.bytes = 104857600
	password.encoder.cipher.algorithm = AES/CBC/PKCS5Padding
	password.encoder.iterations = 4096
	password.encoder.key.length = 128
	password.encoder.keyfactory.algorithm = null
	password.encoder.old.secret = null
	password.encoder.secret = null
	port = 9092
	principal.builder.class = null
	producer.purgatory.purge.interval.requests = 1000
	queued.max.request.bytes = -1
	queued.max.requests = 500
	quota.consumer.default = 9223372036854775807
	quota.producer.default = 9223372036854775807
	quota.window.num = 11
	quota.window.size.seconds = 1
	replica.fetch.backoff.ms = 1000
	replica.fetch.max.bytes = 1048576
	replica.fetch.min.bytes = 1
	replica.fetch.response.max.bytes = 10485760
	replica.fetch.wait.max.ms = 500
	replica.high.watermark.checkpoint.interval.ms = 5000
	replica.lag.time.max.ms = 10000
	replica.socket.receive.buffer.bytes = 65536
	replica.socket.timeout.ms = 30000
	replication.quota.window.num = 11
	replication.quota.window.size.seconds = 1
	request.timeout.ms = 30000
	reserved.broker.max.id = 1000
	sasl.client.callback.handler.class = null
	sasl.enabled.mechanisms = [GSSAPI]
	sasl.jaas.config = null
	sasl.kerberos.kinit.cmd = /usr/bin/kinit
	sasl.kerberos.min.time.before.relogin = 60000
	sasl.kerberos.principal.to.local.rules = [DEFAULT]
	sasl.kerberos.service.name = null
	sasl.kerberos.ticket.renew.jitter = 0.05
	sasl.kerberos.ticket.renew.window.factor = 0.8
	sasl.login.callback.handler.class = null
	sasl.login.class = null
	sasl.login.refresh.buffer.seconds = 300
	sasl.login.refresh.min.period.seconds = 60
	sasl.login.refresh.window.factor = 0.8
	sasl.login.refresh.window.jitter = 0.05
	sasl.mechanism.inter.broker.protocol = GSSAPI
	sasl.server.callback.handler.class = null
	security.inter.broker.protocol = PLAINTEXT
	socket.receive.buffer.bytes = 102400
	socket.request.max.bytes = 104857600
	socket.send.buffer.bytes = 102400
	ssl.cipher.suites = []
	ssl.client.auth = none
	ssl.enabled.protocols = [TLSv1.2, TLSv1.1, TLSv1]
	ssl.endpoint.identification.algorithm = https
	ssl.key.password = null
	ssl.keymanager.algorithm = SunX509
	ssl.keystore.location = null
	ssl.keystore.password = null
	ssl.keystore.type = JKS
	ssl.protocol = TLS
	ssl.provider = null
	ssl.secure.random.implementation = null
	ssl.trustmanager.algorithm = PKIX
	ssl.truststore.location = null
	ssl.truststore.password = null
	ssl.truststore.type = JKS
	transaction.abort.timed.out.transaction.cleanup.interval.ms = 60000
	transaction.max.timeout.ms = 900000
	transaction.remove.expired.transaction.cleanup.interval.ms = 3600000
	transaction.state.log.load.buffer.size = 5242880
	transaction.state.log.min.isr = 1
	transaction.state.log.num.partitions = 50
	transaction.state.log.replication.factor = 1
	transaction.state.log.segment.bytes = 104857600
	transactional.id.expiration.ms = 604800000
	unclean.leader.election.enable = false
	zookeeper.connect = 10.2.0.4:2181,10.2.0.3:2181,10.2.0.2:2181
	zookeeper.connection.timeout.ms = 60000
	zookeeper.max.in.flight.requests = 10
	zookeeper.session.timeout.ms = 6000
	zookeeper.set.acl = false
	zookeeper.sync.time.ms = 2000
 (kafka.server.KafkaConfig)
[2023-11-29 07:31:30,958] INFO Reconfiguring kafka.server.DynamicLogConfig@641acb58, updated configs: Set(log.message.timestamp.type) custom configs: {} (kafka.server.DynamicBrokerConfig)
[2023-11-29 07:31:30,961] WARN [Log partition=test-0, dir=/kafka/kafka_2.12-2.0.0/logs] retention.ms for topic test is set to 604800000. It is smaller than message.timestamp.difference.max.ms's value 9223372036854775807. This may result in frequent log rolling. (kafka.log.Log)
[2023-11-29 07:31:32,052] INFO Processing notification(s) to /config/changes (kafka.common.ZkNodeChangeNotificationListener)
[2023-11-29 07:31:32,055] INFO Processing override for entityPath: brokers/<default> with config: Map(log.retention.ms -> 604800000, log.message.timestamp.type -> LogAppendTime) (kafka.server.DynamicConfigManager)
[2023-11-29 07:31:32,057] INFO KafkaConfig values: 
	advertised.host.name = null
	advertised.listeners = null
	advertised.port = null
	alter.config.policy.class.name = null
	alter.log.dirs.replication.quota.window.num = 11
	alter.log.dirs.replication.quota.window.size.seconds = 1
	authorizer.class.name = 
	auto.create.topics.enable = false
	auto.leader.rebalance.enable = true
	background.threads = 10
	broker.id = 1
	broker.id.generation.enable = true
	broker.rack = null
	client.quota.callback.class = null
	compression.type = producer
	connections.max.idle.ms = 600000
	controlled.shutdown.enable = true
	controlled.shutdown.max.retries = 3
	controlled.shutdown.retry.backoff.ms = 5000
	controller.socket.timeout.ms = 30000
	create.topic.policy.class.name = null
	default.replication.factor = 3
	delegation.token.expiry.check.interval.ms = 3600000
	delegation.token.expiry.time.ms = 86400000
	delegation.token.master.key = null
	delegation.token.max.lifetime.ms = 604800000
	delete.records.purgatory.purge.interval.requests = 1
	delete.topic.enable = true
	fetch.purgatory.purge.interval.requests = 1000
	group.initial.rebalance.delay.ms = 0
	group.max.session.timeout.ms = 300000
	group.min.session.timeout.ms = 6000
	host.name = 
	inter.broker.listener.name = null
	inter.broker.protocol.version = 2.0-IV1
	leader.imbalance.check.interval.seconds = 300
	leader.imbalance.per.broker.percentage = 10
	listener.security.protocol.map = PLAINTEXT:PLAINTEXT,SSL:SSL,SASL_PLAINTEXT:SASL_PLAINTEXT,SASL_SSL:SASL_SSL
	listeners = PLAINTEXT://10.2.0.3:9092
	log.cleaner.backoff.ms = 15000
	log.cleaner.dedupe.buffer.size = 134217728
	log.cleaner.delete.retention.ms = 86400000
	log.cleaner.enable = true
	log.cleaner.io.buffer.load.factor = 0.9
	log.cleaner.io.buffer.size = 524288
	log.cleaner.io.max.bytes.per.second = 1.7976931348623157E308
	log.cleaner.min.cleanable.ratio = 0.5
	log.cleaner.min.compaction.lag.ms = 0
	log.cleaner.threads = 1
	log.cleanup.policy = [delete]
	log.dir = /tmp/kafka-logs
	log.dirs = /kafka/kafka_2.12-2.0.0/logs
	log.flush.interval.messages = 9223372036854775807
	log.flush.interval.ms = null
	log.flush.offset.checkpoint.interval.ms = 60000
	log.flush.scheduler.interval.ms = 9223372036854775807
	log.flush.start.offset.checkpoint.interval.ms = 60000
	log.index.interval.bytes = 4096
	log.index.size.max.bytes = 10485760
	log.message.downconversion.enable = true
	log.message.format.version = 2.0-IV1
	log.message.timestamp.difference.max.ms = 9223372036854775807
	log.message.timestamp.type = LogAppendTime
	log.preallocate = false
	log.retention.bytes = -1
	log.retention.check.interval.ms = 300000
	log.retention.hours = 168
	log.retention.minutes = null
	log.retention.ms = 604800000
	log.roll.hours = 168
	log.roll.jitter.hours = 0
	log.roll.jitter.ms = null
	log.roll.ms = null
	log.segment.bytes = 1073741824
	log.segment.delete.delay.ms = 60000
	max.connections.per.ip = 2147483647
	max.connections.per.ip.overrides = 
	max.incremental.fetch.session.cache.slots = 1000
	message.max.bytes = 1000012
	metric.reporters = []
	metrics.num.samples = 2
	metrics.recording.level = INFO
	metrics.sample.window.ms = 30000
	min.insync.replicas = 3
	num.io.threads = 8
	num.network.threads = 3
	num.partitions = 1
	num.recovery.threads.per.data.dir = 1
	num.replica.alter.log.dirs.threads = null
	num.replica.fetchers = 2
	offset.metadata.max.bytes = 4096
	offsets.commit.required.acks = -1
	offsets.commit.timeout.ms = 5000
	offsets.load.buffer.size = 5242880
	offsets.retention.check.interval.ms = 600000
	offsets.retention.minutes = 10080
	offsets.topic.compression.codec = 0
	offsets.topic.num.partitions = 50
	offsets.topic.replication.factor = 1
	offsets.topic.segment.bytes = 104857600
	password.encoder.cipher.algorithm = AES/CBC/PKCS5Padding
	password.encoder.iterations = 4096
	password.encoder.key.length = 128
	password.encoder.keyfactory.algorithm = null
	password.encoder.old.secret = null
	password.encoder.secret = null
	port = 9092
	principal.builder.class = null
	producer.purgatory.purge.interval.requests = 1000
	queued.max.request.bytes = -1
	queued.max.requests = 500
	quota.consumer.default = 9223372036854775807
	quota.producer.default = 9223372036854775807
	quota.window.num = 11
	quota.window.size.seconds = 1
	replica.fetch.backoff.ms = 1000
	replica.fetch.max.bytes = 1048576
	replica.fetch.min.bytes = 1
	replica.fetch.response.max.bytes = 10485760
	replica.fetch.wait.max.ms = 500
	replica.high.watermark.checkpoint.interval.ms = 5000
	replica.lag.time.max.ms = 10000
	replica.socket.receive.buffer.bytes = 65536
	replica.socket.timeout.ms = 30000
	replication.quota.window.num = 11
	replication.quota.window.size.seconds = 1
	request.timeout.ms = 30000
	reserved.broker.max.id = 1000
	sasl.client.callback.handler.class = null
	sasl.enabled.mechanisms = [GSSAPI]
	sasl.jaas.config = null
	sasl.kerberos.kinit.cmd = /usr/bin/kinit
	sasl.kerberos.min.time.before.relogin = 60000
	sasl.kerberos.principal.to.local.rules = [DEFAULT]
	sasl.kerberos.service.name = null
	sasl.kerberos.ticket.renew.jitter = 0.05
	sasl.kerberos.ticket.renew.window.factor = 0.8
	sasl.login.callback.handler.class = null
	sasl.login.class = null
	sasl.login.refresh.buffer.seconds = 300
	sasl.login.refresh.min.period.seconds = 60
	sasl.login.refresh.window.factor = 0.8
	sasl.login.refresh.window.jitter = 0.05
	sasl.mechanism.inter.broker.protocol = GSSAPI
	sasl.server.callback.handler.class = null
	security.inter.broker.protocol = PLAINTEXT
	socket.receive.buffer.bytes = 102400
	socket.request.max.bytes = 104857600
	socket.send.buffer.bytes = 102400
	ssl.cipher.suites = []
	ssl.client.auth = none
	ssl.enabled.protocols = [TLSv1.2, TLSv1.1, TLSv1]
	ssl.endpoint.identification.algorithm = https
	ssl.key.password = null
	ssl.keymanager.algorithm = SunX509
	ssl.keystore.location = null
	ssl.keystore.password = null
	ssl.keystore.type = JKS
	ssl.protocol = TLS
	ssl.provider = null
	ssl.secure.random.implementation = null
	ssl.trustmanager.algorithm = PKIX
	ssl.truststore.location = null
	ssl.truststore.password = null
	ssl.truststore.type = JKS
	transaction.abort.timed.out.transaction.cleanup.interval.ms = 60000
	transaction.max.timeout.ms = 900000
	transaction.remove.expired.transaction.cleanup.interval.ms = 3600000
	transaction.state.log.load.buffer.size = 5242880
	transaction.state.log.min.isr = 1
	transaction.state.log.num.partitions = 50
	transaction.state.log.replication.factor = 1
	transaction.state.log.segment.bytes = 104857600
	transactional.id.expiration.ms = 604800000
	unclean.leader.election.enable = false
	zookeeper.connect = 10.2.0.4:2181,10.2.0.3:2181,10.2.0.2:2181
	zookeeper.connection.timeout.ms = 60000
	zookeeper.max.in.flight.requests = 10
	zookeeper.session.timeout.ms = 6000
	zookeeper.set.acl = false
	zookeeper.sync.time.ms = 2000
 (kafka.server.KafkaConfig)
[2023-11-29 07:31:32,058] INFO Reconfiguring kafka.server.DynamicLogConfig@641acb58, updated configs: Set(log.retention.ms) custom configs: {} (kafka.server.DynamicBrokerConfig)
[2023-11-29 07:31:32,060] WARN [Log partition=test-0, dir=/kafka/kafka_2.12-2.0.0/logs] retention.ms for topic test is set to 604800000. It is smaller than message.timestamp.difference.max.ms's value 9223372036854775807. This may result in frequent log rolling. (kafka.log.Log)
[2023-11-29 07:31:36,525] INFO [ReplicaFetcherManager on broker 1] Removed fetcher for partitions test-0 (kafka.server.ReplicaFetcherManager)
[2023-11-29 07:31:36,525] INFO [Partition test-0 broker=1] test-0 starts at Leader Epoch 1 from offset 12. Previous Leader Epoch was: 0 (kafka.cluster.Partition)
[2023-11-29 07:31:36,526] INFO [ReplicaAlterLogDirsManager on broker 1] Added fetcher for partitions List() (kafka.server.ReplicaAlterLogDirsManager)
[2023-11-29 07:31:37,306] ERROR [ReplicaManager broker=1] Error processing append operation on partition test-0 (kafka.server.ReplicaManager)
org.apache.kafka.common.errors.NotEnoughReplicasException: Number of insync replicas for partition test-0 is [2], below required minimum [3]
[2023-11-29 07:31:37,404] INFO [ReplicaAlterLogDirsManager on broker 1] Added fetcher for partitions List() (kafka.server.ReplicaAlterLogDirsManager)
[2023-11-29 07:31:38,109] ERROR [ReplicaManager broker=1] Error processing append operation on partition test-0 (kafka.server.ReplicaManager)
org.apache.kafka.common.errors.NotEnoughReplicasException: Number of insync replicas for partition test-0 is [2], below required minimum [3]
[2023-11-29 07:31:38,910] ERROR [ReplicaManager broker=1] Error processing append operation on partition test-0 (kafka.server.ReplicaManager)
org.apache.kafka.common.errors.NotEnoughReplicasException: Number of insync replicas for partition test-0 is [2], below required minimum [3]
[2023-11-29 07:31:39,713] ERROR [ReplicaManager broker=1] Error processing append operation on partition test-0 (kafka.server.ReplicaManager)
org.apache.kafka.common.errors.NotEnoughReplicasException: Number of insync replicas for partition test-0 is [2], below required minimum [3]
[2023-11-29 07:31:40,514] ERROR [ReplicaManager broker=1] Error processing append operation on partition test-0 (kafka.server.ReplicaManager)
org.apache.kafka.common.errors.NotEnoughReplicasException: Number of insync replicas for partition test-0 is [2], below required minimum [3]
[2023-11-29 07:31:41,316] ERROR [ReplicaManager broker=1] Error processing append operation on partition test-0 (kafka.server.ReplicaManager)
org.apache.kafka.common.errors.NotEnoughReplicasException: Number of insync replicas for partition test-0 is [2], below required minimum [3]
[2023-11-29 07:31:42,118] ERROR [ReplicaManager broker=1] Error processing append operation on partition test-0 (kafka.server.ReplicaManager)
org.apache.kafka.common.errors.NotEnoughReplicasException: Number of insync replicas for partition test-0 is [2], below required minimum [3]
[2023-11-29 07:31:42,920] ERROR [ReplicaManager broker=1] Error processing append operation on partition test-0 (kafka.server.ReplicaManager)
org.apache.kafka.common.errors.NotEnoughReplicasException: Number of insync replicas for partition test-0 is [2], below required minimum [3]
[2023-11-29 07:31:46,941] INFO Unable to read additional data from server sessionid 0x1000050a6090000, likely server has closed socket, closing socket connection and attempting reconnect (org.apache.zookeeper.ClientCnxn)
