/usr/lib/jvm/java-8-openjdk-amd64/bin/java -ea -Didea.test.cyclic.buffer.size=1048576 -javaagent:/home/zdc/.local/share/JetBrains/Toolbox/apps/intellij-idea-ultimate/lib/idea_rt.jar=46103:/home/zdc/.local/share/JetBrains/Toolbox/apps/intellij-idea-ultimate/bin -Dfile.encoding=UTF-8 -classpath /home/zdc/.local/share/JetBrains/Toolbox/apps/intellij-idea-ultimate/lib/idea_rt.jar:/home/zdc/.local/share/JetBrains/Toolbox/apps/intellij-idea-ultimate/plugins/junit/lib/junit5-rt.jar:/home/zdc/.local/share/JetBrains/Toolbox/apps/intellij-idea-ultimate/plugins/junit/lib/junit-rt.jar:/usr/lib/jvm/java-8-openjdk-amd64/jre/lib/charsets.jar:/usr/lib/jvm/java-8-openjdk-amd64/jre/lib/ext/cldrdata.jar:/usr/lib/jvm/java-8-openjdk-amd64/jre/lib/ext/dnsns.jar:/usr/lib/jvm/java-8-openjdk-amd64/jre/lib/ext/icedtea-sound.jar:/usr/lib/jvm/java-8-openjdk-amd64/jre/lib/ext/jaccess.jar:/usr/lib/jvm/java-8-openjdk-amd64/jre/lib/ext/java-atk-wrapper.jar:/usr/lib/jvm/java-8-openjdk-amd64/jre/lib/ext/localedata.jar:/usr/lib/jvm/java-8-openjdk-amd64/jre/lib/ext/nashorn.jar:/usr/lib/jvm/java-8-openjdk-amd64/jre/lib/ext/sunec.jar:/usr/lib/jvm/java-8-openjdk-amd64/jre/lib/ext/sunjce_provider.jar:/usr/lib/jvm/java-8-openjdk-amd64/jre/lib/ext/sunpkcs11.jar:/usr/lib/jvm/java-8-openjdk-amd64/jre/lib/ext/zipfs.jar:/usr/lib/jvm/java-8-openjdk-amd64/jre/lib/jce.jar:/usr/lib/jvm/java-8-openjdk-amd64/jre/lib/jfr.jar:/usr/lib/jvm/java-8-openjdk-amd64/jre/lib/jsse.jar:/usr/lib/jvm/java-8-openjdk-amd64/jre/lib/management-agent.jar:/usr/lib/jvm/java-8-openjdk-amd64/jre/lib/resources.jar:/usr/lib/jvm/java-8-openjdk-amd64/jre/lib/rt.jar:/home/zdc/DataLinux/code2/DisBurser_Dataset/Redit-Bug-Testcase/Activemq/Redit-Activemq-Example-5.12.0/target/classes:/home/zdc/.m2/repository/io/github/martylinzy/redit/0.1.0/redit-0.1.0.jar:/home/zdc/.m2/repository/org/slf4j/slf4j-api/1.7.25/slf4j-api-1.7.25.jar:/home/zdc/.m2/repository/commons-io/commons-io/2.6/commons-io-2.6.jar:/home/zdc/.m2/repository/org/eclipse/jetty/jetty-server/9.4.12.v20180830/jetty-server-9.4.12.v20180830.jar:/home/zdc/.m2/repository/org/eclipse/jetty/jetty-http/9.4.12.v20180830/jetty-http-9.4.12.v20180830.jar:/home/zdc/.m2/repository/org/eclipse/jetty/jetty-servlet/9.4.12.v20180830/jetty-servlet-9.4.12.v20180830.jar:/home/zdc/.m2/repository/org/eclipse/jetty/jetty-security/9.4.12.v20180830/jetty-security-9.4.12.v20180830.jar:/home/zdc/.m2/repository/org/glassfish/jersey/core/jersey-server/2.22.2/jersey-server-2.22.2.jar:/home/zdc/.m2/repository/org/glassfish/jersey/core/jersey-client/2.22.2/jersey-client-2.22.2.jar:/home/zdc/.m2/repository/javax/ws/rs/javax.ws.rs-api/2.0.1/javax.ws.rs-api-2.0.1.jar:/home/zdc/.m2/repository/org/glassfish/jersey/media/jersey-media-jaxb/2.22.2/jersey-media-jaxb-2.22.2.jar:/home/zdc/.m2/repository/javax/annotation/javax.annotation-api/1.2/javax.annotation-api-1.2.jar:/home/zdc/.m2/repository/org/glassfish/hk2/hk2-api/2.4.0-b34/hk2-api-2.4.0-b34.jar:/home/zdc/.m2/repository/org/glassfish/hk2/hk2-utils/2.4.0-b34/hk2-utils-2.4.0-b34.jar:/home/zdc/.m2/repository/org/glassfish/hk2/external/aopalliance-repackaged/2.4.0-b34/aopalliance-repackaged-2.4.0-b34.jar:/home/zdc/.m2/repository/org/glassfish/hk2/external/javax.inject/2.4.0-b34/javax.inject-2.4.0-b34.jar:/home/zdc/.m2/repository/org/glassfish/hk2/hk2-locator/2.4.0-b34/hk2-locator-2.4.0-b34.jar:/home/zdc/.m2/repository/org/javassist/javassist/3.18.1-GA/javassist-3.18.1-GA.jar:/home/zdc/.m2/repository/javax/validation/validation-api/1.1.0.Final/validation-api-1.1.0.Final.jar:/home/zdc/.m2/repository/org/glassfish/jersey/containers/jersey-container-servlet-core/2.22.2/jersey-container-servlet-core-2.22.2.jar:/home/zdc/.m2/repository/com/spotify/docker-client/8.15.1/docker-client-8.15.1-shaded.jar:/home/zdc/.m2/repository/com/google/guava/guava/20.0/guava-20.0.jar:/home/zdc/.m2/repository/com/fasterxml/jackson/jaxrs/jackson-jaxrs-json-provider/2.9.8/jackson-jaxrs-json-provider-2.9.8.jar:/home/zdc/.m2/repository/com/fasterxml/jackson/jaxrs/jackson-jaxrs-base/2.9.8/jackson-jaxrs-base-2.9.8.jar:/home/zdc/.m2/repository/com/fasterxml/jackson/module/jackson-module-jaxb-annotations/2.9.8/jackson-module-jaxb-annotations-2.9.8.jar:/home/zdc/.m2/repository/com/fasterxml/jackson/datatype/jackson-datatype-guava/2.9.8/jackson-datatype-guava-2.9.8.jar:/home/zdc/.m2/repository/com/fasterxml/jackson/core/jackson-core/2.9.8/jackson-core-2.9.8.jar:/home/zdc/.m2/repository/com/fasterxml/jackson/core/jackson-databind/2.9.8/jackson-databind-2.9.8.jar:/home/zdc/.m2/repository/org/glassfish/jersey/connectors/jersey-apache-connector/2.22.2/jersey-apache-connector-2.22.2.jar:/home/zdc/.m2/repository/org/glassfish/jersey/media/jersey-media-json-jackson/2.22.2/jersey-media-json-jackson-2.22.2.jar:/home/zdc/.m2/repository/javax/activation/activation/1.1/activation-1.1.jar:/home/zdc/.m2/repository/org/apache/commons/commons-compress/1.18/commons-compress-1.18.jar:/home/zdc/.m2/repository/org/apache/httpcomponents/httpclient/4.5/httpclient-4.5.jar:/home/zdc/.m2/repository/org/apache/httpcomponents/httpcore/4.4.5/httpcore-4.4.5.jar:/home/zdc/.m2/repository/com/github/jnr/jnr-unixsocket/0.18/jnr-unixsocket-0.18.jar:/home/zdc/.m2/repository/com/github/jnr/jnr-ffi/2.1.4/jnr-ffi-2.1.4.jar:/home/zdc/.m2/repository/com/github/jnr/jffi/1.2.15/jffi-1.2.15.jar:/home/zdc/.m2/repository/com/github/jnr/jffi/1.2.15/jffi-1.2.15-native.jar:/home/zdc/.m2/repository/org/ow2/asm/asm/5.0.3/asm-5.0.3.jar:/home/zdc/.m2/repository/org/ow2/asm/asm-commons/5.0.3/asm-commons-5.0.3.jar:/home/zdc/.m2/repository/org/ow2/asm/asm-analysis/5.0.3/asm-analysis-5.0.3.jar:/home/zdc/.m2/repository/org/ow2/asm/asm-tree/5.0.3/asm-tree-5.0.3.jar:/home/zdc/.m2/repository/org/ow2/asm/asm-util/5.0.3/asm-util-5.0.3.jar:/home/zdc/.m2/repository/com/github/jnr/jnr-x86asm/1.0.2/jnr-x86asm-1.0.2.jar:/home/zdc/.m2/repository/com/github/jnr/jnr-constants/0.9.8/jnr-constants-0.9.8.jar:/home/zdc/.m2/repository/com/github/jnr/jnr-enxio/0.16/jnr-enxio-0.16.jar:/home/zdc/.m2/repository/com/github/jnr/jnr-posix/3.0.35/jnr-posix-3.0.35.jar:/home/zdc/.m2/repository/commons-lang/commons-lang/2.6/commons-lang-2.6.jar:/home/zdc/.m2/repository/org/bouncycastle/bcpkix-jdk15on/1.60/bcpkix-jdk15on-1.60.jar:/home/zdc/.m2/repository/org/bouncycastle/bcprov-jdk15on/1.60/bcprov-jdk15on-1.60.jar:/home/zdc/.m2/repository/net/lingala/zip4j/zip4j/1.3.2/zip4j-1.3.2.jar:/home/zdc/.m2/repository/io/github/martylinzy/reditrt/0.1.0/reditrt-0.1.0.jar:/home/zdc/.m2/repository/io/redit/helpers/helper/1.0-SNAPSHOT/helper-1.0-SNAPSHOT.jar:/home/zdc/.m2/repository/org/apache/hadoop/hadoop-hdfs-client/3.3.1/hadoop-hdfs-client-3.3.1.jar:/home/zdc/.m2/repository/com/squareup/okhttp/okhttp/2.7.5/okhttp-2.7.5.jar:/home/zdc/.m2/repository/com/fasterxml/jackson/core/jackson-annotations/2.10.5/jackson-annotations-2.10.5.jar:/home/zdc/.m2/repository/org/apache/hadoop/hadoop-common/3.3.1/hadoop-common-3.3.1.jar:/home/zdc/.m2/repository/org/apache/hadoop/thirdparty/hadoop-shaded-protobuf_3_7/1.1.1/hadoop-shaded-protobuf_3_7-1.1.1.jar:/home/zdc/.m2/repository/org/apache/hadoop/hadoop-annotations/3.3.1/hadoop-annotations-3.3.1.jar:/usr/lib/jvm/java-8-openjdk-amd64/lib/tools.jar:/home/zdc/.m2/repository/org/apache/hadoop/thirdparty/hadoop-shaded-guava/1.1.1/hadoop-shaded-guava-1.1.1.jar:/home/zdc/.m2/repository/commons-cli/commons-cli/1.2/commons-cli-1.2.jar:/home/zdc/.m2/repository/org/apache/commons/commons-math3/3.1.1/commons-math3-3.1.1.jar:/home/zdc/.m2/repository/commons-codec/commons-codec/1.11/commons-codec-1.11.jar:/home/zdc/.m2/repository/commons-net/commons-net/3.6/commons-net-3.6.jar:/home/zdc/.m2/repository/commons-collections/commons-collections/3.2.2/commons-collections-3.2.2.jar:/home/zdc/.m2/repository/jakarta/activation/jakarta.activation-api/1.2.1/jakarta.activation-api-1.2.1.jar:/home/zdc/.m2/repository/org/eclipse/jetty/jetty-webapp/9.4.40.v20210413/jetty-webapp-9.4.40.v20210413.jar:/home/zdc/.m2/repository/org/eclipse/jetty/jetty-xml/9.4.40.v20210413/jetty-xml-9.4.40.v20210413.jar:/home/zdc/.m2/repository/javax/servlet/jsp/jsp-api/2.1/jsp-api-2.1.jar:/home/zdc/.m2/repository/com/sun/jersey/jersey-core/1.19/jersey-core-1.19.jar:/home/zdc/.m2/repository/javax/ws/rs/jsr311-api/1.1.1/jsr311-api-1.1.1.jar:/home/zdc/.m2/repository/com/sun/jersey/jersey-servlet/1.19/jersey-servlet-1.19.jar:/home/zdc/.m2/repository/com/sun/jersey/jersey-json/1.19/jersey-json-1.19.jar:/home/zdc/.m2/repository/org/codehaus/jettison/jettison/1.1/jettison-1.1.jar:/home/zdc/.m2/repository/com/sun/xml/bind/jaxb-impl/2.2.3-1/jaxb-impl-2.2.3-1.jar:/home/zdc/.m2/repository/org/codehaus/jackson/jackson-core-asl/1.9.2/jackson-core-asl-1.9.2.jar:/home/zdc/.m2/repository/org/codehaus/jackson/jackson-mapper-asl/1.9.2/jackson-mapper-asl-1.9.2.jar:/home/zdc/.m2/repository/org/codehaus/jackson/jackson-jaxrs/1.9.2/jackson-jaxrs-1.9.2.jar:/home/zdc/.m2/repository/org/codehaus/jackson/jackson-xc/1.9.2/jackson-xc-1.9.2.jar:/home/zdc/.m2/repository/com/sun/jersey/jersey-server/1.19/jersey-server-1.19.jar:/home/zdc/.m2/repository/commons-logging/commons-logging/1.1.3/commons-logging-1.1.3.jar:/home/zdc/.m2/repository/log4j/log4j/1.2.17/log4j-1.2.17.jar:/home/zdc/.m2/repository/commons-beanutils/commons-beanutils/1.9.4/commons-beanutils-1.9.4.jar:/home/zdc/.m2/repository/org/apache/commons/commons-configuration2/2.1.1/commons-configuration2-2.1.1.jar:/home/zdc/.m2/repository/org/apache/commons/commons-lang3/3.7/commons-lang3-3.7.jar:/home/zdc/.m2/repository/org/apache/commons/commons-text/1.4/commons-text-1.4.jar:/home/zdc/.m2/repository/org/apache/avro/avro/1.7.7/avro-1.7.7.jar:/home/zdc/.m2/repository/com/thoughtworks/paranamer/paranamer/2.3/paranamer-2.3.jar:/home/zdc/.m2/repository/com/google/re2j/re2j/1.1/re2j-1.1.jar:/home/zdc/.m2/repository/com/google/protobuf/protobuf-java/2.5.0/protobuf-java-2.5.0.jar:/home/zdc/.m2/repository/com/google/code/gson/gson/2.2.4/gson-2.2.4.jar:/home/zdc/.m2/repository/org/apache/hadoop/hadoop-auth/3.3.1/hadoop-auth-3.3.1.jar:/home/zdc/.m2/repository/com/nimbusds/nimbus-jose-jwt/9.8.1/nimbus-jose-jwt-9.8.1.jar:/home/zdc/.m2/repository/com/github/stephenc/jcip/jcip-annotations/1.0-1/jcip-annotations-1.0-1.jar:/home/zdc/.m2/repository/net/minidev/json-smart/2.4.2/json-smart-2.4.2.jar:/home/zdc/.m2/repository/net/minidev/accessors-smart/2.4.2/accessors-smart-2.4.2.jar:/home/zdc/.m2/repository/org/apache/curator/curator-framework/4.2.0/curator-framework-4.2.0.jar:/home/zdc/.m2/repository/org/apache/kerby/kerb-simplekdc/1.0.1/kerb-simplekdc-1.0.1.jar:/home/zdc/.m2/repository/org/apache/kerby/kerb-client/1.0.1/kerb-client-1.0.1.jar:/home/zdc/.m2/repository/org/apache/kerby/kerby-config/1.0.1/kerby-config-1.0.1.jar:/home/zdc/.m2/repository/org/apache/kerby/kerb-common/1.0.1/kerb-common-1.0.1.jar:/home/zdc/.m2/repository/org/apache/kerby/kerb-crypto/1.0.1/kerb-crypto-1.0.1.jar:/home/zdc/.m2/repository/org/apache/kerby/kerb-util/1.0.1/kerb-util-1.0.1.jar:/home/zdc/.m2/repository/org/apache/kerby/token-provider/1.0.1/token-provider-1.0.1.jar:/home/zdc/.m2/repository/org/apache/kerby/kerb-admin/1.0.1/kerb-admin-1.0.1.jar:/home/zdc/.m2/repository/org/apache/kerby/kerb-server/1.0.1/kerb-server-1.0.1.jar:/home/zdc/.m2/repository/org/apache/kerby/kerb-identity/1.0.1/kerb-identity-1.0.1.jar:/home/zdc/.m2/repository/org/apache/kerby/kerby-xdr/1.0.1/kerby-xdr-1.0.1.jar:/home/zdc/.m2/repository/com/jcraft/jsch/0.1.55/jsch-0.1.55.jar:/home/zdc/.m2/repository/org/apache/curator/curator-client/4.2.0/curator-client-4.2.0.jar:/home/zdc/.m2/repository/org/apache/curator/curator-recipes/4.2.0/curator-recipes-4.2.0.jar:/home/zdc/.m2/repository/com/google/code/findbugs/jsr305/3.0.2/jsr305-3.0.2.jar:/home/zdc/.m2/repository/org/apache/htrace/htrace-core4/4.1.0-incubating/htrace-core4-4.1.0-incubating.jar:/home/zdc/.m2/repository/org/apache/zookeeper/zookeeper/3.5.6/zookeeper-3.5.6.jar:/home/zdc/.m2/repository/org/apache/zookeeper/zookeeper-jute/3.5.6/zookeeper-jute-3.5.6.jar:/home/zdc/.m2/repository/org/apache/yetus/audience-annotations/0.5.0/audience-annotations-0.5.0.jar:/home/zdc/.m2/repository/io/netty/netty-handler/4.1.42.Final/netty-handler-4.1.42.Final.jar:/home/zdc/.m2/repository/io/netty/netty-common/4.1.42.Final/netty-common-4.1.42.Final.jar:/home/zdc/.m2/repository/io/netty/netty-buffer/4.1.42.Final/netty-buffer-4.1.42.Final.jar:/home/zdc/.m2/repository/io/netty/netty-transport/4.1.42.Final/netty-transport-4.1.42.Final.jar:/home/zdc/.m2/repository/io/netty/netty-resolver/4.1.42.Final/netty-resolver-4.1.42.Final.jar:/home/zdc/.m2/repository/io/netty/netty-codec/4.1.42.Final/netty-codec-4.1.42.Final.jar:/home/zdc/.m2/repository/io/netty/netty-transport-native-epoll/4.1.42.Final/netty-transport-native-epoll-4.1.42.Final.jar:/home/zdc/.m2/repository/io/netty/netty-transport-native-unix-common/4.1.42.Final/netty-transport-native-unix-common-4.1.42.Final.jar:/home/zdc/.m2/repository/org/apache/kerby/kerb-core/1.0.1/kerb-core-1.0.1.jar:/home/zdc/.m2/repository/org/apache/kerby/kerby-pkix/1.0.1/kerby-pkix-1.0.1.jar:/home/zdc/.m2/repository/org/apache/kerby/kerby-asn1/1.0.1/kerby-asn1-1.0.1.jar:/home/zdc/.m2/repository/org/apache/kerby/kerby-util/1.0.1/kerby-util-1.0.1.jar:/home/zdc/.m2/repository/org/codehaus/woodstox/stax2-api/4.2.1/stax2-api-4.2.1.jar:/home/zdc/.m2/repository/com/fasterxml/woodstox/woodstox-core/5.3.0/woodstox-core-5.3.0.jar:/home/zdc/.m2/repository/dnsjava/dnsjava/2.1.7/dnsjava-2.1.7.jar:/home/zdc/.m2/repository/org/xerial/snappy/snappy-java/1.1.8.2/snappy-java-1.1.8.2.jar:/home/zdc/.m2/repository/junit/junit/4.12/junit-4.12.jar:/home/zdc/.m2/repository/org/hamcrest/hamcrest-core/1.3/hamcrest-core-1.3.jar:/home/zdc/.m2/repository/ch/qos/logback/logback-classic/1.2.3/logback-classic-1.2.3.jar:/home/zdc/.m2/repository/ch/qos/logback/logback-core/1.2.3/logback-core-1.2.3.jar:/home/zdc/.m2/repository/javax/servlet/javax.servlet-api/4.0.1/javax.servlet-api-4.0.1.jar:/home/zdc/.m2/repository/org/glassfish/jersey/media/jersey-media-moxy/2.25.1/jersey-media-moxy-2.25.1.jar:/home/zdc/.m2/repository/org/glassfish/jersey/core/jersey-common/2.25.1/jersey-common-2.25.1.jar:/home/zdc/.m2/repository/org/glassfish/jersey/bundles/repackaged/jersey-guava/2.25.1/jersey-guava-2.25.1.jar:/home/zdc/.m2/repository/org/glassfish/hk2/osgi-resource-locator/1.0.1/osgi-resource-locator-1.0.1.jar:/home/zdc/.m2/repository/org/glassfish/jersey/ext/jersey-entity-filtering/2.25.1/jersey-entity-filtering-2.25.1.jar:/home/zdc/.m2/repository/org/eclipse/persistence/org.eclipse.persistence.moxy/2.6.0/org.eclipse.persistence.moxy-2.6.0.jar:/home/zdc/.m2/repository/org/eclipse/persistence/org.eclipse.persistence.core/2.6.0/org.eclipse.persistence.core-2.6.0.jar:/home/zdc/.m2/repository/org/eclipse/persistence/org.eclipse.persistence.asm/2.6.0/org.eclipse.persistence.asm-2.6.0.jar:/home/zdc/.m2/repository/org/glassfish/javax.json/1.0.4/javax.json-1.0.4.jar:/home/zdc/.m2/repository/org/eclipse/persistence/javax.persistence/2.0.0/javax.persistence-2.0.0.jar:/home/zdc/.m2/repository/javax/xml/bind/jaxb-api/2.3.1/jaxb-api-2.3.1.jar:/home/zdc/.m2/repository/javax/activation/javax.activation-api/1.2.0/javax.activation-api-1.2.0.jar:/home/zdc/.m2/repository/com/squareup/okhttp3/okhttp/3.10.0/okhttp-3.10.0.jar:/home/zdc/.m2/repository/com/squareup/okio/okio/1.14.0/okio-1.14.0.jar:/home/zdc/.m2/repository/org/eclipse/jetty/jetty-util/9.4.12.v20180830/jetty-util-9.4.12.v20180830.jar:/home/zdc/.m2/repository/org/eclipse/jetty/jetty-io/9.4.12.v20180830/jetty-io-9.4.12.v20180830.jar:/home/zdc/.m2/repository/org/aspectj/aspectjrt/1.9.6/aspectjrt-1.9.6.jar:/home/zdc/.m2/repository/org/apache/activemq/activemq-client/5.12.0/activemq-client-5.12.0.jar:/home/zdc/.m2/repository/org/apache/geronimo/specs/geronimo-jms_1.1_spec/1.1.1/geronimo-jms_1.1_spec-1.1.1.jar:/home/zdc/.m2/repository/org/fusesource/hawtbuf/hawtbuf/1.11/hawtbuf-1.11.jar:/home/zdc/.m2/repository/org/apache/geronimo/specs/geronimo-j2ee-management_1.1_spec/1.0.1/geronimo-j2ee-management_1.1_spec-1.0.1.jar com.intellij.rt.junit.JUnitStarter -ideVersion5 -junit4 io.redit.samples.activemqexample.SampleTest
23:18:45,673 |-INFO in ch.qos.logback.classic.LoggerContext[default] - Could NOT find resource [logback-test.xml]
23:18:45,673 |-INFO in ch.qos.logback.classic.LoggerContext[default] - Could NOT find resource [logback.groovy]
23:18:45,673 |-INFO in ch.qos.logback.classic.LoggerContext[default] - Found resource [logback.xml] at [file:/home/zdc/DataLinux/code2/DisBurser_Dataset/Redit-Bug-Testcase/Activemq/Redit-Activemq-Example-5.12.0/target/classes/logback.xml]
23:18:45,699 |-INFO in ch.qos.logback.classic.joran.action.ConfigurationAction - debug attribute not set
23:18:45,700 |-INFO in ch.qos.logback.core.joran.action.AppenderAction - About to instantiate appender of type [ch.qos.logback.core.ConsoleAppender]
23:18:45,703 |-INFO in ch.qos.logback.core.joran.action.AppenderAction - Naming appender as [Console]
23:18:45,722 |-WARN in ch.qos.logback.core.ConsoleAppender[Console] - This appender no longer admits a layout as a sub-component, set an encoder instead.
23:18:45,722 |-WARN in ch.qos.logback.core.ConsoleAppender[Console] - To ensure compatibility, wrapping your layout in LayoutWrappingEncoder.
23:18:45,722 |-WARN in ch.qos.logback.core.ConsoleAppender[Console] - See also http://logback.qos.ch/codes.html#layoutInsteadOfEncoder for details
23:18:45,722 |-INFO in ch.qos.logback.classic.joran.action.LoggerAction - Setting level of logger [io.redit] to DEBUG
23:18:45,722 |-INFO in ch.qos.logback.classic.joran.action.LoggerAction - Setting level of logger [org.apache.activemq] to DEBUG
23:18:45,722 |-INFO in ch.qos.logback.classic.joran.action.RootLoggerAction - Setting level of ROOT logger to INFO
23:18:45,722 |-INFO in ch.qos.logback.core.joran.action.AppenderRefAction - Attaching appender named [Console] to Logger[ROOT]
23:18:45,723 |-INFO in ch.qos.logback.classic.joran.action.ConfigurationAction - End of configuration.
23:18:45,723 |-INFO in ch.qos.logback.classic.joran.JoranConfigurator@3224f60b - Registering current configuration as safe fallback point

23:18:45.729 [main] WARN  io.redit.dsl.entities.Deployment - The node server1 is being redefined in the deployment definition!
23:18:45.730 [main] WARN  io.redit.dsl.entities.Deployment - The node server2 is being redefined in the deployment definition!
23:18:45.730 [main] WARN  io.redit.dsl.entities.Deployment - The node server1 is being redefined in the deployment definition!
23:18:45.730 [main] INFO  io.redit.ReditRunner - Starting ReditRunner ...
23:18:45.732 [main] INFO  io.redit.ReditRunner - Verifying the deployment definition ...
23:18:45.732 [main] INFO  io.redit.ReditRunner - Creating the nodes' workspaces ...
23:18:45.732 [main] INFO  io.redit.workspace.WorkspaceManager - Creating the working directory at /home/zdc/DataLinux/code2/DisBurser_Dataset/Redit-Bug-Testcase/Activemq/Redit-Activemq-Example-5.12.0/.ReditWorkingDirectory/sample-activemq_2023-十一月-01_23-18-45-731
23:18:46.557 [main] INFO  io.redit.workspace.WorkspaceManager - Creating workspace for node server2
23:18:46.582 [main] INFO  io.redit.workspace.WorkspaceManager - Creating workspace for node server1
23:18:46.583 [main] INFO  io.redit.ReditRunner - Starting the instrumentation process ...
23:18:46.584 [main] INFO  io.redit.ReditRunner - Instrumenting using io.redit.instrumentation.runseq.RunSequenceInstrumentationEngine
23:18:46.584 [main] INFO  io.redit.ReditRunner - Instrumentation process is completed!
23:18:46.584 [main] INFO  io.redit.ReditRunner - Starting the runtime engine ...
23:18:46.599 [main] INFO  org.eclipse.jetty.util.log - Logging initialized @1047ms to org.eclipse.jetty.util.log.Slf4jLog
23:18:46.633 [main] INFO  io.redit.execution.RuntimeEngine - Starting event server ...
23:18:46.634 [main] INFO  org.eclipse.jetty.server.Server - jetty-9.4.12.v20180830; built: 2018-08-30T13:59:14.071Z; git: 27208684755d94a92186989f695db2d7b21ebc51; jvm 1.8.0_382-8u382-ga-1~22.04.1-b05
23:18:46.655 [main] INFO  org.eclipse.jetty.server.session - DefaultSessionIdManager workerName=node0
23:18:46.655 [main] INFO  org.eclipse.jetty.server.session - No SessionScavenger set, using defaults
23:18:46.656 [main] INFO  org.eclipse.jetty.server.session - node0 Scavenging every 600000ms
23:18:46.900 [main] INFO  o.e.j.server.handler.ContextHandler - Started o.e.j.s.ServletContextHandler@68ad99fe{/,null,AVAILABLE}
23:18:46.906 [main] INFO  o.e.jetty.server.AbstractConnector - Started ServerConnector@5733f295{HTTP/1.1,[http/1.1]}{0.0.0.0:35437}
23:18:46.906 [main] INFO  org.eclipse.jetty.server.Server - Started @1354ms
23:18:46.907 [main] INFO  io.redit.execution.RuntimeEngine - Starting nodes ...
23:18:47.064 [main] INFO  i.r.e.s.SingleNodeRuntimeEngine - Building docker images ...
23:18:47.064 [main] INFO  i.r.e.s.SingleNodeRuntimeEngine - Building docker image `mengpo1106/redit` for service activemq ...
log4j:WARN No appenders could be found for logger (com.spotify.docker.client.shaded.org.apache.http.client.protocol.RequestAddCookies).
log4j:WARN Please initialize the log4j system properly.
log4j:WARN See http://logging.apache.org/log4j/1.2/faq.html#noconfig for more info.
23:18:47.367 [pool-4-thread-1] INFO  c.s.d.client.LoggingBuildHandler - build: ProgressMessage{id=null, status=null, stream=Step 1/3 : FROM openjdk:8-stretch, error=null, progress=null, progressDetail=null}
23:18:47.368 [pool-4-thread-1] INFO  c.s.d.client.LoggingBuildHandler - build: ProgressMessage{id=null, status=null, stream=
, error=null, progress=null, progressDetail=null}
23:18:47.368 [pool-4-thread-1] INFO  c.s.d.client.LoggingBuildHandler - build: ProgressMessage{id=null, status=null, stream= ---> 0bfcee65c8ca
, error=null, progress=null, progressDetail=null}
23:18:47.368 [pool-4-thread-1] INFO  c.s.d.client.LoggingBuildHandler - build: ProgressMessage{id=null, status=null, stream=Step 2/3 : RUN echo "deb http://archive.debian.org/debian stretch main contrib non-free" > /etc/apt/sources.list, error=null, progress=null, progressDetail=null}
23:18:47.368 [pool-4-thread-1] INFO  c.s.d.client.LoggingBuildHandler - build: ProgressMessage{id=null, status=null, stream=
, error=null, progress=null, progressDetail=null}
23:18:47.368 [pool-4-thread-1] INFO  c.s.d.client.LoggingBuildHandler - build: ProgressMessage{id=null, status=null, stream= ---> Using cache
, error=null, progress=null, progressDetail=null}
23:18:47.368 [pool-4-thread-1] INFO  c.s.d.client.LoggingBuildHandler - build: ProgressMessage{id=null, status=null, stream= ---> 17d8fc1928e0
, error=null, progress=null, progressDetail=null}
23:18:47.368 [pool-4-thread-1] INFO  c.s.d.client.LoggingBuildHandler - build: ProgressMessage{id=null, status=null, stream=Step 3/3 : RUN apt update && apt install -y iptables iproute2 python libjemalloc1, error=null, progress=null, progressDetail=null}
23:18:47.368 [pool-4-thread-1] INFO  c.s.d.client.LoggingBuildHandler - build: ProgressMessage{id=null, status=null, stream=
, error=null, progress=null, progressDetail=null}
23:18:47.368 [pool-4-thread-1] INFO  c.s.d.client.LoggingBuildHandler - build: ProgressMessage{id=null, status=null, stream= ---> Using cache
, error=null, progress=null, progressDetail=null}
23:18:47.368 [pool-4-thread-1] INFO  c.s.d.client.LoggingBuildHandler - build: ProgressMessage{id=null, status=null, stream= ---> fed2c1b61931
, error=null, progress=null, progressDetail=null}
23:18:47.369 [pool-4-thread-1] INFO  c.s.d.client.LoggingBuildHandler - build: ProgressMessage{id=null, status=null, stream=null, error=null, progress=null, progressDetail=null}
23:18:47.370 [pool-4-thread-1] INFO  c.s.d.client.LoggingBuildHandler - build: ProgressMessage{id=null, status=null, stream=Successfully built fed2c1b61931
, error=null, progress=null, progressDetail=null}
23:18:47.370 [pool-4-thread-1] INFO  c.s.d.client.LoggingBuildHandler - build: ProgressMessage{id=null, status=null, stream=Successfully tagged mengpo1106/redit:latest
, error=null, progress=null, progressDetail=null}
23:18:47.370 [main] INFO  i.r.e.s.SingleNodeRuntimeEngine - Building docker image `mengpo1106/redit` for service server ...
23:18:47.378 [pool-5-thread-1] INFO  c.s.d.client.LoggingBuildHandler - build: ProgressMessage{id=null, status=null, stream=Step 1/3 : FROM openjdk:8-stretch, error=null, progress=null, progressDetail=null}
23:18:47.379 [pool-5-thread-1] INFO  c.s.d.client.LoggingBuildHandler - build: ProgressMessage{id=null, status=null, stream=
, error=null, progress=null, progressDetail=null}
23:18:47.379 [pool-5-thread-1] INFO  c.s.d.client.LoggingBuildHandler - build: ProgressMessage{id=null, status=null, stream= ---> 0bfcee65c8ca
, error=null, progress=null, progressDetail=null}
23:18:47.379 [pool-5-thread-1] INFO  c.s.d.client.LoggingBuildHandler - build: ProgressMessage{id=null, status=null, stream=Step 2/3 : RUN echo "deb http://archive.debian.org/debian stretch main contrib non-free" > /etc/apt/sources.list, error=null, progress=null, progressDetail=null}
23:18:47.379 [pool-5-thread-1] INFO  c.s.d.client.LoggingBuildHandler - build: ProgressMessage{id=null, status=null, stream=
, error=null, progress=null, progressDetail=null}
23:18:47.379 [pool-5-thread-1] INFO  c.s.d.client.LoggingBuildHandler - build: ProgressMessage{id=null, status=null, stream= ---> Using cache
, error=null, progress=null, progressDetail=null}
23:18:47.379 [pool-5-thread-1] INFO  c.s.d.client.LoggingBuildHandler - build: ProgressMessage{id=null, status=null, stream= ---> 17d8fc1928e0
, error=null, progress=null, progressDetail=null}
23:18:47.379 [pool-5-thread-1] INFO  c.s.d.client.LoggingBuildHandler - build: ProgressMessage{id=null, status=null, stream=Step 3/3 : RUN apt update && apt install -y iptables iproute2 python libjemalloc1, error=null, progress=null, progressDetail=null}
23:18:47.379 [pool-5-thread-1] INFO  c.s.d.client.LoggingBuildHandler - build: ProgressMessage{id=null, status=null, stream=
, error=null, progress=null, progressDetail=null}
23:18:47.379 [pool-5-thread-1] INFO  c.s.d.client.LoggingBuildHandler - build: ProgressMessage{id=null, status=null, stream= ---> Using cache
, error=null, progress=null, progressDetail=null}
23:18:47.379 [pool-5-thread-1] INFO  c.s.d.client.LoggingBuildHandler - build: ProgressMessage{id=null, status=null, stream= ---> fed2c1b61931
, error=null, progress=null, progressDetail=null}
23:18:47.379 [pool-5-thread-1] INFO  c.s.d.client.LoggingBuildHandler - build: ProgressMessage{id=null, status=null, stream=null, error=null, progress=null, progressDetail=null}
23:18:47.379 [pool-5-thread-1] INFO  c.s.d.client.LoggingBuildHandler - build: ProgressMessage{id=null, status=null, stream=Successfully built fed2c1b61931
, error=null, progress=null, progressDetail=null}
23:18:47.380 [pool-5-thread-1] INFO  c.s.d.client.LoggingBuildHandler - build: ProgressMessage{id=null, status=null, stream=Successfully tagged mengpo1106/redit:latest
, error=null, progress=null, progressDetail=null}
23:18:47.472 [main] INFO  i.r.e.s.DockerNetworkManager - Docker network 3de4c6d3be40a2a29300a392aec30c5354e9eee6860838eaf0fe6f37af4a9b65 is created!
23:18:47.472 [main] INFO  i.r.e.s.DockerNetworkManager - Gateway is 10.2.0.1
23:18:47.472 [main] INFO  i.r.e.s.DockerNetworkManager - Subnet is 10.2.0.0/16
23:18:47.474 [main] INFO  i.r.e.s.SingleNodeRuntimeEngine - Creating a container for each of the nodes ...
23:18:47.560 [main] INFO  i.r.e.s.SingleNodeRuntimeEngine - Container a0a8adb03fde7e047ec81b09a322565534e0d62e3060714e48ca52d067144fde for node server2 is created!
23:18:47.560 [main] INFO  i.r.e.s.SingleNodeRuntimeEngine - Skipping node server2 on startup since it is off!
23:18:47.578 [main] INFO  i.r.e.s.SingleNodeRuntimeEngine - Container 7ffd800ea3eedd2b0054e7ddaad7b50a2b375d9074c90b65de91eb4c1816081e for node server1 is created!
23:18:47.578 [main] INFO  i.r.e.s.SingleNodeRuntimeEngine - Skipping node server1 on startup since it is off!
23:18:47.578 [main] INFO  i.r.e.s.SingleNodeRuntimeEngine - Node server2 ip address is: 10.2.0.2
23:18:47.578 [main] INFO  i.r.e.s.SingleNodeRuntimeEngine - Node server1 ip address is: 10.2.0.3
23:18:47.578 [main] INFO  i.r.e.s.SingleNodeRuntimeEngine - Starting node server1 ...
23:18:47.578 [main] INFO  c.s.d.client.DefaultDockerClient - Starting container with Id: 7ffd800ea3eedd2b0054e7ddaad7b50a2b375d9074c90b65de91eb4c1816081e
23:18:47.866 [main] INFO  i.r.e.s.SingleNodeRuntimeEngine - Node server1 is started!
23:18:48.867 [main] INFO  i.r.e.s.SingleNodeRuntimeEngine - Starting node server2 ...
23:18:48.867 [main] INFO  c.s.d.client.DefaultDockerClient - Starting container with Id: a0a8adb03fde7e047ec81b09a322565534e0d62e3060714e48ca52d067144fde
23:18:49.172 [main] INFO  i.r.e.s.SingleNodeRuntimeEngine - Node server2 is started!
23:18:50.356 [main] INFO  i.r.s.activemqexample.SampleTest - server1 startServer...
23:18:50.394 [main] INFO  i.r.s.activemqexample.SampleTest - server2 startServer...
23:18:55.528 [main] INFO  i.r.s.activemqexample.SampleTest - server1 checkServer...
23:18:55.646 [main] INFO  i.r.s.activemqexample.SampleTest - server1: cd /activemq/apache-activemq-5.12.0 && bin/activemq status
23:18:55.646 [main] INFO  i.r.s.activemqexample.SampleTest - Result output:
INFO: Using default configuration
      Configurations are loaded in the following order: /etc/default/activemq /root/.activemqrc /activemq/apache-activemq-5.12.0//bin/env

INFO: Using java '/usr/local/openjdk-8/bin/java'
ActiveMQ is running (pid '54')

23:18:55.646 [main] INFO  i.r.s.activemqexample.SampleTest - server2 checkServer...
23:18:55.759 [main] INFO  i.r.s.activemqexample.SampleTest - server2: cd /activemq/apache-activemq-5.12.0 && bin/activemq status
23:18:55.759 [main] INFO  i.r.s.activemqexample.SampleTest - Result output:
INFO: Using default configuration
      Configurations are loaded in the following order: /etc/default/activemq /root/.activemqrc /activemq/apache-activemq-5.12.0//bin/env

INFO: Using java '/usr/local/openjdk-8/bin/java'
ActiveMQ is running (pid '52')

23:18:55.760 [main] INFO  io.redit.execution.RuntimeEngine - Waiting for event E1 ...
23:18:55.806 [main] INFO  i.r.s.activemqexample.SampleTest - create ActiveMQConnectionFactory ...
23:18:55.817 [main] INFO  io.redit.execution.RuntimeEngine - Sending test case event E1 ...
23:18:56.000 [qtp741669172-22] INFO  io.redit.execution.EventService - Event E1 received!
23:18:56.001 [main] INFO  io.redit.execution.RuntimeEngine - Waiting for event E2 ...
23:18:56.124 [main] DEBUG o.a.a.transport.WireFormatNegotiator - Sending: WireFormatInfo { version=11, properties={TcpNoDelayEnabled=true, SizePrefixDisabled=false, CacheSize=1024, StackTraceEnabled=true, CacheEnabled=true, TightEncodingEnabled=true, MaxFrameSize=9223372036854775807, Host=10.2.0.3, MaxInactivityDuration=30000, MaxInactivityDurationInitalDelay=10000}, magic=[A,c,t,i,v,e,M,Q]}
23:18:56.126 [ActiveMQ Transport: tcp:///10.2.0.3:61616@58556] DEBUG o.a.a.transport.InactivityMonitor - Using min of local: WireFormatInfo { version=11, properties={TcpNoDelayEnabled=true, SizePrefixDisabled=false, CacheSize=1024, StackTraceEnabled=true, CacheEnabled=true, TightEncodingEnabled=true, MaxFrameSize=9223372036854775807, Host=10.2.0.3, MaxInactivityDuration=30000, MaxInactivityDurationInitalDelay=10000}, magic=[A,c,t,i,v,e,M,Q]} and remote: WireFormatInfo { version=11, properties={TcpNoDelayEnabled=true, SizePrefixDisabled=false, CacheSize=1024, StackTraceEnabled=true, CacheEnabled=true, TightEncodingEnabled=true, MaxFrameSize=104857600, MaxInactivityDuration=30000, MaxInactivityDurationInitalDelay=10000}, magic=[A,c,t,i,v,e,M,Q]}
23:18:56.126 [ActiveMQ Transport: tcp:///10.2.0.3:61616@58556] DEBUG o.a.a.transport.WireFormatNegotiator - Received WireFormat: WireFormatInfo { version=11, properties={TcpNoDelayEnabled=true, SizePrefixDisabled=false, CacheSize=1024, StackTraceEnabled=true, CacheEnabled=true, TightEncodingEnabled=true, MaxFrameSize=104857600, MaxInactivityDuration=30000, MaxInactivityDurationInitalDelay=10000}, magic=[A,c,t,i,v,e,M,Q]}
23:18:56.126 [ActiveMQ Transport: tcp:///10.2.0.3:61616@58556] DEBUG o.a.a.transport.WireFormatNegotiator - tcp:///10.2.0.3:61616@58556 before negotiation: OpenWireFormat{version=11, cacheEnabled=false, stackTraceEnabled=false, tightEncodingEnabled=false, sizePrefixDisabled=false, maxFrameSize=9223372036854775807}
23:18:56.126 [ActiveMQ Transport: tcp:///10.2.0.3:61616@58556] DEBUG o.a.a.transport.WireFormatNegotiator - tcp:///10.2.0.3:61616@58556 after negotiation: OpenWireFormat{version=11, cacheEnabled=true, stackTraceEnabled=true, tightEncodingEnabled=true, sizePrefixDisabled=false, maxFrameSize=104857600}
23:18:58.190 [main] DEBUG o.a.a.thread.TaskRunnerFactory - Initialized TaskRunnerFactory[ActiveMQ Session Task] using ExecutorService: java.util.concurrent.ThreadPoolExecutor@1a891add[Running, pool size = 0, active threads = 0, queued tasks = 0, completed tasks = 0]
23:18:58.367 [main] INFO  i.r.s.activemqexample.SampleTest - DLQ QueueSize: 1
23:18:58.368 [main] DEBUG o.a.activemq.ActiveMQMessageConsumer - remove: ID:zdc-pc-linux-34847-1698851936021-1:1:1:1, lastDeliveredSequenceId: -1
23:18:58.372 [main] DEBUG o.a.activemq.util.ThreadPoolUtils - Shutdown of ExecutorService: java.util.concurrent.ThreadPoolExecutor@1a891add[Terminated, pool size = 0, active threads = 0, queued tasks = 0, completed tasks = 1] is shutdown: true and terminated: true took: 0.000 seconds.
23:18:58.372 [main] DEBUG o.a.activemq.util.ThreadPoolUtils - Shutdown of ExecutorService: java.util.concurrent.ThreadPoolExecutor@aaee2a2[Terminated, pool size = 0, active threads = 0, queued tasks = 0, completed tasks = 0] is shutdown: true and terminated: true took: 0.000 seconds.
23:18:58.373 [main] DEBUG o.a.a.transport.tcp.TcpTransport - Stopping transport tcp:///10.2.0.3:61616@58556
23:18:58.373 [main] DEBUG o.a.a.thread.TaskRunnerFactory - Initialized TaskRunnerFactory[ActiveMQ Task] using ExecutorService: java.util.concurrent.ThreadPoolExecutor@75769ab0[Running, pool size = 0, active threads = 0, queued tasks = 0, completed tasks = 0]
23:18:58.373 [ActiveMQ Task-1] DEBUG o.a.a.transport.tcp.TcpTransport - Closed socket Socket[addr=/10.2.0.3,port=61616,localport=58556]
23:18:58.373 [main] DEBUG o.a.activemq.util.ThreadPoolUtils - Forcing shutdown of ExecutorService: java.util.concurrent.ThreadPoolExecutor@75769ab0[Running, pool size = 1, active threads = 0, queued tasks = 0, completed tasks = 1]
23:18:58.373 [main] INFO  io.redit.execution.RuntimeEngine - Sending test case event E2 ...
23:18:58.379 [qtp741669172-33] INFO  io.redit.execution.EventService - Event E2 received!
23:18:58.379 [main] INFO  io.redit.execution.RuntimeEngine - Waiting for event X1 ...
23:18:58.380 [main] INFO  i.r.e.s.SingleNodeRuntimeEngine - Restarting node server1 ...
23:19:08.942 [main] INFO  i.r.e.s.SingleNodeRuntimeEngine - Node server1 is restarted!
23:19:13.942 [main] INFO  i.r.s.activemqexample.SampleTest - server1 startServer...
23:19:19.035 [main] INFO  i.r.s.activemqexample.SampleTest - server1 checkServer...
23:19:19.136 [main] INFO  i.r.s.activemqexample.SampleTest - server1: cd /activemq/apache-activemq-5.12.0 && bin/activemq status
23:19:19.136 [main] INFO  i.r.s.activemqexample.SampleTest - Result output:
INFO: Using default configuration
      Configurations are loaded in the following order: /etc/default/activemq /root/.activemqrc /activemq/apache-activemq-5.12.0//bin/env

INFO: Using java '/usr/local/openjdk-8/bin/java'
ActiveMQ is running (pid '55')

23:19:19.136 [main] INFO  io.redit.execution.RuntimeEngine - Sending test case event X1 ...
23:19:19.141 [qtp741669172-24] INFO  io.redit.execution.EventService - Event X1 received!
23:19:19.141 [main] INFO  io.redit.execution.RuntimeEngine - Waiting for event E3 ...
23:19:19.143 [main] DEBUG o.a.a.transport.WireFormatNegotiator - Sending: WireFormatInfo { version=11, properties={TcpNoDelayEnabled=true, SizePrefixDisabled=false, CacheSize=1024, StackTraceEnabled=true, CacheEnabled=true, TightEncodingEnabled=true, MaxFrameSize=9223372036854775807, Host=10.2.0.3, MaxInactivityDuration=30000, MaxInactivityDurationInitalDelay=10000}, magic=[A,c,t,i,v,e,M,Q]}
23:19:19.143 [ActiveMQ Transport: tcp:///10.2.0.3:61616@59864] DEBUG o.a.a.transport.InactivityMonitor - Using min of local: WireFormatInfo { version=11, properties={TcpNoDelayEnabled=true, SizePrefixDisabled=false, CacheSize=1024, StackTraceEnabled=true, CacheEnabled=true, TightEncodingEnabled=true, MaxFrameSize=9223372036854775807, Host=10.2.0.3, MaxInactivityDuration=30000, MaxInactivityDurationInitalDelay=10000}, magic=[A,c,t,i,v,e,M,Q]} and remote: WireFormatInfo { version=11, properties={TcpNoDelayEnabled=true, SizePrefixDisabled=false, CacheSize=1024, StackTraceEnabled=true, CacheEnabled=true, TightEncodingEnabled=true, MaxFrameSize=104857600, MaxInactivityDuration=30000, MaxInactivityDurationInitalDelay=10000}, magic=[A,c,t,i,v,e,M,Q]}
23:19:19.144 [ActiveMQ Transport: tcp:///10.2.0.3:61616@59864] DEBUG o.a.a.transport.WireFormatNegotiator - Received WireFormat: WireFormatInfo { version=11, properties={TcpNoDelayEnabled=true, SizePrefixDisabled=false, CacheSize=1024, StackTraceEnabled=true, CacheEnabled=true, TightEncodingEnabled=true, MaxFrameSize=104857600, MaxInactivityDuration=30000, MaxInactivityDurationInitalDelay=10000}, magic=[A,c,t,i,v,e,M,Q]}
23:19:19.144 [ActiveMQ Transport: tcp:///10.2.0.3:61616@59864] DEBUG o.a.a.transport.WireFormatNegotiator - tcp:///10.2.0.3:61616@59864 before negotiation: OpenWireFormat{version=11, cacheEnabled=false, stackTraceEnabled=false, tightEncodingEnabled=false, sizePrefixDisabled=false, maxFrameSize=9223372036854775807}
23:19:19.144 [ActiveMQ Transport: tcp:///10.2.0.3:61616@59864] DEBUG o.a.a.transport.WireFormatNegotiator - tcp:///10.2.0.3:61616@59864 after negotiation: OpenWireFormat{version=11, cacheEnabled=true, stackTraceEnabled=true, tightEncodingEnabled=true, sizePrefixDisabled=false, maxFrameSize=104857600}
23:19:19.149 [main] DEBUG o.a.a.thread.TaskRunnerFactory - Initialized TaskRunnerFactory[ActiveMQ Session Task] using ExecutorService: java.util.concurrent.ThreadPoolExecutor@664e5dee[Running, pool size = 0, active threads = 0, queued tasks = 0, completed tasks = 0]
23:19:19.305 [main] INFO  i.r.s.activemqexample.SampleTest - DLQ QueueSize: 0
23:19:20.305 [main] DEBUG o.a.activemq.ActiveMQMessageConsumer - remove: ID:zdc-pc-linux-34847-1698851936021-1:2:1:1, lastDeliveredSequenceId: -1
23:19:20.308 [main] DEBUG o.a.activemq.util.ThreadPoolUtils - Shutdown of ExecutorService: java.util.concurrent.ThreadPoolExecutor@664e5dee[Terminated, pool size = 0, active threads = 0, queued tasks = 0, completed tasks = 1] is shutdown: true and terminated: false took: 0.000 seconds.
23:19:20.308 [main] DEBUG o.a.activemq.util.ThreadPoolUtils - Shutdown of ExecutorService: java.util.concurrent.ThreadPoolExecutor@58ec7116[Terminated, pool size = 0, active threads = 0, queued tasks = 0, completed tasks = 0] is shutdown: true and terminated: true took: 0.000 seconds.
23:19:20.308 [main] DEBUG o.a.a.transport.tcp.TcpTransport - Stopping transport tcp:///10.2.0.3:61616@59864
23:19:20.308 [main] DEBUG o.a.a.thread.TaskRunnerFactory - Initialized TaskRunnerFactory[ActiveMQ Task] using ExecutorService: java.util.concurrent.ThreadPoolExecutor@63bde6c2[Running, pool size = 0, active threads = 0, queued tasks = 0, completed tasks = 0]
23:19:20.309 [ActiveMQ Task-1] DEBUG o.a.a.transport.tcp.TcpTransport - Closed socket Socket[addr=/10.2.0.3,port=61616,localport=59864]
23:19:20.309 [main] DEBUG o.a.activemq.util.ThreadPoolUtils - Forcing shutdown of ExecutorService: java.util.concurrent.ThreadPoolExecutor@63bde6c2[Running, pool size = 1, active threads = 0, queued tasks = 0, completed tasks = 1]
23:19:20.309 [main] INFO  io.redit.execution.RuntimeEngine - Sending test case event E3 ...
23:19:20.313 [qtp741669172-25] INFO  io.redit.execution.EventService - Event E3 received!
23:19:20.314 [main] INFO  i.r.s.activemqexample.SampleTest - completed !!!
23:19:20.314 [main] INFO  io.redit.ReditRunner - Stopping ReditRunner ...
23:19:20.314 [main] INFO  io.redit.execution.RuntimeEngine - Stopping the runtime engine ...
23:19:20.314 [main] INFO  io.redit.execution.RuntimeEngine - Stopping nodes ...
23:19:20.314 [main] INFO  i.r.e.s.SingleNodeRuntimeEngine - Stopping containers ...
23:19:20.314 [main] INFO  i.r.e.s.SingleNodeRuntimeEngine - Killing node server2 ...
23:19:20.528 [main] INFO  i.r.e.s.SingleNodeRuntimeEngine - Node server2 is killed!
23:19:20.528 [main] INFO  i.r.e.s.SingleNodeRuntimeEngine - Removing container for node server2 ...
23:19:20.536 [main] INFO  i.r.e.s.SingleNodeRuntimeEngine - Node server2 container is removed!
23:19:20.536 [main] INFO  i.r.e.s.SingleNodeRuntimeEngine - Killing node server1 ...
23:19:20.740 [main] INFO  i.r.e.s.SingleNodeRuntimeEngine - Node server1 is killed!
23:19:20.740 [main] INFO  i.r.e.s.SingleNodeRuntimeEngine - Removing container for node server1 ...
23:19:20.748 [main] INFO  i.r.e.s.SingleNodeRuntimeEngine - Node server1 container is removed!
23:19:20.748 [main] INFO  i.r.e.s.SingleNodeRuntimeEngine - Deleting docker network 3de4c6d3be40a2a29300a392aec30c5354e9eee6860838eaf0fe6f37af4a9b65 ...
23:19:21.039 [main] INFO  i.r.e.s.SingleNodeRuntimeEngine - Docker network is deleted successfully!
23:19:21.039 [main] INFO  io.redit.execution.RuntimeEngine - Stopping event server ...
23:19:21.043 [main] INFO  o.e.jetty.server.AbstractConnector - Stopped ServerConnector@5733f295{HTTP/1.1,[http/1.1]}{0.0.0.0:0}
23:19:21.043 [main] INFO  org.eclipse.jetty.server.session - node0 Stopped scavenging
23:19:21.045 [main] INFO  o.e.j.server.handler.ContextHandler - Stopped o.e.j.s.ServletContextHandler@68ad99fe{/,null,UNAVAILABLE}

Process finished with exit code 0
