20:37:26.004 [main] INFO  io.redit.execution.RuntimeEngine - Waiting for event E1 ...
20:37:26.073 [main] INFO  i.r.s.activemqexample.SampleTest - create ActiveMQConnectionFactory ...
20:37:26.084 [main] INFO  io.redit.execution.RuntimeEngine - Sending test case event E1 ...
20:37:26.272 [qtp2104028992-22] INFO  io.redit.execution.EventService - Event E1 received!
20:37:26.272 [main] INFO  io.redit.execution.RuntimeEngine - Waiting for event E2 ...
20:37:26.273 [main] INFO  i.r.s.activemqexample.SampleTest - create a producer and send a message ...
20:37:26.396 [main] DEBUG o.a.a.transport.WireFormatNegotiator - Sending: WireFormatInfo { version=12, properties={StackTraceEnabled=true, PlatformDetails=JVM: 1.8.0_382, 25.382-b05, Private Build, OS: Linux, 6.2.0-36-generic, amd64, CacheEnabled=true, Host=10.2.0.3, TcpNoDelayEnabled=true, SizePrefixDisabled=false, CacheSize=1024, ProviderName=ActiveMQ, TightEncodingEnabled=true, MaxFrameSize=9223372036854775807, MaxInactivityDuration=30000, MaxInactivityDurationInitalDelay=10000, ProviderVersion=5.15.0}, magic=[A,c,t,i,v,e,M,Q]}
20:37:26.399 [ActiveMQ Transport: tcp:///10.2.0.3:61616@38746] DEBUG o.a.a.transport.InactivityMonitor - Using min of local: WireFormatInfo { version=12, properties={StackTraceEnabled=true, PlatformDetails=JVM: 1.8.0_382, 25.382-b05, Private Build, OS: Linux, 6.2.0-36-generic, amd64, CacheEnabled=true, Host=10.2.0.3, TcpNoDelayEnabled=true, SizePrefixDisabled=false, CacheSize=1024, ProviderName=ActiveMQ, TightEncodingEnabled=true, MaxFrameSize=9223372036854775807, MaxInactivityDuration=30000, MaxInactivityDurationInitalDelay=10000, ProviderVersion=5.15.0}, magic=[A,c,t,i,v,e,M,Q]} and remote: WireFormatInfo { version=12, properties={TcpNoDelayEnabled=true, SizePrefixDisabled=false, CacheSize=1024, ProviderName=ActiveMQ, StackTraceEnabled=true, PlatformDetails=Java, CacheEnabled=true, TightEncodingEnabled=true, MaxFrameSize=104857600, MaxInactivityDuration=30000, MaxInactivityDurationInitalDelay=10000, ProviderVersion=5.15.9}, magic=[A,c,t,i,v,e,M,Q]}
20:37:26.399 [ActiveMQ Transport: tcp:///10.2.0.3:61616@38746] DEBUG o.a.a.transport.WireFormatNegotiator - Received WireFormat: WireFormatInfo { version=12, properties={TcpNoDelayEnabled=true, SizePrefixDisabled=false, CacheSize=1024, ProviderName=ActiveMQ, StackTraceEnabled=true, PlatformDetails=Java, CacheEnabled=true, TightEncodingEnabled=true, MaxFrameSize=104857600, MaxInactivityDuration=30000, MaxInactivityDurationInitalDelay=10000, ProviderVersion=5.15.9}, magic=[A,c,t,i,v,e,M,Q]}
20:37:26.399 [ActiveMQ Transport: tcp:///10.2.0.3:61616@38746] DEBUG o.a.a.transport.WireFormatNegotiator - tcp:///10.2.0.3:61616@38746 before negotiation: OpenWireFormat{version=12, cacheEnabled=false, stackTraceEnabled=false, tightEncodingEnabled=false, sizePrefixDisabled=false, maxFrameSize=9223372036854775807}
20:37:26.399 [ActiveMQ Transport: tcp:///10.2.0.3:61616@38746] DEBUG o.a.a.transport.WireFormatNegotiator - tcp:///10.2.0.3:61616@38746 after negotiation: OpenWireFormat{version=12, cacheEnabled=true, stackTraceEnabled=true, tightEncodingEnabled=true, sizePrefixDisabled=false, maxFrameSize=104857600}
20:37:26.459 [ActiveMQ Transport: tcp:///10.2.0.3:61616@38746] DEBUG o.a.activemq.util.ThreadPoolUtils - Shutdown of ExecutorService: java.util.concurrent.ThreadPoolExecutor@2958092d[Terminated, pool size = 0, active threads = 0, queued tasks = 0, completed tasks = 0] is shutdown: true and terminated: true took: 0.000 seconds.
20:37:26.459 [main] DEBUG o.a.activemq.util.ThreadPoolUtils - Shutdown of ExecutorService: java.util.concurrent.ThreadPoolExecutor@34819867[Terminated, pool size = 0, active threads = 0, queued tasks = 0, completed tasks = 0] is shutdown: true and terminated: true took: 0.000 seconds.
20:37:26.460 [main] DEBUG o.a.a.transport.tcp.TcpTransport - Stopping transport tcp:///10.2.0.3:61616@38746
20:37:26.461 [main] DEBUG o.a.a.thread.TaskRunnerFactory - Initialized TaskRunnerFactory[ActiveMQ Task] using ExecutorService: java.util.concurrent.ThreadPoolExecutor@7dff6d05[Running, pool size = 0, active threads = 0, queued tasks = 0, completed tasks = 0]
20:37:26.461 [ActiveMQ Task-1] DEBUG o.a.a.transport.tcp.TcpTransport - Closed socket Socket[addr=/10.2.0.3,port=61616,localport=38746]
20:37:26.461 [main] DEBUG o.a.activemq.util.ThreadPoolUtils - Forcing shutdown of ExecutorService: java.util.concurrent.ThreadPoolExecutor@7dff6d05[Running, pool size = 1, active threads = 0, queued tasks = 0, completed tasks = 1]
20:37:27.462 [main] INFO  io.redit.execution.RuntimeEngine - Sending test case event E2 ...
20:37:27.466 [qtp2104028992-33] INFO  io.redit.execution.EventService - Event E2 received!
20:37:27.467 [main] INFO  io.redit.execution.RuntimeEngine - Waiting for event E3 ...
20:37:27.468 [main] INFO  i.r.s.activemqexample.SampleTest - receive message via stomp ...
20:37:27.496 [main] INFO  i.r.s.activemqexample.SampleTest - received frame:
CONNECTED
server:ActiveMQ/5.15.9
heart-beat:0,0
session:test-client
version:1.1



20:37:27.635 [main] INFO  i.r.s.activemqexample.SampleTest - queue test-queue size: 2
20:37:27.690 [main] INFO  i.r.s.activemqexample.SampleTest - received frame:
MESSAGE
expires:0
destination:/queue/test-queue
subscription:12345
priority:4
message-id:ID:zdc-pc-linux-34221-1698928646293-1:1:1:1:1
persistent:true
timestamp:1698928646448

Message 1

20:37:27.690 [main] INFO  i.r.s.activemqexample.SampleTest - received frame:
MESSAGE
expires:0
destination:/queue/test-queue
subscription:12345
priority:4
message-id:ID:zdc-pc-linux-34221-1698928646293-1:1:1:1:2
persistent:true
timestamp:1698928646454

Message 2

20:37:28.298 [main] INFO  i.r.s.activemqexample.SampleTest - received frame:

RECEIPT
receipt-id:1



20:37:29.379 [main] INFO  i.r.s.activemqexample.SampleTest - queue test-queue size: 0
20:37:29.381 [main] INFO  i.r.s.activemqexample.SampleTest - received frame:
RECEIPT
receipt-id:1



20:37:29.381 [main] INFO  io.redit.execution.RuntimeEngine - Sending test case event E3 ...
20:37:29.386 [qtp2104028992-23] INFO  io.redit.execution.EventService - Event E3 received!
20:37:29.387 [main] INFO  i.r.s.activemqexample.SampleTest - completed !!!
