Configured Capacity: 528108675072 (491.84 GB)
Present Capacity: 150013603840 (139.71 GB)
DFS Remaining: 150013530112 (139.71 GB)
DFS Used: 73728 (72 KB)
DFS Used%: 0.00%
Under replicated blocks: 0
Blocks with corrupt replicas: 0
Missing blocks: 0
Missing blocks (with replication factor 1): 0

-------------------------------------------------
Live datanodes (3):

Name: 10.2.0.4:50010 (redit_sample-hdfs_dn1_1700227298.redit_sample-hdfs_1700227298)
Hostname: dn1
Decommission Status : Normal
Configured Capacity: 176036225024 (163.95 GB)
DFS Used: 24576 (24 KB)
Non DFS Used: 126031675392 (117.38 GB)
DFS Remaining: 50004525056 (46.57 GB)
DFS Used%: 0.00%
DFS Remaining%: 28.41%
Configured Cache Capacity: 0 (0 B)
Cache Used: 0 (0 B)
Cache Remaining: 0 (0 B)
Cache Used%: 100.00%
Cache Remaining%: 0.00%
Xceivers: 1
Last contact: Fri Nov 17 13:22:00 UTC 2023


Name: 10.2.0.5:50010 (redit_sample-hdfs_dn3_1700227298.redit_sample-hdfs_1700227298)
Hostname: dn3
Decommission Status : Normal
Configured Capacity: 176036225024 (163.95 GB)
DFS Used: 24576 (24 KB)
Non DFS Used: 126031679488 (117.38 GB)
DFS Remaining: 50004520960 (46.57 GB)
DFS Used%: 0.00%
DFS Remaining%: 28.41%
Configured Cache Capacity: 0 (0 B)
Cache Used: 0 (0 B)
Cache Remaining: 0 (0 B)
Cache Used%: 100.00%
Cache Remaining%: 0.00%
Xceivers: 1
Last contact: Fri Nov 17 13:22:01 UTC 2023


Name: 10.2.0.6:50010 (redit_sample-hdfs_dn2_1700227298.redit_sample-hdfs_1700227298)
Hostname: dn2
Decommission Status : Normal
Configured Capacity: 176036225024 (163.95 GB)
DFS Used: 24576 (24 KB)
Non DFS Used: 126031716352 (117.38 GB)
DFS Remaining: 50004484096 (46.57 GB)
DFS Used%: 0.00%
DFS Remaining%: 28.41%
Configured Cache Capacity: 0 (0 B)
Cache Used: 0 (0 B)
Cache Remaining: 0 (0 B)
Cache Used%: 100.00%
Cache Remaining%: 0.00%
Xceivers: 1
Last contact: Fri Nov 17 13:22:01 UTC 2023


Configured Capacity: 528108675072 (491.84 GB)
Present Capacity: 150013227008 (139.71 GB)
DFS Remaining: 150013153280 (139.71 GB)
DFS Used: 73728 (72 KB)
DFS Used%: 0.00%
Under replicated blocks: 0
Blocks with corrupt replicas: 0
Missing blocks: 0
Missing blocks (with replication factor 1): 0

-------------------------------------------------
Live datanodes (2):

Name: 10.2.0.4:50010 (redit_sample-hdfs_dn1_1700227298.redit_sample-hdfs_1700227298)
Hostname: dn1
Decommission Status : Normal
Configured Capacity: 176036225024 (163.95 GB)
DFS Used: 24576 (24 KB)
Non DFS Used: 126031867904 (117.38 GB)
DFS Remaining: 50004332544 (46.57 GB)
DFS Used%: 0.00%
DFS Remaining%: 28.41%
Configured Cache Capacity: 0 (0 B)
Cache Used: 0 (0 B)
Cache Remaining: 0 (0 B)
Cache Used%: 100.00%
Cache Remaining%: 0.00%
Xceivers: 1
Last contact: Fri Nov 17 13:22:12 UTC 2023


Name: 10.2.0.6:50010 (redit_sample-hdfs_dn2_1700227298.redit_sample-hdfs_1700227298)
Hostname: dn2
Decommission Status : Normal
Configured Capacity: 176036225024 (163.95 GB)
DFS Used: 24576 (24 KB)
Non DFS Used: 126031900672 (117.38 GB)
DFS Remaining: 50004299776 (46.57 GB)
DFS Used%: 0.00%
DFS Remaining%: 28.41%
Configured Cache Capacity: 0 (0 B)
Cache Used: 0 (0 B)
Cache Remaining: 0 (0 B)
Cache Used%: 100.00%
Cache Remaining%: 0.00%
Xceivers: 1
Last contact: Fri Nov 17 13:22:13 UTC 2023


