2023-11-22 07:30:27,356 INFO org.apache.hadoop.hdfs.server.namenode.NameNode: STARTUP_MSG: 
/************************************************************
STARTUP_MSG: Starting NameNode
STARTUP_MSG:   host = nn1/10.2.0.2
STARTUP_MSG:   args = []
STARTUP_MSG:   version = 3.3.0
STARTUP_MSG:   classpath = /hadoop/hadoop-3.3.0/etc/hadoop:/hadoop/hadoop-3.3.0/share/hadoop/common/lib/guava-27.0-jre.jar:/hadoop/hadoop-3.3.0/share/hadoop/common/lib/woodstox-core-5.0.3.jar:/hadoop/hadoop-3.3.0/share/hadoop/common/lib/jersey-json-1.19.jar:/hadoop/hadoop-3.3.0/share/hadoop/common/lib/kerby-config-1.0.1.jar:/hadoop/hadoop-3.3.0/share/hadoop/common/lib/kerb-identity-1.0.1.jar:/hadoop/hadoop-3.3.0/share/hadoop/common/lib/token-provider-1.0.1.jar:/hadoop/hadoop-3.3.0/share/hadoop/common/lib/jsp-api-2.1.jar:/hadoop/hadoop-3.3.0/share/hadoop/common/lib/kerby-xdr-1.0.1.jar:/hadoop/hadoop-3.3.0/share/hadoop/common/lib/zookeeper-3.5.6.jar:/hadoop/hadoop-3.3.0/share/hadoop/common/lib/slf4j-api-1.7.25.jar:/hadoop/hadoop-3.3.0/share/hadoop/common/lib/commons-collections-3.2.2.jar:/hadoop/hadoop-3.3.0/share/hadoop/common/lib/zookeeper-jute-3.5.6.jar:/hadoop/hadoop-3.3.0/share/hadoop/common/lib/commons-io-2.5.jar:/hadoop/hadoop-3.3.0/share/hadoop/common/lib/jettison-1.1.jar:/hadoop/hadoop-3.3.0/share/hadoop/common/lib/slf4j-log4j12-1.7.25.jar:/hadoop/hadoop-3.3.0/share/hadoop/common/lib/failureaccess-1.0.jar:/hadoop/hadoop-3.3.0/share/hadoop/common/lib/log4j-1.2.17.jar:/hadoop/hadoop-3.3.0/share/hadoop/common/lib/asm-5.0.4.jar:/hadoop/hadoop-3.3.0/share/hadoop/common/lib/metrics-core-3.2.4.jar:/hadoop/hadoop-3.3.0/share/hadoop/common/lib/avro-1.7.7.jar:/hadoop/hadoop-3.3.0/share/hadoop/common/lib/jetty-webapp-9.4.20.v20190813.jar:/hadoop/hadoop-3.3.0/share/hadoop/common/lib/jersey-servlet-1.19.jar:/hadoop/hadoop-3.3.0/share/hadoop/common/lib/commons-daemon-1.0.13.jar:/hadoop/hadoop-3.3.0/share/hadoop/common/lib/jackson-xc-1.9.13.jar:/hadoop/hadoop-3.3.0/share/hadoop/common/lib/dnsjava-2.1.7.jar:/hadoop/hadoop-3.3.0/share/hadoop/common/lib/commons-cli-1.2.jar:/hadoop/hadoop-3.3.0/share/hadoop/common/lib/jersey-server-1.19.jar:/hadoop/hadoop-3.3.0/share/hadoop/common/lib/commons-text-1.4.jar:/hadoop/hadoop-3.3.0/share/hadoop/common/lib/jackson-core-asl-1.9.13.jar:/hadoop/hadoop-3.3.0/share/hadoop/common/lib/httpclient-4.5.6.jar:/hadoop/hadoop-3.3.0/share/hadoop/common/lib/paranamer-2.3.jar:/hadoop/hadoop-3.3.0/share/hadoop/common/lib/curator-recipes-4.2.0.jar:/hadoop/hadoop-3.3.0/share/hadoop/common/lib/accessors-smart-1.2.jar:/hadoop/hadoop-3.3.0/share/hadoop/common/lib/checker-qual-2.5.2.jar:/hadoop/hadoop-3.3.0/share/hadoop/common/lib/listenablefuture-9999.0-empty-to-avoid-conflict-with-guava.jar:/hadoop/hadoop-3.3.0/share/hadoop/common/lib/animal-sniffer-annotations-1.17.jar:/hadoop/hadoop-3.3.0/share/hadoop/common/lib/jackson-databind-2.10.3.jar:/hadoop/hadoop-3.3.0/share/hadoop/common/lib/commons-codec-1.11.jar:/hadoop/hadoop-3.3.0/share/hadoop/common/lib/kerb-simplekdc-1.0.1.jar:/hadoop/hadoop-3.3.0/share/hadoop/common/lib/httpcore-4.4.10.jar:/hadoop/hadoop-3.3.0/share/hadoop/common/lib/kerb-common-1.0.1.jar:/hadoop/hadoop-3.3.0/share/hadoop/common/lib/nimbus-jose-jwt-7.9.jar:/hadoop/hadoop-3.3.0/share/hadoop/common/lib/jersey-core-1.19.jar:/hadoop/hadoop-3.3.0/share/hadoop/common/lib/jackson-core-2.10.3.jar:/hadoop/hadoop-3.3.0/share/hadoop/common/lib/jetty-io-9.4.20.v20190813.jar:/hadoop/hadoop-3.3.0/share/hadoop/common/lib/kerb-crypto-1.0.1.jar:/hadoop/hadoop-3.3.0/share/hadoop/common/lib/kerb-admin-1.0.1.jar:/hadoop/hadoop-3.3.0/share/hadoop/common/lib/kerb-server-1.0.1.jar:/hadoop/hadoop-3.3.0/share/hadoop/common/lib/jsr311-api-1.1.1.jar:/hadoop/hadoop-3.3.0/share/hadoop/common/lib/commons-beanutils-1.9.4.jar:/hadoop/hadoop-3.3.0/share/hadoop/common/lib/kerby-pkix-1.0.1.jar:/hadoop/hadoop-3.3.0/share/hadoop/common/lib/commons-logging-1.1.3.jar:/hadoop/hadoop-3.3.0/share/hadoop/common/lib/jackson-mapper-asl-1.9.13.jar:/hadoop/hadoop-3.3.0/share/hadoop/common/lib/jaxb-api-2.2.11.jar:/hadoop/hadoop-3.3.0/share/hadoop/common/lib/gson-2.2.4.jar:/hadoop/hadoop-3.3.0/share/hadoop/common/lib/commons-lang3-3.7.jar:/hadoop/hadoop-3.3.0/share/hadoop/common/lib/curator-framework-4.2.0.jar:/hadoop/hadoop-3.3.0/share/hadoop/common/lib/jackson-jaxrs-1.9.13.jar:/hadoop/hadoop-3.3.0/share/hadoop/common/lib/jackson-annotations-2.10.3.jar:/hadoop/hadoop-3.3.0/share/hadoop/common/lib/audience-annotations-0.5.0.jar:/hadoop/hadoop-3.3.0/share/hadoop/common/lib/commons-net-3.6.jar:/hadoop/hadoop-3.3.0/share/hadoop/common/lib/jetty-http-9.4.20.v20190813.jar:/hadoop/hadoop-3.3.0/share/hadoop/common/lib/kerb-util-1.0.1.jar:/hadoop/hadoop-3.3.0/share/hadoop/common/lib/jetty-util-9.4.20.v20190813.jar:/hadoop/hadoop-3.3.0/share/hadoop/common/lib/commons-configuration2-2.1.1.jar:/hadoop/hadoop-3.3.0/share/hadoop/common/lib/protobuf-java-2.5.0.jar:/hadoop/hadoop-3.3.0/share/hadoop/common/lib/jaxb-impl-2.2.3-1.jar:/hadoop/hadoop-3.3.0/share/hadoop/common/lib/commons-compress-1.19.jar:/hadoop/hadoop-3.3.0/share/hadoop/common/lib/curator-client-4.2.0.jar:/hadoop/hadoop-3.3.0/share/hadoop/common/lib/jsch-0.1.55.jar:/hadoop/hadoop-3.3.0/share/hadoop/common/lib/j2objc-annotations-1.1.jar:/hadoop/hadoop-3.3.0/share/hadoop/common/lib/re2j-1.1.jar:/hadoop/hadoop-3.3.0/share/hadoop/common/lib/jetty-xml-9.4.20.v20190813.jar:/hadoop/hadoop-3.3.0/share/hadoop/common/lib/hadoop-annotations-3.3.0.jar:/hadoop/hadoop-3.3.0/share/hadoop/common/lib/json-smart-2.3.jar:/hadoop/hadoop-3.3.0/share/hadoop/common/lib/kerby-asn1-1.0.1.jar:/hadoop/hadoop-3.3.0/share/hadoop/common/lib/jcip-annotations-1.0-1.jar:/hadoop/hadoop-3.3.0/share/hadoop/common/lib/htrace-core4-4.1.0-incubating.jar:/hadoop/hadoop-3.3.0/share/hadoop/common/lib/javax.activation-api-1.2.0.jar:/hadoop/hadoop-3.3.0/share/hadoop/common/lib/hadoop-auth-3.3.0.jar:/hadoop/hadoop-3.3.0/share/hadoop/common/lib/jul-to-slf4j-1.7.25.jar:/hadoop/hadoop-3.3.0/share/hadoop/common/lib/jetty-security-9.4.20.v20190813.jar:/hadoop/hadoop-3.3.0/share/hadoop/common/lib/snappy-java-1.0.5.jar:/hadoop/hadoop-3.3.0/share/hadoop/common/lib/jetty-server-9.4.20.v20190813.jar:/hadoop/hadoop-3.3.0/share/hadoop/common/lib/kerb-core-1.0.1.jar:/hadoop/hadoop-3.3.0/share/hadoop/common/lib/kerby-util-1.0.1.jar:/hadoop/hadoop-3.3.0/share/hadoop/common/lib/netty-3.10.6.Final.jar:/hadoop/hadoop-3.3.0/share/hadoop/common/lib/kerb-client-1.0.1.jar:/hadoop/hadoop-3.3.0/share/hadoop/common/lib/stax2-api-3.1.4.jar:/hadoop/hadoop-3.3.0/share/hadoop/common/lib/jetty-servlet-9.4.20.v20190813.jar:/hadoop/hadoop-3.3.0/share/hadoop/common/lib/javax.servlet-api-3.1.0.jar:/hadoop/hadoop-3.3.0/share/hadoop/common/lib/commons-math3-3.1.1.jar:/hadoop/hadoop-3.3.0/share/hadoop/common/lib/hadoop-shaded-protobuf_3_7-1.0.0.jar:/hadoop/hadoop-3.3.0/share/hadoop/common/lib/jsr305-3.0.2.jar:/hadoop/hadoop-3.3.0/share/hadoop/common/hadoop-kms-3.3.0.jar:/hadoop/hadoop-3.3.0/share/hadoop/common/hadoop-common-3.3.0-tests.jar:/hadoop/hadoop-3.3.0/share/hadoop/common/hadoop-common-3.3.0.jar:/hadoop/hadoop-3.3.0/share/hadoop/common/reditrt-0.1.0.jar:/hadoop/hadoop-3.3.0/share/hadoop/common/aspectjrt-1.9.6.jar:/hadoop/hadoop-3.3.0/share/hadoop/common/hadoop-registry-3.3.0.jar:/hadoop/hadoop-3.3.0/share/hadoop/common/hadoop-nfs-3.3.0.jar:/hadoop/hadoop-3.3.0/share/hadoop/hdfs:/hadoop/hadoop-3.3.0/share/hadoop/hdfs/lib/guava-27.0-jre.jar:/hadoop/hadoop-3.3.0/share/hadoop/hdfs/lib/woodstox-core-5.0.3.jar:/hadoop/hadoop-3.3.0/share/hadoop/hdfs/lib/jersey-json-1.19.jar:/hadoop/hadoop-3.3.0/share/hadoop/hdfs/lib/kerby-config-1.0.1.jar:/hadoop/hadoop-3.3.0/share/hadoop/hdfs/lib/leveldbjni-all-1.8.jar:/hadoop/hadoop-3.3.0/share/hadoop/hdfs/lib/kerb-identity-1.0.1.jar:/hadoop/hadoop-3.3.0/share/hadoop/hdfs/lib/token-provider-1.0.1.jar:/hadoop/hadoop-3.3.0/share/hadoop/hdfs/lib/kerby-xdr-1.0.1.jar:/hadoop/hadoop-3.3.0/share/hadoop/hdfs/lib/zookeeper-3.5.6.jar:/hadoop/hadoop-3.3.0/share/hadoop/hdfs/lib/commons-collections-3.2.2.jar:/hadoop/hadoop-3.3.0/share/hadoop/hdfs/lib/zookeeper-jute-3.5.6.jar:/hadoop/hadoop-3.3.0/share/hadoop/hdfs/lib/commons-io-2.5.jar:/hadoop/hadoop-3.3.0/share/hadoop/hdfs/lib/jettison-1.1.jar:/hadoop/hadoop-3.3.0/share/hadoop/hdfs/lib/failureaccess-1.0.jar:/hadoop/hadoop-3.3.0/share/hadoop/hdfs/lib/log4j-1.2.17.jar:/hadoop/hadoop-3.3.0/share/hadoop/hdfs/lib/jetty-util-ajax-9.4.20.v20190813.jar:/hadoop/hadoop-3.3.0/share/hadoop/hdfs/lib/asm-5.0.4.jar:/hadoop/hadoop-3.3.0/share/hadoop/hdfs/lib/avro-1.7.7.jar:/hadoop/hadoop-3.3.0/share/hadoop/hdfs/lib/netty-all-4.1.50.Final.jar:/hadoop/hadoop-3.3.0/share/hadoop/hdfs/lib/jetty-webapp-9.4.20.v20190813.jar:/hadoop/hadoop-3.3.0/share/hadoop/hdfs/lib/jersey-servlet-1.19.jar:/hadoop/hadoop-3.3.0/share/hadoop/hdfs/lib/json-simple-1.1.1.jar:/hadoop/hadoop-3.3.0/share/hadoop/hdfs/lib/commons-daemon-1.0.13.jar:/hadoop/hadoop-3.3.0/share/hadoop/hdfs/lib/jackson-xc-1.9.13.jar:/hadoop/hadoop-3.3.0/share/hadoop/hdfs/lib/dnsjava-2.1.7.jar:/hadoop/hadoop-3.3.0/share/hadoop/hdfs/lib/commons-cli-1.2.jar:/hadoop/hadoop-3.3.0/share/hadoop/hdfs/lib/jersey-server-1.19.jar:/hadoop/hadoop-3.3.0/share/hadoop/hdfs/lib/commons-text-1.4.jar:/hadoop/hadoop-3.3.0/share/hadoop/hdfs/lib/jackson-core-asl-1.9.13.jar:/hadoop/hadoop-3.3.0/share/hadoop/hdfs/lib/httpclient-4.5.6.jar:/hadoop/hadoop-3.3.0/share/hadoop/hdfs/lib/paranamer-2.3.jar:/hadoop/hadoop-3.3.0/share/hadoop/hdfs/lib/curator-recipes-4.2.0.jar:/hadoop/hadoop-3.3.0/share/hadoop/hdfs/lib/accessors-smart-1.2.jar:/hadoop/hadoop-3.3.0/share/hadoop/hdfs/lib/checker-qual-2.5.2.jar:/hadoop/hadoop-3.3.0/share/hadoop/hdfs/lib/listenablefuture-9999.0-empty-to-avoid-conflict-with-guava.jar:/hadoop/hadoop-3.3.0/share/hadoop/hdfs/lib/animal-sniffer-annotations-1.17.jar:/hadoop/hadoop-3.3.0/share/hadoop/hdfs/lib/jackson-databind-2.10.3.jar:/hadoop/hadoop-3.3.0/share/hadoop/hdfs/lib/commons-codec-1.11.jar:/hadoop/hadoop-3.3.0/share/hadoop/hdfs/lib/kerb-simplekdc-1.0.1.jar:/hadoop/hadoop-3.3.0/share/hadoop/hdfs/lib/httpcore-4.4.10.jar:/hadoop/hadoop-3.3.0/share/hadoop/hdfs/lib/kerb-common-1.0.1.jar:/hadoop/hadoop-3.3.0/share/hadoop/hdfs/lib/nimbus-jose-jwt-7.9.jar:/hadoop/hadoop-3.3.0/share/hadoop/hdfs/lib/jersey-core-1.19.jar:/hadoop/hadoop-3.3.0/share/hadoop/hdfs/lib/jackson-core-2.10.3.jar:/hadoop/hadoop-3.3.0/share/hadoop/hdfs/lib/jetty-io-9.4.20.v20190813.jar:/hadoop/hadoop-3.3.0/share/hadoop/hdfs/lib/kerb-crypto-1.0.1.jar:/hadoop/hadoop-3.3.0/share/hadoop/hdfs/lib/kerb-admin-1.0.1.jar:/hadoop/hadoop-3.3.0/share/hadoop/hdfs/lib/kerb-server-1.0.1.jar:/hadoop/hadoop-3.3.0/share/hadoop/hdfs/lib/jsr311-api-1.1.1.jar:/hadoop/hadoop-3.3.0/share/hadoop/hdfs/lib/commons-beanutils-1.9.4.jar:/hadoop/hadoop-3.3.0/share/hadoop/hdfs/lib/kerby-pkix-1.0.1.jar:/hadoop/hadoop-3.3.0/share/hadoop/hdfs/lib/commons-logging-1.1.3.jar:/hadoop/hadoop-3.3.0/share/hadoop/hdfs/lib/jackson-mapper-asl-1.9.13.jar:/hadoop/hadoop-3.3.0/share/hadoop/hdfs/lib/jaxb-api-2.2.11.jar:/hadoop/hadoop-3.3.0/share/hadoop/hdfs/lib/gson-2.2.4.jar:/hadoop/hadoop-3.3.0/share/hadoop/hdfs/lib/commons-lang3-3.7.jar:/hadoop/hadoop-3.3.0/share/hadoop/hdfs/lib/curator-framework-4.2.0.jar:/hadoop/hadoop-3.3.0/share/hadoop/hdfs/lib/jackson-jaxrs-1.9.13.jar:/hadoop/hadoop-3.3.0/share/hadoop/hdfs/lib/jackson-annotations-2.10.3.jar:/hadoop/hadoop-3.3.0/share/hadoop/hdfs/lib/audience-annotations-0.5.0.jar:/hadoop/hadoop-3.3.0/share/hadoop/hdfs/lib/commons-net-3.6.jar:/hadoop/hadoop-3.3.0/share/hadoop/hdfs/lib/jetty-http-9.4.20.v20190813.jar:/hadoop/hadoop-3.3.0/share/hadoop/hdfs/lib/kerb-util-1.0.1.jar:/hadoop/hadoop-3.3.0/share/hadoop/hdfs/lib/jetty-util-9.4.20.v20190813.jar:/hadoop/hadoop-3.3.0/share/hadoop/hdfs/lib/commons-configuration2-2.1.1.jar:/hadoop/hadoop-3.3.0/share/hadoop/hdfs/lib/protobuf-java-2.5.0.jar:/hadoop/hadoop-3.3.0/share/hadoop/hdfs/lib/jaxb-impl-2.2.3-1.jar:/hadoop/hadoop-3.3.0/share/hadoop/hdfs/lib/commons-compress-1.19.jar:/hadoop/hadoop-3.3.0/share/hadoop/hdfs/lib/curator-client-4.2.0.jar:/hadoop/hadoop-3.3.0/share/hadoop/hdfs/lib/jsch-0.1.55.jar:/hadoop/hadoop-3.3.0/share/hadoop/hdfs/lib/okio-1.6.0.jar:/hadoop/hadoop-3.3.0/share/hadoop/hdfs/lib/j2objc-annotations-1.1.jar:/hadoop/hadoop-3.3.0/share/hadoop/hdfs/lib/re2j-1.1.jar:/hadoop/hadoop-3.3.0/share/hadoop/hdfs/lib/jetty-xml-9.4.20.v20190813.jar:/hadoop/hadoop-3.3.0/share/hadoop/hdfs/lib/hadoop-annotations-3.3.0.jar:/hadoop/hadoop-3.3.0/share/hadoop/hdfs/lib/json-smart-2.3.jar:/hadoop/hadoop-3.3.0/share/hadoop/hdfs/lib/kerby-asn1-1.0.1.jar:/hadoop/hadoop-3.3.0/share/hadoop/hdfs/lib/jcip-annotations-1.0-1.jar:/hadoop/hadoop-3.3.0/share/hadoop/hdfs/lib/htrace-core4-4.1.0-incubating.jar:/hadoop/hadoop-3.3.0/share/hadoop/hdfs/lib/javax.activation-api-1.2.0.jar:/hadoop/hadoop-3.3.0/share/hadoop/hdfs/lib/hadoop-auth-3.3.0.jar:/hadoop/hadoop-3.3.0/share/hadoop/hdfs/lib/jetty-security-9.4.20.v20190813.jar:/hadoop/hadoop-3.3.0/share/hadoop/hdfs/lib/snappy-java-1.0.5.jar:/hadoop/hadoop-3.3.0/share/hadoop/hdfs/lib/jetty-server-9.4.20.v20190813.jar:/hadoop/hadoop-3.3.0/share/hadoop/hdfs/lib/okhttp-2.7.5.jar:/hadoop/hadoop-3.3.0/share/hadoop/hdfs/lib/kerb-core-1.0.1.jar:/hadoop/hadoop-3.3.0/share/hadoop/hdfs/lib/kerby-util-1.0.1.jar:/hadoop/hadoop-3.3.0/share/hadoop/hdfs/lib/netty-3.10.6.Final.jar:/hadoop/hadoop-3.3.0/share/hadoop/hdfs/lib/kerb-client-1.0.1.jar:/hadoop/hadoop-3.3.0/share/hadoop/hdfs/lib/stax2-api-3.1.4.jar:/hadoop/hadoop-3.3.0/share/hadoop/hdfs/lib/jetty-servlet-9.4.20.v20190813.jar:/hadoop/hadoop-3.3.0/share/hadoop/hdfs/lib/javax.servlet-api-3.1.0.jar:/hadoop/hadoop-3.3.0/share/hadoop/hdfs/lib/commons-math3-3.1.1.jar:/hadoop/hadoop-3.3.0/share/hadoop/hdfs/lib/hadoop-shaded-protobuf_3_7-1.0.0.jar:/hadoop/hadoop-3.3.0/share/hadoop/hdfs/lib/jsr305-3.0.2.jar:/hadoop/hadoop-3.3.0/share/hadoop/hdfs/hadoop-hdfs-nfs-3.3.0.jar:/hadoop/hadoop-3.3.0/share/hadoop/hdfs/hadoop-hdfs-3.3.0-tests.jar:/hadoop/hadoop-3.3.0/share/hadoop/hdfs/hadoop-hdfs-client-3.3.0-tests.jar:/hadoop/hadoop-3.3.0/share/hadoop/hdfs/hadoop-hdfs-native-client-3.3.0-tests.jar:/hadoop/hadoop-3.3.0/share/hadoop/hdfs/hadoop-hdfs-3.3.0.jar:/hadoop/hadoop-3.3.0/share/hadoop/hdfs/hadoop-hdfs-native-client-3.3.0.jar:/hadoop/hadoop-3.3.0/share/hadoop/hdfs/hadoop-hdfs-client-3.3.0.jar:/hadoop/hadoop-3.3.0/share/hadoop/hdfs/hadoop-hdfs-rbf-3.3.0.jar:/hadoop/hadoop-3.3.0/share/hadoop/hdfs/hadoop-hdfs-httpfs-3.3.0.jar:/hadoop/hadoop-3.3.0/share/hadoop/hdfs/hadoop-hdfs-rbf-3.3.0-tests.jar:/hadoop/hadoop-3.3.0/share/hadoop/mapreduce/hadoop-mapreduce-client-core-3.3.0.jar:/hadoop/hadoop-3.3.0/share/hadoop/mapreduce/hadoop-mapreduce-client-shuffle-3.3.0.jar:/hadoop/hadoop-3.3.0/share/hadoop/mapreduce/hadoop-mapreduce-client-nativetask-3.3.0.jar:/hadoop/hadoop-3.3.0/share/hadoop/mapreduce/hadoop-mapreduce-client-app-3.3.0.jar:/hadoop/hadoop-3.3.0/share/hadoop/mapreduce/hadoop-mapreduce-client-common-3.3.0.jar:/hadoop/hadoop-3.3.0/share/hadoop/mapreduce/hadoop-mapreduce-client-jobclient-3.3.0-tests.jar:/hadoop/hadoop-3.3.0/share/hadoop/mapreduce/hadoop-mapreduce-examples-3.3.0.jar:/hadoop/hadoop-3.3.0/share/hadoop/mapreduce/hadoop-mapreduce-client-hs-plugins-3.3.0.jar:/hadoop/hadoop-3.3.0/share/hadoop/mapreduce/hadoop-mapreduce-client-hs-3.3.0.jar:/hadoop/hadoop-3.3.0/share/hadoop/mapreduce/hadoop-mapreduce-client-jobclient-3.3.0.jar:/hadoop/hadoop-3.3.0/share/hadoop/mapreduce/hadoop-mapreduce-client-uploader-3.3.0.jar:/hadoop/hadoop-3.3.0/share/hadoop/yarn:/hadoop/hadoop-3.3.0/share/hadoop/yarn/lib/HikariCP-java7-2.4.12.jar:/hadoop/hadoop-3.3.0/share/hadoop/yarn/lib/bcpkix-jdk15on-1.60.jar:/hadoop/hadoop-3.3.0/share/hadoop/yarn/lib/java-util-1.9.0.jar:/hadoop/hadoop-3.3.0/share/hadoop/yarn/lib/websocket-common-9.4.20.v20190813.jar:/hadoop/hadoop-3.3.0/share/hadoop/yarn/lib/jersey-client-1.19.jar:/hadoop/hadoop-3.3.0/share/hadoop/yarn/lib/javax.websocket-client-api-1.0.jar:/hadoop/hadoop-3.3.0/share/hadoop/yarn/lib/asm-analysis-7.1.jar:/hadoop/hadoop-3.3.0/share/hadoop/yarn/lib/asm-tree-7.1.jar:/hadoop/hadoop-3.3.0/share/hadoop/yarn/lib/fst-2.50.jar:/hadoop/hadoop-3.3.0/share/hadoop/yarn/lib/jakarta.xml.bind-api-2.3.2.jar:/hadoop/hadoop-3.3.0/share/hadoop/yarn/lib/jackson-module-jaxb-annotations-2.10.3.jar:/hadoop/hadoop-3.3.0/share/hadoop/yarn/lib/guice-4.0.jar:/hadoop/hadoop-3.3.0/share/hadoop/yarn/lib/websocket-server-9.4.20.v20190813.jar:/hadoop/hadoop-3.3.0/share/hadoop/yarn/lib/metrics-core-3.2.4.jar:/hadoop/hadoop-3.3.0/share/hadoop/yarn/lib/jakarta.activation-api-1.2.1.jar:/hadoop/hadoop-3.3.0/share/hadoop/yarn/lib/jackson-jaxrs-json-provider-2.10.3.jar:/hadoop/hadoop-3.3.0/share/hadoop/yarn/lib/asm-commons-7.1.jar:/hadoop/hadoop-3.3.0/share/hadoop/yarn/lib/websocket-client-9.4.20.v20190813.jar:/hadoop/hadoop-3.3.0/share/hadoop/yarn/lib/snakeyaml-1.16.jar:/hadoop/hadoop-3.3.0/share/hadoop/yarn/lib/jersey-guice-1.19.jar:/hadoop/hadoop-3.3.0/share/hadoop/yarn/lib/objenesis-2.6.jar:/hadoop/hadoop-3.3.0/share/hadoop/yarn/lib/javax.inject-1.jar:/hadoop/hadoop-3.3.0/share/hadoop/yarn/lib/ehcache-3.3.1.jar:/hadoop/hadoop-3.3.0/share/hadoop/yarn/lib/swagger-annotations-1.5.4.jar:/hadoop/hadoop-3.3.0/share/hadoop/yarn/lib/javax-websocket-client-impl-9.4.20.v20190813.jar:/hadoop/hadoop-3.3.0/share/hadoop/yarn/lib/guice-servlet-4.0.jar:/hadoop/hadoop-3.3.0/share/hadoop/yarn/lib/jna-5.2.0.jar:/hadoop/hadoop-3.3.0/share/hadoop/yarn/lib/json-io-2.5.1.jar:/hadoop/hadoop-3.3.0/share/hadoop/yarn/lib/websocket-api-9.4.20.v20190813.jar:/hadoop/hadoop-3.3.0/share/hadoop/yarn/lib/geronimo-jcache_1.0_spec-1.0-alpha-1.jar:/hadoop/hadoop-3.3.0/share/hadoop/yarn/lib/jetty-annotations-9.4.20.v20190813.jar:/hadoop/hadoop-3.3.0/share/hadoop/yarn/lib/jetty-jndi-9.4.20.v20190813.jar:/hadoop/hadoop-3.3.0/share/hadoop/yarn/lib/jetty-plus-9.4.20.v20190813.jar:/hadoop/hadoop-3.3.0/share/hadoop/yarn/lib/javax-websocket-server-impl-9.4.20.v20190813.jar:/hadoop/hadoop-3.3.0/share/hadoop/yarn/lib/javax.websocket-api-1.0.jar:/hadoop/hadoop-3.3.0/share/hadoop/yarn/lib/mssql-jdbc-6.2.1.jre7.jar:/hadoop/hadoop-3.3.0/share/hadoop/yarn/lib/bcprov-jdk15on-1.60.jar:/hadoop/hadoop-3.3.0/share/hadoop/yarn/lib/jetty-client-9.4.20.v20190813.jar:/hadoop/hadoop-3.3.0/share/hadoop/yarn/lib/websocket-servlet-9.4.20.v20190813.jar:/hadoop/hadoop-3.3.0/share/hadoop/yarn/lib/jackson-jaxrs-base-2.10.3.jar:/hadoop/hadoop-3.3.0/share/hadoop/yarn/lib/jline-3.9.0.jar:/hadoop/hadoop-3.3.0/share/hadoop/yarn/lib/aopalliance-1.0.jar:/hadoop/hadoop-3.3.0/share/hadoop/yarn/hadoop-yarn-server-tests-3.3.0.jar:/hadoop/hadoop-3.3.0/share/hadoop/yarn/hadoop-yarn-services-core-3.3.0.jar:/hadoop/hadoop-3.3.0/share/hadoop/yarn/hadoop-yarn-server-applicationhistoryservice-3.3.0.jar:/hadoop/hadoop-3.3.0/share/hadoop/yarn/hadoop-yarn-services-api-3.3.0.jar:/hadoop/hadoop-3.3.0/share/hadoop/yarn/hadoop-yarn-server-sharedcachemanager-3.3.0.jar:/hadoop/hadoop-3.3.0/share/hadoop/yarn/hadoop-yarn-registry-3.3.0.jar:/hadoop/hadoop-3.3.0/share/hadoop/yarn/hadoop-yarn-applications-distributedshell-3.3.0.jar:/hadoop/hadoop-3.3.0/share/hadoop/yarn/hadoop-yarn-server-web-proxy-3.3.0.jar:/hadoop/hadoop-3.3.0/share/hadoop/yarn/hadoop-yarn-server-resourcemanager-3.3.0.jar:/hadoop/hadoop-3.3.0/share/hadoop/yarn/hadoop-yarn-applications-mawo-core-3.3.0.jar:/hadoop/hadoop-3.3.0/share/hadoop/yarn/hadoop-yarn-applications-unmanaged-am-launcher-3.3.0.jar:/hadoop/hadoop-3.3.0/share/hadoop/yarn/hadoop-yarn-common-3.3.0.jar:/hadoop/hadoop-3.3.0/share/hadoop/yarn/hadoop-yarn-api-3.3.0.jar:/hadoop/hadoop-3.3.0/share/hadoop/yarn/hadoop-yarn-server-router-3.3.0.jar:/hadoop/hadoop-3.3.0/share/hadoop/yarn/hadoop-yarn-client-3.3.0.jar:/hadoop/hadoop-3.3.0/share/hadoop/yarn/hadoop-yarn-server-common-3.3.0.jar:/hadoop/hadoop-3.3.0/share/hadoop/yarn/hadoop-yarn-server-nodemanager-3.3.0.jar:/hadoop/hadoop-3.3.0/share/hadoop/yarn/hadoop-yarn-server-timeline-pluginstorage-3.3.0.jar
STARTUP_MSG:   build = https://gitbox.apache.org/repos/asf/hadoop.git -r aa96f1871bfd858f9bac59cf2a81ec470da649af; compiled by 'brahma' on 2020-07-06T18:44Z
STARTUP_MSG:   java = 1.8.0_242
************************************************************/
2023-11-22 07:30:27,360 INFO org.apache.hadoop.hdfs.server.namenode.NameNode: registered UNIX signal handlers for [TERM, HUP, INT]
2023-11-22 07:30:27,398 INFO org.apache.hadoop.hdfs.server.namenode.NameNode: createNameNode []
2023-11-22 07:30:27,447 INFO org.apache.hadoop.metrics2.impl.MetricsConfig: Loaded properties from hadoop-metrics2.properties
2023-11-22 07:30:27,488 INFO org.apache.hadoop.metrics2.impl.MetricsSystemImpl: Scheduled Metric snapshot period at 10 second(s).
2023-11-22 07:30:27,488 INFO org.apache.hadoop.metrics2.impl.MetricsSystemImpl: NameNode metrics system started
2023-11-22 07:30:27,521 INFO org.apache.hadoop.hdfs.server.namenode.NameNodeUtils: fs.defaultFS is hdfs://mycluster
2023-11-22 07:30:27,521 INFO org.apache.hadoop.hdfs.server.namenode.NameNode: Clients should use mycluster to access this namenode/service.
2023-11-22 07:30:27,521 WARN org.apache.hadoop.hdfs.DFSUtilClient: Namenode for mycluster remains unresolved for ID nn2. Check your hdfs-site.xml file to ensure namenodes are configured properly.
2023-11-22 07:30:27,521 WARN org.apache.hadoop.hdfs.DFSUtilClient: Namenode for mycluster remains unresolved for ID nn3. Check your hdfs-site.xml file to ensure namenodes are configured properly.
2023-11-22 07:30:27,531 WARN org.apache.hadoop.util.NativeCodeLoader: Unable to load native-hadoop library for your platform... using builtin-java classes where applicable
2023-11-22 07:30:27,594 INFO org.apache.hadoop.util.JvmPauseMonitor: Starting JVM pause monitor
2023-11-22 07:30:27,607 INFO org.apache.hadoop.hdfs.DFSUtil: Filter initializers set : org.apache.hadoop.http.lib.StaticUserWebFilter,org.apache.hadoop.hdfs.web.AuthFilterInitializer
2023-11-22 07:30:27,609 INFO org.apache.hadoop.hdfs.DFSUtil: Starting Web-server for hdfs at: http://nn1:50070
2023-11-22 07:30:27,616 INFO org.eclipse.jetty.util.log: Logging initialized @566ms to org.eclipse.jetty.util.log.Slf4jLog
2023-11-22 07:30:27,670 INFO org.apache.hadoop.security.authentication.server.AuthenticationFilter: Unable to initialize FileSignerSecretProvider, falling back to use random secrets.
2023-11-22 07:30:27,675 INFO org.apache.hadoop.http.HttpRequestLog: Http request log for http.requests.namenode is not defined
2023-11-22 07:30:27,679 INFO org.apache.hadoop.http.HttpServer2: Added global filter 'safety' (class=org.apache.hadoop.http.HttpServer2$QuotingInputFilter)
2023-11-22 07:30:27,680 INFO org.apache.hadoop.http.HttpServer2: Added filter static_user_filter (class=org.apache.hadoop.http.lib.StaticUserWebFilter$StaticUserFilter) to context hdfs
2023-11-22 07:30:27,680 INFO org.apache.hadoop.http.HttpServer2: Added filter static_user_filter (class=org.apache.hadoop.http.lib.StaticUserWebFilter$StaticUserFilter) to context static
2023-11-22 07:30:27,680 INFO org.apache.hadoop.http.HttpServer2: Added filter static_user_filter (class=org.apache.hadoop.http.lib.StaticUserWebFilter$StaticUserFilter) to context logs
2023-11-22 07:30:27,681 INFO org.apache.hadoop.http.HttpServer2: Added filter AuthFilter (class=org.apache.hadoop.hdfs.web.AuthFilter) to context hdfs
2023-11-22 07:30:27,682 INFO org.apache.hadoop.http.HttpServer2: Added filter AuthFilter (class=org.apache.hadoop.hdfs.web.AuthFilter) to context static
2023-11-22 07:30:27,682 INFO org.apache.hadoop.http.HttpServer2: Added filter AuthFilter (class=org.apache.hadoop.hdfs.web.AuthFilter) to context logs
2023-11-22 07:30:27,695 INFO org.apache.hadoop.http.HttpServer2: addJerseyResourcePackage: packageName=org.apache.hadoop.hdfs.server.namenode.web.resources;org.apache.hadoop.hdfs.web.resources, pathSpec=/webhdfs/v1/*
2023-11-22 07:30:27,699 INFO org.apache.hadoop.http.HttpServer2: Jetty bound to port 50070
2023-11-22 07:30:27,700 INFO org.eclipse.jetty.server.Server: jetty-9.4.20.v20190813; built: 2019-08-13T21:28:18.144Z; git: 84700530e645e812b336747464d6fbbf370c9a20; jvm 1.8.0_242-b08
2023-11-22 07:30:27,714 INFO org.eclipse.jetty.server.session: DefaultSessionIdManager workerName=node0
2023-11-22 07:30:27,714 INFO org.eclipse.jetty.server.session: No SessionScavenger set, using defaults
2023-11-22 07:30:27,714 INFO org.eclipse.jetty.server.session: node0 Scavenging every 660000ms
2023-11-22 07:30:27,721 INFO org.apache.hadoop.security.authentication.server.AuthenticationFilter: Unable to initialize FileSignerSecretProvider, falling back to use random secrets.
2023-11-22 07:30:27,722 INFO org.eclipse.jetty.server.handler.ContextHandler: Started o.e.j.s.ServletContextHandler@35841320{logs,/logs,file:///hadoop/hadoop-3.3.0/logs/,AVAILABLE}
2023-11-22 07:30:27,723 INFO org.eclipse.jetty.server.handler.ContextHandler: Started o.e.j.s.ServletContextHandler@548a24a{static,/static,file:///hadoop/hadoop-3.3.0/share/hadoop/hdfs/webapps/static/,AVAILABLE}
2023-11-22 07:30:27,749 INFO org.eclipse.jetty.util.TypeUtil: JVM Runtime does not support Modules
2023-11-22 07:30:27,754 INFO org.eclipse.jetty.server.handler.ContextHandler: Started o.e.j.w.WebAppContext@5d43661b{hdfs,/,file:///hadoop/hadoop-3.3.0/share/hadoop/hdfs/webapps/hdfs/,AVAILABLE}{file:/hadoop/hadoop-3.3.0/share/hadoop/hdfs/webapps/hdfs}
2023-11-22 07:30:27,765 INFO org.eclipse.jetty.server.AbstractConnector: Started ServerConnector@5a5a729f{HTTP/1.1,[http/1.1]}{nn1:50070}
2023-11-22 07:30:27,765 INFO org.eclipse.jetty.server.Server: Started @714ms
2023-11-22 07:30:27,855 INFO org.apache.hadoop.hdfs.server.common.Util: Assuming 'file' scheme for path /var/lib/hdfs/name in configuration.
2023-11-22 07:30:27,855 INFO org.apache.hadoop.hdfs.server.common.Util: Assuming 'file' scheme for path /var/lib/hdfs/name in configuration.
2023-11-22 07:30:27,855 WARN org.apache.hadoop.hdfs.server.namenode.FSNamesystem: Only one image storage directory (dfs.namenode.name.dir) configured. Beware of data loss due to lack of redundant storage directories!
2023-11-22 07:30:27,858 INFO org.apache.hadoop.hdfs.server.common.Util: Assuming 'file' scheme for path /var/lib/hdfs/name in configuration.
2023-11-22 07:30:27,858 INFO org.apache.hadoop.hdfs.server.common.Util: Assuming 'file' scheme for path /var/lib/hdfs/name in configuration.
2023-11-22 07:30:27,877 INFO org.apache.hadoop.hdfs.server.namenode.FSEditLog: Edit logging is async:true
2023-11-22 07:30:27,890 INFO org.apache.hadoop.hdfs.server.namenode.FSNamesystem: KeyProvider: null
2023-11-22 07:30:27,891 INFO org.apache.hadoop.hdfs.server.namenode.FSNamesystem: fsLock is fair: true
2023-11-22 07:30:27,891 INFO org.apache.hadoop.hdfs.server.namenode.FSNamesystem: Detailed lock hold time metrics enabled: false
2023-11-22 07:30:27,893 INFO org.apache.hadoop.hdfs.server.namenode.FSNamesystem: fsOwner                = root (auth:SIMPLE)
2023-11-22 07:30:27,893 INFO org.apache.hadoop.hdfs.server.namenode.FSNamesystem: supergroup             = supergroup
2023-11-22 07:30:27,893 INFO org.apache.hadoop.hdfs.server.namenode.FSNamesystem: isPermissionEnabled    = false
2023-11-22 07:30:27,893 INFO org.apache.hadoop.hdfs.server.namenode.FSNamesystem: isStoragePolicyEnabled = true
2023-11-22 07:30:27,894 WARN org.apache.hadoop.hdfs.DFSUtilClient: Namenode for mycluster remains unresolved for ID nn2. Check your hdfs-site.xml file to ensure namenodes are configured properly.
2023-11-22 07:30:27,894 WARN org.apache.hadoop.hdfs.DFSUtilClient: Namenode for mycluster remains unresolved for ID nn3. Check your hdfs-site.xml file to ensure namenodes are configured properly.
2023-11-22 07:30:27,894 INFO org.apache.hadoop.hdfs.server.namenode.FSNamesystem: Determined nameservice ID: mycluster
2023-11-22 07:30:27,894 INFO org.apache.hadoop.hdfs.server.namenode.FSNamesystem: HA Enabled: true
2023-11-22 07:30:27,910 INFO org.apache.hadoop.hdfs.server.common.Util: dfs.datanode.fileio.profiling.sampling.percentage set to 0. Disabling file IO profiling
2023-11-22 07:30:27,914 INFO org.apache.hadoop.hdfs.server.blockmanagement.DatanodeManager: dfs.block.invalidate.limit: configured=1000, counted=60, effected=1000
2023-11-22 07:30:27,914 INFO org.apache.hadoop.hdfs.server.blockmanagement.DatanodeManager: dfs.namenode.datanode.registration.ip-hostname-check=true
2023-11-22 07:30:27,916 INFO org.apache.hadoop.hdfs.server.blockmanagement.BlockManager: dfs.namenode.startup.delay.block.deletion.sec is set to 000:00:00:00.000
2023-11-22 07:30:27,916 INFO org.apache.hadoop.hdfs.server.blockmanagement.BlockManager: The block deletion will start around 2023 Nov 22 07:30:27
2023-11-22 07:30:27,917 INFO org.apache.hadoop.util.GSet: Computing capacity for map BlocksMap
2023-11-22 07:30:27,917 INFO org.apache.hadoop.util.GSet: VM type       = 64-bit
2023-11-22 07:30:27,917 INFO org.apache.hadoop.util.GSet: 2.0% max memory 910.5 MB = 18.2 MB
2023-11-22 07:30:27,917 INFO org.apache.hadoop.util.GSet: capacity      = 2^21 = 2097152 entries
2023-11-22 07:30:27,921 INFO org.apache.hadoop.hdfs.server.blockmanagement.BlockManager: Storage policy satisfier is disabled
2023-11-22 07:30:27,921 INFO org.apache.hadoop.hdfs.server.blockmanagement.BlockManager: dfs.block.access.token.enable = false
2023-11-22 07:30:27,926 INFO org.apache.hadoop.hdfs.server.blockmanagement.BlockManagerSafeMode: dfs.namenode.safemode.threshold-pct = 0.999
2023-11-22 07:30:27,926 INFO org.apache.hadoop.hdfs.server.blockmanagement.BlockManagerSafeMode: dfs.namenode.safemode.min.datanodes = 0
2023-11-22 07:30:27,926 INFO org.apache.hadoop.hdfs.server.blockmanagement.BlockManagerSafeMode: dfs.namenode.safemode.extension = 30000
2023-11-22 07:30:27,926 INFO org.apache.hadoop.hdfs.server.blockmanagement.BlockManager: defaultReplication         = 3
2023-11-22 07:30:27,926 INFO org.apache.hadoop.hdfs.server.blockmanagement.BlockManager: maxReplication             = 512
2023-11-22 07:30:27,926 INFO org.apache.hadoop.hdfs.server.blockmanagement.BlockManager: minReplication             = 1
2023-11-22 07:30:27,926 INFO org.apache.hadoop.hdfs.server.blockmanagement.BlockManager: maxReplicationStreams      = 2
2023-11-22 07:30:27,926 INFO org.apache.hadoop.hdfs.server.blockmanagement.BlockManager: redundancyRecheckInterval  = 3000ms
2023-11-22 07:30:27,926 INFO org.apache.hadoop.hdfs.server.blockmanagement.BlockManager: encryptDataTransfer        = false
2023-11-22 07:30:27,926 INFO org.apache.hadoop.hdfs.server.blockmanagement.BlockManager: maxNumBlocksToLog          = 1000
2023-11-22 07:30:27,939 INFO org.apache.hadoop.hdfs.server.namenode.FSDirectory: GLOBAL serial map: bits=29 maxEntries=536870911
2023-11-22 07:30:27,939 INFO org.apache.hadoop.hdfs.server.namenode.FSDirectory: USER serial map: bits=24 maxEntries=16777215
2023-11-22 07:30:27,939 INFO org.apache.hadoop.hdfs.server.namenode.FSDirectory: GROUP serial map: bits=24 maxEntries=16777215
2023-11-22 07:30:27,939 INFO org.apache.hadoop.hdfs.server.namenode.FSDirectory: XATTR serial map: bits=24 maxEntries=16777215
2023-11-22 07:30:27,945 INFO org.apache.hadoop.util.GSet: Computing capacity for map INodeMap
2023-11-22 07:30:27,946 INFO org.apache.hadoop.util.GSet: VM type       = 64-bit
2023-11-22 07:30:27,946 INFO org.apache.hadoop.util.GSet: 1.0% max memory 910.5 MB = 9.1 MB
2023-11-22 07:30:27,946 INFO org.apache.hadoop.util.GSet: capacity      = 2^20 = 1048576 entries
2023-11-22 07:30:27,946 INFO org.apache.hadoop.hdfs.server.namenode.FSDirectory: ACLs enabled? true
2023-11-22 07:30:27,946 INFO org.apache.hadoop.hdfs.server.namenode.FSDirectory: POSIX ACL inheritance enabled? true
2023-11-22 07:30:27,946 INFO org.apache.hadoop.hdfs.server.namenode.FSDirectory: XAttrs enabled? true
2023-11-22 07:30:27,946 INFO org.apache.hadoop.hdfs.server.namenode.NameNode: Caching file names occurring more than 10 times
2023-11-22 07:30:27,948 INFO org.apache.hadoop.hdfs.server.namenode.snapshot.SnapshotManager: Loaded config captureOpenFiles: false, skipCaptureAccessTimeOnlyChange: false, snapshotDiffAllowSnapRootDescendant: true, maxSnapshotLimit: 65536
2023-11-22 07:30:27,949 INFO org.apache.hadoop.hdfs.server.namenode.snapshot.SnapshotManager: SkipList is disabled
2023-11-22 07:30:27,951 INFO org.apache.hadoop.util.GSet: Computing capacity for map cachedBlocks
2023-11-22 07:30:27,951 INFO org.apache.hadoop.util.GSet: VM type       = 64-bit
2023-11-22 07:30:27,951 INFO org.apache.hadoop.util.GSet: 0.25% max memory 910.5 MB = 2.3 MB
2023-11-22 07:30:27,951 INFO org.apache.hadoop.util.GSet: capacity      = 2^18 = 262144 entries
2023-11-22 07:30:27,955 INFO org.apache.hadoop.hdfs.server.namenode.top.metrics.TopMetrics: NNTop conf: dfs.namenode.top.window.num.buckets = 10
2023-11-22 07:30:27,955 INFO org.apache.hadoop.hdfs.server.namenode.top.metrics.TopMetrics: NNTop conf: dfs.namenode.top.num.users = 10
2023-11-22 07:30:27,955 INFO org.apache.hadoop.hdfs.server.namenode.top.metrics.TopMetrics: NNTop conf: dfs.namenode.top.windows.minutes = 1,5,25
2023-11-22 07:30:27,957 INFO org.apache.hadoop.hdfs.server.namenode.FSNamesystem: Retry cache on namenode is enabled
2023-11-22 07:30:27,957 INFO org.apache.hadoop.hdfs.server.namenode.FSNamesystem: Retry cache will use 0.03 of total heap and retry cache entry expiry time is 600000 millis
2023-11-22 07:30:27,958 INFO org.apache.hadoop.util.GSet: Computing capacity for map NameNodeRetryCache
2023-11-22 07:30:27,958 INFO org.apache.hadoop.util.GSet: VM type       = 64-bit
2023-11-22 07:30:27,958 INFO org.apache.hadoop.util.GSet: 0.029999999329447746% max memory 910.5 MB = 279.7 KB
2023-11-22 07:30:27,958 INFO org.apache.hadoop.util.GSet: capacity      = 2^15 = 32768 entries
2023-11-22 07:30:27,967 INFO org.apache.hadoop.hdfs.server.common.Storage: Lock on /var/lib/hdfs/name/in_use.lock acquired by nodename 139@nn1
2023-11-22 07:30:27,974 WARN org.apache.hadoop.hdfs.DFSUtilClient: Namenode for mycluster remains unresolved for ID nn2. Check your hdfs-site.xml file to ensure namenodes are configured properly.
2023-11-22 07:30:27,974 WARN org.apache.hadoop.hdfs.DFSUtilClient: Namenode for mycluster remains unresolved for ID nn3. Check your hdfs-site.xml file to ensure namenodes are configured properly.
2023-11-22 07:30:27,974 WARN org.apache.hadoop.hdfs.DFSUtilClient: Namenode for mycluster remains unresolved for ID nn2. Check your hdfs-site.xml file to ensure namenodes are configured properly.
2023-11-22 07:30:27,974 WARN org.apache.hadoop.hdfs.DFSUtilClient: Namenode for mycluster remains unresolved for ID nn3. Check your hdfs-site.xml file to ensure namenodes are configured properly.
2023-11-22 07:30:28,090 INFO org.apache.hadoop.hdfs.server.namenode.FSImage: No edit log streams selected.
2023-11-22 07:30:28,090 INFO org.apache.hadoop.hdfs.server.namenode.FSImage: Planning to load image: FSImageFile(file=/var/lib/hdfs/name/current/fsimage_0000000000000000000, cpktTxId=0000000000000000000)
2023-11-22 07:30:28,128 INFO org.apache.hadoop.hdfs.server.namenode.FSImageFormatPBINode: Loading 1 INodes.
2023-11-22 07:30:28,133 INFO org.apache.hadoop.hdfs.server.namenode.FSImageFormatPBINode: Successfully loaded 1 inodes
2023-11-22 07:30:28,140 INFO org.apache.hadoop.hdfs.server.namenode.FSImageFormatProtobuf: Loaded FSImage in 0 seconds.
2023-11-22 07:30:28,140 INFO org.apache.hadoop.hdfs.server.namenode.FSImage: Loaded image for txid 0 from /var/lib/hdfs/name/current/fsimage_0000000000000000000
2023-11-22 07:30:28,142 INFO org.apache.hadoop.hdfs.server.namenode.FSNamesystem: Need to save fs image? false (staleImage=false, haEnabled=true, isRollingUpgrade=false)
2023-11-22 07:30:28,142 INFO org.apache.hadoop.hdfs.server.namenode.NameCache: initialized with 0 entries 0 lookups
2023-11-22 07:30:28,142 INFO org.apache.hadoop.hdfs.server.namenode.FSNamesystem: Finished loading FSImage in 183 msecs
2023-11-22 07:30:28,218 INFO org.apache.hadoop.hdfs.server.namenode.NameNode: RPC server is binding to nn1:8020
2023-11-22 07:30:28,218 INFO org.apache.hadoop.hdfs.server.namenode.NameNode: Enable NameNode state context:false
2023-11-22 07:30:28,220 INFO org.apache.hadoop.ipc.CallQueueManager: Using callQueue: class java.util.concurrent.LinkedBlockingQueue, queueCapacity: 10000, scheduler: class org.apache.hadoop.ipc.DefaultRpcScheduler, ipcBackoff: false.
2023-11-22 07:30:28,225 INFO org.apache.hadoop.ipc.Server: Starting Socket Reader #1 for port 8020
2023-11-22 07:30:28,308 INFO org.apache.hadoop.hdfs.server.namenode.FSNamesystem: Registered FSNamesystemState, ReplicatedBlocksState and ECBlockGroupsState MBeans.
2023-11-22 07:30:28,309 INFO org.apache.hadoop.hdfs.server.common.Util: Assuming 'file' scheme for path /var/lib/hdfs/name in configuration.
2023-11-22 07:30:28,314 INFO org.apache.hadoop.hdfs.server.namenode.LeaseManager: Number of blocks under construction: 0
2023-11-22 07:30:28,319 INFO org.apache.hadoop.hdfs.server.blockmanagement.DatanodeAdminDefaultMonitor: Initialized the Default Decommission and Maintenance monitor
2023-11-22 07:30:28,321 INFO org.apache.hadoop.hdfs.StateChange: STATE* Leaving safe mode after 0 secs
2023-11-22 07:30:28,321 INFO org.apache.hadoop.hdfs.StateChange: STATE* Network topology has 0 racks and 0 datanodes
2023-11-22 07:30:28,321 INFO org.apache.hadoop.hdfs.StateChange: STATE* UnderReplicatedBlocks has 0 blocks
2023-11-22 07:30:28,340 INFO org.apache.hadoop.ipc.Server: IPC Server Responder: starting
2023-11-22 07:30:28,340 INFO org.apache.hadoop.ipc.Server: IPC Server listener on 8020: starting
2023-11-22 07:30:28,347 INFO org.apache.hadoop.hdfs.server.namenode.NameNode: NameNode RPC up at: nn1/10.2.0.2:8020
2023-11-22 07:30:28,349 INFO org.apache.hadoop.hdfs.server.namenode.FSNamesystem: Starting services required for standby state
2023-11-22 07:30:28,352 INFO org.apache.hadoop.hdfs.server.namenode.ha.EditLogTailer: Will roll logs on active node every 120 seconds.
2023-11-22 07:30:28,356 INFO org.apache.hadoop.hdfs.server.namenode.ha.StandbyCheckpointer: Starting standby checkpoint thread...
Checkpointing active NN to possible NNs: [http://nn2:50070, http://nn3:50070]
Serving checkpoints at http://nn1:50070
2023-11-22 07:30:32,189 INFO org.apache.hadoop.hdfs.server.namenode.TransferFsImage: Sending fileName: /var/lib/hdfs/name/current/fsimage_0000000000000000000, fileSize: 399. Sent total: 399 bytes. Size of last segment intended to send: -1 bytes.
2023-11-22 07:30:32,455 INFO org.apache.hadoop.hdfs.server.namenode.TransferFsImage: Sending fileName: /var/lib/hdfs/name/current/fsimage_0000000000000000000, fileSize: 399. Sent total: 399 bytes. Size of last segment intended to send: -1 bytes.
2023-11-22 07:30:33,744 INFO org.apache.hadoop.hdfs.StateChange: BLOCK* registerDatanode: from DatanodeRegistration(10.2.0.5:9866, datanodeUuid=fcd74546-eeb0-45e8-9694-73badbd8aca4, infoPort=9864, infoSecurePort=0, ipcPort=9867, storageInfo=lv=-57;cid=CID-3e0c4017-b6c5-4e1d-8382-a5bd83c2a972;nsid=879991576;c=1700638226818) storage fcd74546-eeb0-45e8-9694-73badbd8aca4
2023-11-22 07:30:33,746 INFO org.apache.hadoop.net.NetworkTopology: Adding a new node: /default-rack/10.2.0.5:9866
2023-11-22 07:30:33,746 INFO org.apache.hadoop.hdfs.server.blockmanagement.BlockReportLeaseManager: Registered DN fcd74546-eeb0-45e8-9694-73badbd8aca4 (10.2.0.5:9866).
2023-11-22 07:30:33,810 INFO org.apache.hadoop.hdfs.server.blockmanagement.DatanodeDescriptor: Adding new storage ID DS-4664c97c-90c6-419d-9948-9a639f8ebbc5 for DN 10.2.0.5:9866
2023-11-22 07:30:33,847 INFO BlockStateChange: BLOCK* processReport 0x8f6cec5c527af29c: Processing first storage report for DS-4664c97c-90c6-419d-9948-9a639f8ebbc5 from datanode fcd74546-eeb0-45e8-9694-73badbd8aca4
2023-11-22 07:30:33,849 INFO BlockStateChange: BLOCK* processReport 0x8f6cec5c527af29c: from storage DS-4664c97c-90c6-419d-9948-9a639f8ebbc5 node DatanodeRegistration(10.2.0.5:9866, datanodeUuid=fcd74546-eeb0-45e8-9694-73badbd8aca4, infoPort=9864, infoSecurePort=0, ipcPort=9867, storageInfo=lv=-57;cid=CID-3e0c4017-b6c5-4e1d-8382-a5bd83c2a972;nsid=879991576;c=1700638226818), blocks: 0, hasStaleStorage: false, processing time: 2 msecs, invalidatedBlocks: 0
2023-11-22 07:30:34,176 INFO org.apache.hadoop.hdfs.StateChange: BLOCK* registerDatanode: from DatanodeRegistration(10.2.0.6:9866, datanodeUuid=6824c049-7ae8-4d70-a53a-e0fff7829f8f, infoPort=9864, infoSecurePort=0, ipcPort=9867, storageInfo=lv=-57;cid=CID-3e0c4017-b6c5-4e1d-8382-a5bd83c2a972;nsid=879991576;c=1700638226818) storage 6824c049-7ae8-4d70-a53a-e0fff7829f8f
2023-11-22 07:30:34,176 INFO org.apache.hadoop.net.NetworkTopology: Adding a new node: /default-rack/10.2.0.6:9866
2023-11-22 07:30:34,176 INFO org.apache.hadoop.hdfs.server.blockmanagement.BlockReportLeaseManager: Registered DN 6824c049-7ae8-4d70-a53a-e0fff7829f8f (10.2.0.6:9866).
2023-11-22 07:30:34,206 INFO org.apache.hadoop.hdfs.server.blockmanagement.DatanodeDescriptor: Adding new storage ID DS-83a0121e-7738-4d85-9867-ff572e1baab1 for DN 10.2.0.6:9866
2023-11-22 07:30:34,225 INFO BlockStateChange: BLOCK* processReport 0x8687eb7c492445f7: Processing first storage report for DS-83a0121e-7738-4d85-9867-ff572e1baab1 from datanode 6824c049-7ae8-4d70-a53a-e0fff7829f8f
2023-11-22 07:30:34,225 INFO BlockStateChange: BLOCK* processReport 0x8687eb7c492445f7: from storage DS-83a0121e-7738-4d85-9867-ff572e1baab1 node DatanodeRegistration(10.2.0.6:9866, datanodeUuid=6824c049-7ae8-4d70-a53a-e0fff7829f8f, infoPort=9864, infoSecurePort=0, ipcPort=9867, storageInfo=lv=-57;cid=CID-3e0c4017-b6c5-4e1d-8382-a5bd83c2a972;nsid=879991576;c=1700638226818), blocks: 0, hasStaleStorage: false, processing time: 0 msecs, invalidatedBlocks: 0
2023-11-22 07:30:34,501 INFO org.apache.hadoop.hdfs.StateChange: BLOCK* registerDatanode: from DatanodeRegistration(10.2.0.7:9866, datanodeUuid=52ad4446-1cc8-4dfe-b463-ba73db0491d2, infoPort=9864, infoSecurePort=0, ipcPort=9867, storageInfo=lv=-57;cid=CID-3e0c4017-b6c5-4e1d-8382-a5bd83c2a972;nsid=879991576;c=1700638226818) storage 52ad4446-1cc8-4dfe-b463-ba73db0491d2
2023-11-22 07:30:34,501 INFO org.apache.hadoop.net.NetworkTopology: Adding a new node: /default-rack/10.2.0.7:9866
2023-11-22 07:30:34,501 INFO org.apache.hadoop.hdfs.server.blockmanagement.BlockReportLeaseManager: Registered DN 52ad4446-1cc8-4dfe-b463-ba73db0491d2 (10.2.0.7:9866).
2023-11-22 07:30:34,536 INFO org.apache.hadoop.hdfs.server.blockmanagement.DatanodeDescriptor: Adding new storage ID DS-4e4ec483-bfcc-4d9e-957a-019d84b3616d for DN 10.2.0.7:9866
2023-11-22 07:30:34,559 INFO BlockStateChange: BLOCK* processReport 0xddb361f000d12255: Processing first storage report for DS-4e4ec483-bfcc-4d9e-957a-019d84b3616d from datanode 52ad4446-1cc8-4dfe-b463-ba73db0491d2
2023-11-22 07:30:34,560 INFO BlockStateChange: BLOCK* processReport 0xddb361f000d12255: from storage DS-4e4ec483-bfcc-4d9e-957a-019d84b3616d node DatanodeRegistration(10.2.0.7:9866, datanodeUuid=52ad4446-1cc8-4dfe-b463-ba73db0491d2, infoPort=9864, infoSecurePort=0, ipcPort=9867, storageInfo=lv=-57;cid=CID-3e0c4017-b6c5-4e1d-8382-a5bd83c2a972;nsid=879991576;c=1700638226818), blocks: 0, hasStaleStorage: false, processing time: 0 msecs, invalidatedBlocks: 0
2023-11-22 07:30:48,381 INFO org.apache.hadoop.hdfs.server.namenode.FSNamesystem: Stopping services started for standby state
2023-11-22 07:30:48,381 WARN org.apache.hadoop.hdfs.server.namenode.ha.EditLogTailer: Edit log tailer interrupted: sleep interrupted
2023-11-22 07:30:48,382 INFO org.apache.hadoop.hdfs.server.namenode.FSNamesystem: Starting services required for active state
2023-11-22 07:30:48,384 INFO org.apache.hadoop.hdfs.qjournal.client.QuorumJournalManager: Starting recovery process for unclosed journal segments...
2023-11-22 07:30:48,411 INFO org.apache.hadoop.hdfs.qjournal.client.QuorumJournalManager: Successfully started new epoch 1
2023-11-22 07:30:48,411 INFO org.apache.hadoop.hdfs.server.namenode.FileJournalManager: Recovering unfinalized segments in /var/lib/hdfs/name/current
2023-11-22 07:30:48,411 INFO org.apache.hadoop.hdfs.server.namenode.FSNamesystem: Catching up to latest edits from old active before taking over writer role in edits logs
2023-11-22 07:30:48,413 INFO org.apache.hadoop.hdfs.server.blockmanagement.DatanodeManager: Marking all datanodes as stale
2023-11-22 07:30:48,414 INFO org.apache.hadoop.hdfs.server.namenode.FSNamesystem: Reprocessing replication and invalidation queues
2023-11-22 07:30:48,414 INFO org.apache.hadoop.hdfs.server.blockmanagement.BlockManager: initializing replication queues
2023-11-22 07:30:48,414 INFO org.apache.hadoop.hdfs.server.namenode.FSNamesystem: Will take over writing edit logs at txnid 1
2023-11-22 07:30:48,416 INFO org.apache.hadoop.hdfs.server.namenode.FSEditLog: Starting log segment at 1
2023-11-22 07:30:48,540 INFO org.apache.hadoop.hdfs.server.namenode.FSDirectory: Initializing quota with 4 thread(s)
2023-11-22 07:30:48,544 INFO org.apache.hadoop.hdfs.server.namenode.FSDirectory: Quota initialization completed in 3 milliseconds
name space=1
storage space=0
storage types=RAM_DISK=0, SSD=0, DISK=0, ARCHIVE=0, PROVIDED=0
2023-11-22 07:30:48,546 INFO org.apache.hadoop.hdfs.server.blockmanagement.CacheReplicationMonitor: Starting CacheReplicationMonitor with interval 30000 milliseconds
2023-11-22 07:30:48,727 INFO org.apache.hadoop.fs.TrashPolicyDefault: Namenode trash configuration: Deletion interval = 1440 minutes, Emptier interval = 1440 minutes.
2023-11-22 07:30:48,727 INFO org.apache.hadoop.hdfs.server.blockmanagement.BlockManager: Total number of blocks            = 0
2023-11-22 07:30:48,727 INFO org.apache.hadoop.hdfs.server.blockmanagement.BlockManager: Number of invalid blocks          = 0
2023-11-22 07:30:48,727 INFO org.apache.hadoop.hdfs.server.blockmanagement.BlockManager: Number of under-replicated blocks = 0
2023-11-22 07:30:48,727 INFO org.apache.hadoop.hdfs.server.blockmanagement.BlockManager: Number of  over-replicated blocks = 0
2023-11-22 07:30:48,727 INFO org.apache.hadoop.hdfs.server.blockmanagement.BlockManager: Number of blocks being written    = 0
2023-11-22 07:30:48,727 INFO org.apache.hadoop.hdfs.StateChange: STATE* Replication Queue initialization scan for invalid, over- and under-replicated blocks completed in 313 msec
2023-11-22 07:30:57,407 INFO org.apache.hadoop.hdfs.StateChange: DIR* completeFile: /dir1/file1 is closed by DFSClient_NONMAPREDUCE_998628726_1
2023-11-22 07:31:06,892 INFO org.apache.hadoop.ipc.Server: IPC Server handler 20 on default port 8020, call Call#2 Retry#0 org.apache.hadoop.hdfs.protocol.ClientProtocol.create from 10.2.0.2:47418: org.apache.hadoop.hdfs.protocol.NSQuotaExceededException: The NameSpace quota (directories and files) of directory /dir1 is exceeded: quota=2 file count=3
