2023-11-22 07:34:36,310 INFO org.apache.hadoop.hdfs.server.namenode.NameNode: STARTUP_MSG: 
/************************************************************
STARTUP_MSG: Starting NameNode
STARTUP_MSG:   host = nn1/10.2.0.2
STARTUP_MSG:   args = []
STARTUP_MSG:   version = 3.2.0
STARTUP_MSG:   classpath = /hadoop/hadoop-3.2.0/etc/hadoop:/hadoop/hadoop-3.2.0/share/hadoop/common/lib/woodstox-core-5.0.3.jar:/hadoop/hadoop-3.2.0/share/hadoop/common/lib/jersey-json-1.19.jar:/hadoop/hadoop-3.2.0/share/hadoop/common/lib/kerby-config-1.0.1.jar:/hadoop/hadoop-3.2.0/share/hadoop/common/lib/kerb-identity-1.0.1.jar:/hadoop/hadoop-3.2.0/share/hadoop/common/lib/token-provider-1.0.1.jar:/hadoop/hadoop-3.2.0/share/hadoop/common/lib/jetty-io-9.3.24.v20180605.jar:/hadoop/hadoop-3.2.0/share/hadoop/common/lib/jsp-api-2.1.jar:/hadoop/hadoop-3.2.0/share/hadoop/common/lib/kerby-xdr-1.0.1.jar:/hadoop/hadoop-3.2.0/share/hadoop/common/lib/slf4j-api-1.7.25.jar:/hadoop/hadoop-3.2.0/share/hadoop/common/lib/commons-collections-3.2.2.jar:/hadoop/hadoop-3.2.0/share/hadoop/common/lib/commons-io-2.5.jar:/hadoop/hadoop-3.2.0/share/hadoop/common/lib/jettison-1.1.jar:/hadoop/hadoop-3.2.0/share/hadoop/common/lib/slf4j-log4j12-1.7.25.jar:/hadoop/hadoop-3.2.0/share/hadoop/common/lib/log4j-1.2.17.jar:/hadoop/hadoop-3.2.0/share/hadoop/common/lib/jetty-webapp-9.3.24.v20180605.jar:/hadoop/hadoop-3.2.0/share/hadoop/common/lib/jetty-security-9.3.24.v20180605.jar:/hadoop/hadoop-3.2.0/share/hadoop/common/lib/asm-5.0.4.jar:/hadoop/hadoop-3.2.0/share/hadoop/common/lib/jsr305-3.0.0.jar:/hadoop/hadoop-3.2.0/share/hadoop/common/lib/metrics-core-3.2.4.jar:/hadoop/hadoop-3.2.0/share/hadoop/common/lib/avro-1.7.7.jar:/hadoop/hadoop-3.2.0/share/hadoop/common/lib/commons-beanutils-1.9.3.jar:/hadoop/hadoop-3.2.0/share/hadoop/common/lib/jersey-servlet-1.19.jar:/hadoop/hadoop-3.2.0/share/hadoop/common/lib/jackson-xc-1.9.13.jar:/hadoop/hadoop-3.2.0/share/hadoop/common/lib/commons-compress-1.4.1.jar:/hadoop/hadoop-3.2.0/share/hadoop/common/lib/dnsjava-2.1.7.jar:/hadoop/hadoop-3.2.0/share/hadoop/common/lib/commons-cli-1.2.jar:/hadoop/hadoop-3.2.0/share/hadoop/common/lib/jersey-server-1.19.jar:/hadoop/hadoop-3.2.0/share/hadoop/common/lib/commons-text-1.4.jar:/hadoop/hadoop-3.2.0/share/hadoop/common/lib/jackson-core-asl-1.9.13.jar:/hadoop/hadoop-3.2.0/share/hadoop/common/lib/zookeeper-3.4.13.jar:/hadoop/hadoop-3.2.0/share/hadoop/common/lib/paranamer-2.3.jar:/hadoop/hadoop-3.2.0/share/hadoop/common/lib/guava-11.0.2.jar:/hadoop/hadoop-3.2.0/share/hadoop/common/lib/jetty-xml-9.3.24.v20180605.jar:/hadoop/hadoop-3.2.0/share/hadoop/common/lib/accessors-smart-1.2.jar:/hadoop/hadoop-3.2.0/share/hadoop/common/lib/commons-codec-1.11.jar:/hadoop/hadoop-3.2.0/share/hadoop/common/lib/kerb-simplekdc-1.0.1.jar:/hadoop/hadoop-3.2.0/share/hadoop/common/lib/kerb-common-1.0.1.jar:/hadoop/hadoop-3.2.0/share/hadoop/common/lib/curator-client-2.12.0.jar:/hadoop/hadoop-3.2.0/share/hadoop/common/lib/jersey-core-1.19.jar:/hadoop/hadoop-3.2.0/share/hadoop/common/lib/curator-framework-2.12.0.jar:/hadoop/hadoop-3.2.0/share/hadoop/common/lib/jetty-http-9.3.24.v20180605.jar:/hadoop/hadoop-3.2.0/share/hadoop/common/lib/curator-recipes-2.12.0.jar:/hadoop/hadoop-3.2.0/share/hadoop/common/lib/nimbus-jose-jwt-4.41.1.jar:/hadoop/hadoop-3.2.0/share/hadoop/common/lib/jackson-annotations-2.9.5.jar:/hadoop/hadoop-3.2.0/share/hadoop/common/lib/kerb-crypto-1.0.1.jar:/hadoop/hadoop-3.2.0/share/hadoop/common/lib/kerb-admin-1.0.1.jar:/hadoop/hadoop-3.2.0/share/hadoop/common/lib/kerb-server-1.0.1.jar:/hadoop/hadoop-3.2.0/share/hadoop/common/lib/jetty-server-9.3.24.v20180605.jar:/hadoop/hadoop-3.2.0/share/hadoop/common/lib/hadoop-auth-3.2.0.jar:/hadoop/hadoop-3.2.0/share/hadoop/common/lib/jsr311-api-1.1.1.jar:/hadoop/hadoop-3.2.0/share/hadoop/common/lib/kerby-pkix-1.0.1.jar:/hadoop/hadoop-3.2.0/share/hadoop/common/lib/commons-logging-1.1.3.jar:/hadoop/hadoop-3.2.0/share/hadoop/common/lib/jackson-mapper-asl-1.9.13.jar:/hadoop/hadoop-3.2.0/share/hadoop/common/lib/jaxb-api-2.2.11.jar:/hadoop/hadoop-3.2.0/share/hadoop/common/lib/gson-2.2.4.jar:/hadoop/hadoop-3.2.0/share/hadoop/common/lib/commons-lang3-3.7.jar:/hadoop/hadoop-3.2.0/share/hadoop/common/lib/netty-3.10.5.Final.jar:/hadoop/hadoop-3.2.0/share/hadoop/common/lib/jackson-jaxrs-1.9.13.jar:/hadoop/hadoop-3.2.0/share/hadoop/common/lib/xz-1.0.jar:/hadoop/hadoop-3.2.0/share/hadoop/common/lib/hadoop-annotations-3.2.0.jar:/hadoop/hadoop-3.2.0/share/hadoop/common/lib/audience-annotations-0.5.0.jar:/hadoop/hadoop-3.2.0/share/hadoop/common/lib/httpcore-4.4.4.jar:/hadoop/hadoop-3.2.0/share/hadoop/common/lib/commons-net-3.6.jar:/hadoop/hadoop-3.2.0/share/hadoop/common/lib/kerb-util-1.0.1.jar:/hadoop/hadoop-3.2.0/share/hadoop/common/lib/commons-configuration2-2.1.1.jar:/hadoop/hadoop-3.2.0/share/hadoop/common/lib/protobuf-java-2.5.0.jar:/hadoop/hadoop-3.2.0/share/hadoop/common/lib/jaxb-impl-2.2.3-1.jar:/hadoop/hadoop-3.2.0/share/hadoop/common/lib/re2j-1.1.jar:/hadoop/hadoop-3.2.0/share/hadoop/common/lib/json-smart-2.3.jar:/hadoop/hadoop-3.2.0/share/hadoop/common/lib/kerby-asn1-1.0.1.jar:/hadoop/hadoop-3.2.0/share/hadoop/common/lib/jcip-annotations-1.0-1.jar:/hadoop/hadoop-3.2.0/share/hadoop/common/lib/htrace-core4-4.1.0-incubating.jar:/hadoop/hadoop-3.2.0/share/hadoop/common/lib/jackson-core-2.9.5.jar:/hadoop/hadoop-3.2.0/share/hadoop/common/lib/jul-to-slf4j-1.7.25.jar:/hadoop/hadoop-3.2.0/share/hadoop/common/lib/httpclient-4.5.2.jar:/hadoop/hadoop-3.2.0/share/hadoop/common/lib/snappy-java-1.0.5.jar:/hadoop/hadoop-3.2.0/share/hadoop/common/lib/jackson-databind-2.9.5.jar:/hadoop/hadoop-3.2.0/share/hadoop/common/lib/kerb-core-1.0.1.jar:/hadoop/hadoop-3.2.0/share/hadoop/common/lib/kerby-util-1.0.1.jar:/hadoop/hadoop-3.2.0/share/hadoop/common/lib/kerb-client-1.0.1.jar:/hadoop/hadoop-3.2.0/share/hadoop/common/lib/stax2-api-3.1.4.jar:/hadoop/hadoop-3.2.0/share/hadoop/common/lib/javax.servlet-api-3.1.0.jar:/hadoop/hadoop-3.2.0/share/hadoop/common/lib/jetty-servlet-9.3.24.v20180605.jar:/hadoop/hadoop-3.2.0/share/hadoop/common/lib/commons-math3-3.1.1.jar:/hadoop/hadoop-3.2.0/share/hadoop/common/lib/jsch-0.1.54.jar:/hadoop/hadoop-3.2.0/share/hadoop/common/lib/jetty-util-9.3.24.v20180605.jar:/hadoop/hadoop-3.2.0/share/hadoop/common/hadoop-kms-3.2.0.jar:/hadoop/hadoop-3.2.0/share/hadoop/common/reditrt-0.1.0.jar:/hadoop/hadoop-3.2.0/share/hadoop/common/aspectjrt-1.9.6.jar:/hadoop/hadoop-3.2.0/share/hadoop/common/hadoop-common-3.2.0.jar:/hadoop/hadoop-3.2.0/share/hadoop/common/hadoop-common-3.2.0-tests.jar:/hadoop/hadoop-3.2.0/share/hadoop/common/hadoop-nfs-3.2.0.jar:/hadoop/hadoop-3.2.0/share/hadoop/hdfs:/hadoop/hadoop-3.2.0/share/hadoop/hdfs/lib/woodstox-core-5.0.3.jar:/hadoop/hadoop-3.2.0/share/hadoop/hdfs/lib/jersey-json-1.19.jar:/hadoop/hadoop-3.2.0/share/hadoop/hdfs/lib/kerby-config-1.0.1.jar:/hadoop/hadoop-3.2.0/share/hadoop/hdfs/lib/leveldbjni-all-1.8.jar:/hadoop/hadoop-3.2.0/share/hadoop/hdfs/lib/kerb-identity-1.0.1.jar:/hadoop/hadoop-3.2.0/share/hadoop/hdfs/lib/token-provider-1.0.1.jar:/hadoop/hadoop-3.2.0/share/hadoop/hdfs/lib/jetty-io-9.3.24.v20180605.jar:/hadoop/hadoop-3.2.0/share/hadoop/hdfs/lib/kerby-xdr-1.0.1.jar:/hadoop/hadoop-3.2.0/share/hadoop/hdfs/lib/commons-collections-3.2.2.jar:/hadoop/hadoop-3.2.0/share/hadoop/hdfs/lib/commons-io-2.5.jar:/hadoop/hadoop-3.2.0/share/hadoop/hdfs/lib/jettison-1.1.jar:/hadoop/hadoop-3.2.0/share/hadoop/hdfs/lib/log4j-1.2.17.jar:/hadoop/hadoop-3.2.0/share/hadoop/hdfs/lib/jetty-webapp-9.3.24.v20180605.jar:/hadoop/hadoop-3.2.0/share/hadoop/hdfs/lib/jetty-security-9.3.24.v20180605.jar:/hadoop/hadoop-3.2.0/share/hadoop/hdfs/lib/asm-5.0.4.jar:/hadoop/hadoop-3.2.0/share/hadoop/hdfs/lib/jsr305-3.0.0.jar:/hadoop/hadoop-3.2.0/share/hadoop/hdfs/lib/avro-1.7.7.jar:/hadoop/hadoop-3.2.0/share/hadoop/hdfs/lib/commons-beanutils-1.9.3.jar:/hadoop/hadoop-3.2.0/share/hadoop/hdfs/lib/jersey-servlet-1.19.jar:/hadoop/hadoop-3.2.0/share/hadoop/hdfs/lib/json-simple-1.1.1.jar:/hadoop/hadoop-3.2.0/share/hadoop/hdfs/lib/commons-daemon-1.0.13.jar:/hadoop/hadoop-3.2.0/share/hadoop/hdfs/lib/jackson-xc-1.9.13.jar:/hadoop/hadoop-3.2.0/share/hadoop/hdfs/lib/commons-compress-1.4.1.jar:/hadoop/hadoop-3.2.0/share/hadoop/hdfs/lib/dnsjava-2.1.7.jar:/hadoop/hadoop-3.2.0/share/hadoop/hdfs/lib/commons-cli-1.2.jar:/hadoop/hadoop-3.2.0/share/hadoop/hdfs/lib/jersey-server-1.19.jar:/hadoop/hadoop-3.2.0/share/hadoop/hdfs/lib/commons-text-1.4.jar:/hadoop/hadoop-3.2.0/share/hadoop/hdfs/lib/jackson-core-asl-1.9.13.jar:/hadoop/hadoop-3.2.0/share/hadoop/hdfs/lib/zookeeper-3.4.13.jar:/hadoop/hadoop-3.2.0/share/hadoop/hdfs/lib/paranamer-2.3.jar:/hadoop/hadoop-3.2.0/share/hadoop/hdfs/lib/guava-11.0.2.jar:/hadoop/hadoop-3.2.0/share/hadoop/hdfs/lib/jetty-xml-9.3.24.v20180605.jar:/hadoop/hadoop-3.2.0/share/hadoop/hdfs/lib/accessors-smart-1.2.jar:/hadoop/hadoop-3.2.0/share/hadoop/hdfs/lib/commons-codec-1.11.jar:/hadoop/hadoop-3.2.0/share/hadoop/hdfs/lib/kerb-simplekdc-1.0.1.jar:/hadoop/hadoop-3.2.0/share/hadoop/hdfs/lib/kerb-common-1.0.1.jar:/hadoop/hadoop-3.2.0/share/hadoop/hdfs/lib/curator-client-2.12.0.jar:/hadoop/hadoop-3.2.0/share/hadoop/hdfs/lib/jetty-util-ajax-9.3.24.v20180605.jar:/hadoop/hadoop-3.2.0/share/hadoop/hdfs/lib/jersey-core-1.19.jar:/hadoop/hadoop-3.2.0/share/hadoop/hdfs/lib/curator-framework-2.12.0.jar:/hadoop/hadoop-3.2.0/share/hadoop/hdfs/lib/jetty-http-9.3.24.v20180605.jar:/hadoop/hadoop-3.2.0/share/hadoop/hdfs/lib/curator-recipes-2.12.0.jar:/hadoop/hadoop-3.2.0/share/hadoop/hdfs/lib/nimbus-jose-jwt-4.41.1.jar:/hadoop/hadoop-3.2.0/share/hadoop/hdfs/lib/jackson-annotations-2.9.5.jar:/hadoop/hadoop-3.2.0/share/hadoop/hdfs/lib/kerb-crypto-1.0.1.jar:/hadoop/hadoop-3.2.0/share/hadoop/hdfs/lib/kerb-admin-1.0.1.jar:/hadoop/hadoop-3.2.0/share/hadoop/hdfs/lib/kerb-server-1.0.1.jar:/hadoop/hadoop-3.2.0/share/hadoop/hdfs/lib/jetty-server-9.3.24.v20180605.jar:/hadoop/hadoop-3.2.0/share/hadoop/hdfs/lib/hadoop-auth-3.2.0.jar:/hadoop/hadoop-3.2.0/share/hadoop/hdfs/lib/jsr311-api-1.1.1.jar:/hadoop/hadoop-3.2.0/share/hadoop/hdfs/lib/kerby-pkix-1.0.1.jar:/hadoop/hadoop-3.2.0/share/hadoop/hdfs/lib/commons-logging-1.1.3.jar:/hadoop/hadoop-3.2.0/share/hadoop/hdfs/lib/jackson-mapper-asl-1.9.13.jar:/hadoop/hadoop-3.2.0/share/hadoop/hdfs/lib/jaxb-api-2.2.11.jar:/hadoop/hadoop-3.2.0/share/hadoop/hdfs/lib/gson-2.2.4.jar:/hadoop/hadoop-3.2.0/share/hadoop/hdfs/lib/commons-lang3-3.7.jar:/hadoop/hadoop-3.2.0/share/hadoop/hdfs/lib/netty-3.10.5.Final.jar:/hadoop/hadoop-3.2.0/share/hadoop/hdfs/lib/jackson-jaxrs-1.9.13.jar:/hadoop/hadoop-3.2.0/share/hadoop/hdfs/lib/xz-1.0.jar:/hadoop/hadoop-3.2.0/share/hadoop/hdfs/lib/hadoop-annotations-3.2.0.jar:/hadoop/hadoop-3.2.0/share/hadoop/hdfs/lib/audience-annotations-0.5.0.jar:/hadoop/hadoop-3.2.0/share/hadoop/hdfs/lib/httpcore-4.4.4.jar:/hadoop/hadoop-3.2.0/share/hadoop/hdfs/lib/commons-net-3.6.jar:/hadoop/hadoop-3.2.0/share/hadoop/hdfs/lib/kerb-util-1.0.1.jar:/hadoop/hadoop-3.2.0/share/hadoop/hdfs/lib/commons-configuration2-2.1.1.jar:/hadoop/hadoop-3.2.0/share/hadoop/hdfs/lib/protobuf-java-2.5.0.jar:/hadoop/hadoop-3.2.0/share/hadoop/hdfs/lib/jaxb-impl-2.2.3-1.jar:/hadoop/hadoop-3.2.0/share/hadoop/hdfs/lib/okio-1.6.0.jar:/hadoop/hadoop-3.2.0/share/hadoop/hdfs/lib/re2j-1.1.jar:/hadoop/hadoop-3.2.0/share/hadoop/hdfs/lib/json-smart-2.3.jar:/hadoop/hadoop-3.2.0/share/hadoop/hdfs/lib/kerby-asn1-1.0.1.jar:/hadoop/hadoop-3.2.0/share/hadoop/hdfs/lib/jcip-annotations-1.0-1.jar:/hadoop/hadoop-3.2.0/share/hadoop/hdfs/lib/htrace-core4-4.1.0-incubating.jar:/hadoop/hadoop-3.2.0/share/hadoop/hdfs/lib/jackson-core-2.9.5.jar:/hadoop/hadoop-3.2.0/share/hadoop/hdfs/lib/httpclient-4.5.2.jar:/hadoop/hadoop-3.2.0/share/hadoop/hdfs/lib/snappy-java-1.0.5.jar:/hadoop/hadoop-3.2.0/share/hadoop/hdfs/lib/jackson-databind-2.9.5.jar:/hadoop/hadoop-3.2.0/share/hadoop/hdfs/lib/okhttp-2.7.5.jar:/hadoop/hadoop-3.2.0/share/hadoop/hdfs/lib/kerb-core-1.0.1.jar:/hadoop/hadoop-3.2.0/share/hadoop/hdfs/lib/kerby-util-1.0.1.jar:/hadoop/hadoop-3.2.0/share/hadoop/hdfs/lib/kerb-client-1.0.1.jar:/hadoop/hadoop-3.2.0/share/hadoop/hdfs/lib/stax2-api-3.1.4.jar:/hadoop/hadoop-3.2.0/share/hadoop/hdfs/lib/javax.servlet-api-3.1.0.jar:/hadoop/hadoop-3.2.0/share/hadoop/hdfs/lib/jetty-servlet-9.3.24.v20180605.jar:/hadoop/hadoop-3.2.0/share/hadoop/hdfs/lib/commons-math3-3.1.1.jar:/hadoop/hadoop-3.2.0/share/hadoop/hdfs/lib/jsch-0.1.54.jar:/hadoop/hadoop-3.2.0/share/hadoop/hdfs/lib/jetty-util-9.3.24.v20180605.jar:/hadoop/hadoop-3.2.0/share/hadoop/hdfs/lib/netty-all-4.0.52.Final.jar:/hadoop/hadoop-3.2.0/share/hadoop/hdfs/hadoop-hdfs-client-3.2.0.jar:/hadoop/hadoop-3.2.0/share/hadoop/hdfs/hadoop-hdfs-native-client-3.2.0.jar:/hadoop/hadoop-3.2.0/share/hadoop/hdfs/hadoop-hdfs-nfs-3.2.0.jar:/hadoop/hadoop-3.2.0/share/hadoop/hdfs/hadoop-hdfs-httpfs-3.2.0.jar:/hadoop/hadoop-3.2.0/share/hadoop/hdfs/hadoop-hdfs-client-3.2.0-tests.jar:/hadoop/hadoop-3.2.0/share/hadoop/hdfs/hadoop-hdfs-rbf-3.2.0-tests.jar:/hadoop/hadoop-3.2.0/share/hadoop/hdfs/hadoop-hdfs-3.2.0-tests.jar:/hadoop/hadoop-3.2.0/share/hadoop/hdfs/hadoop-hdfs-native-client-3.2.0-tests.jar:/hadoop/hadoop-3.2.0/share/hadoop/hdfs/hadoop-hdfs-3.2.0.jar:/hadoop/hadoop-3.2.0/share/hadoop/hdfs/hadoop-hdfs-rbf-3.2.0.jar:/hadoop/hadoop-3.2.0/share/hadoop/mapreduce/lib/junit-4.11.jar:/hadoop/hadoop-3.2.0/share/hadoop/mapreduce/lib/hamcrest-core-1.3.jar:/hadoop/hadoop-3.2.0/share/hadoop/mapreduce/hadoop-mapreduce-client-uploader-3.2.0.jar:/hadoop/hadoop-3.2.0/share/hadoop/mapreduce/hadoop-mapreduce-client-nativetask-3.2.0.jar:/hadoop/hadoop-3.2.0/share/hadoop/mapreduce/hadoop-mapreduce-client-app-3.2.0.jar:/hadoop/hadoop-3.2.0/share/hadoop/mapreduce/hadoop-mapreduce-client-common-3.2.0.jar:/hadoop/hadoop-3.2.0/share/hadoop/mapreduce/hadoop-mapreduce-client-hs-plugins-3.2.0.jar:/hadoop/hadoop-3.2.0/share/hadoop/mapreduce/hadoop-mapreduce-client-jobclient-3.2.0.jar:/hadoop/hadoop-3.2.0/share/hadoop/mapreduce/hadoop-mapreduce-client-hs-3.2.0.jar:/hadoop/hadoop-3.2.0/share/hadoop/mapreduce/hadoop-mapreduce-client-core-3.2.0.jar:/hadoop/hadoop-3.2.0/share/hadoop/mapreduce/hadoop-mapreduce-client-jobclient-3.2.0-tests.jar:/hadoop/hadoop-3.2.0/share/hadoop/mapreduce/hadoop-mapreduce-examples-3.2.0.jar:/hadoop/hadoop-3.2.0/share/hadoop/mapreduce/hadoop-mapreduce-client-shuffle-3.2.0.jar:/hadoop/hadoop-3.2.0/share/hadoop/yarn:/hadoop/hadoop-3.2.0/share/hadoop/yarn/lib/HikariCP-java7-2.4.12.jar:/hadoop/hadoop-3.2.0/share/hadoop/yarn/lib/java-util-1.9.0.jar:/hadoop/hadoop-3.2.0/share/hadoop/yarn/lib/jackson-jaxrs-json-provider-2.9.5.jar:/hadoop/hadoop-3.2.0/share/hadoop/yarn/lib/jersey-client-1.19.jar:/hadoop/hadoop-3.2.0/share/hadoop/yarn/lib/objenesis-1.0.jar:/hadoop/hadoop-3.2.0/share/hadoop/yarn/lib/fst-2.50.jar:/hadoop/hadoop-3.2.0/share/hadoop/yarn/lib/guice-4.0.jar:/hadoop/hadoop-3.2.0/share/hadoop/yarn/lib/metrics-core-3.2.4.jar:/hadoop/hadoop-3.2.0/share/hadoop/yarn/lib/jackson-module-jaxb-annotations-2.9.5.jar:/hadoop/hadoop-3.2.0/share/hadoop/yarn/lib/snakeyaml-1.16.jar:/hadoop/hadoop-3.2.0/share/hadoop/yarn/lib/jersey-guice-1.19.jar:/hadoop/hadoop-3.2.0/share/hadoop/yarn/lib/javax.inject-1.jar:/hadoop/hadoop-3.2.0/share/hadoop/yarn/lib/ehcache-3.3.1.jar:/hadoop/hadoop-3.2.0/share/hadoop/yarn/lib/swagger-annotations-1.5.4.jar:/hadoop/hadoop-3.2.0/share/hadoop/yarn/lib/guice-servlet-4.0.jar:/hadoop/hadoop-3.2.0/share/hadoop/yarn/lib/jackson-jaxrs-base-2.9.5.jar:/hadoop/hadoop-3.2.0/share/hadoop/yarn/lib/json-io-2.5.1.jar:/hadoop/hadoop-3.2.0/share/hadoop/yarn/lib/geronimo-jcache_1.0_spec-1.0-alpha-1.jar:/hadoop/hadoop-3.2.0/share/hadoop/yarn/lib/mssql-jdbc-6.2.1.jre7.jar:/hadoop/hadoop-3.2.0/share/hadoop/yarn/lib/aopalliance-1.0.jar:/hadoop/hadoop-3.2.0/share/hadoop/yarn/hadoop-yarn-server-router-3.2.0.jar:/hadoop/hadoop-3.2.0/share/hadoop/yarn/hadoop-yarn-applications-unmanaged-am-launcher-3.2.0.jar:/hadoop/hadoop-3.2.0/share/hadoop/yarn/hadoop-yarn-server-tests-3.2.0.jar:/hadoop/hadoop-3.2.0/share/hadoop/yarn/hadoop-yarn-server-web-proxy-3.2.0.jar:/hadoop/hadoop-3.2.0/share/hadoop/yarn/hadoop-yarn-common-3.2.0.jar:/hadoop/hadoop-3.2.0/share/hadoop/yarn/hadoop-yarn-server-timeline-pluginstorage-3.2.0.jar:/hadoop/hadoop-3.2.0/share/hadoop/yarn/hadoop-yarn-applications-distributedshell-3.2.0.jar:/hadoop/hadoop-3.2.0/share/hadoop/yarn/hadoop-yarn-server-common-3.2.0.jar:/hadoop/hadoop-3.2.0/share/hadoop/yarn/hadoop-yarn-api-3.2.0.jar:/hadoop/hadoop-3.2.0/share/hadoop/yarn/hadoop-yarn-registry-3.2.0.jar:/hadoop/hadoop-3.2.0/share/hadoop/yarn/hadoop-yarn-server-nodemanager-3.2.0.jar:/hadoop/hadoop-3.2.0/share/hadoop/yarn/hadoop-yarn-services-core-3.2.0.jar:/hadoop/hadoop-3.2.0/share/hadoop/yarn/hadoop-yarn-services-api-3.2.0.jar:/hadoop/hadoop-3.2.0/share/hadoop/yarn/hadoop-yarn-server-applicationhistoryservice-3.2.0.jar:/hadoop/hadoop-3.2.0/share/hadoop/yarn/hadoop-yarn-submarine-3.2.0.jar:/hadoop/hadoop-3.2.0/share/hadoop/yarn/hadoop-yarn-server-resourcemanager-3.2.0.jar:/hadoop/hadoop-3.2.0/share/hadoop/yarn/hadoop-yarn-server-sharedcachemanager-3.2.0.jar:/hadoop/hadoop-3.2.0/share/hadoop/yarn/hadoop-yarn-client-3.2.0.jar
STARTUP_MSG:   build = https://github.com/apache/hadoop.git -r e97acb3bd8f3befd27418996fa5d4b50bf2e17bf; compiled by 'sunilg' on 2019-01-08T06:08Z
STARTUP_MSG:   java = 1.8.0_242
************************************************************/
2023-11-22 07:34:36,314 INFO org.apache.hadoop.hdfs.server.namenode.NameNode: registered UNIX signal handlers for [TERM, HUP, INT]
2023-11-22 07:34:36,350 INFO org.apache.hadoop.hdfs.server.namenode.NameNode: createNameNode []
2023-11-22 07:34:36,397 INFO org.apache.hadoop.metrics2.impl.MetricsConfig: Loaded properties from hadoop-metrics2.properties
2023-11-22 07:34:36,436 INFO org.apache.hadoop.metrics2.impl.MetricsSystemImpl: Scheduled Metric snapshot period at 10 second(s).
2023-11-22 07:34:36,436 INFO org.apache.hadoop.metrics2.impl.MetricsSystemImpl: NameNode metrics system started
2023-11-22 07:34:36,468 INFO org.apache.hadoop.hdfs.server.namenode.NameNodeUtils: fs.defaultFS is hdfs://mycluster
2023-11-22 07:34:36,468 INFO org.apache.hadoop.hdfs.server.namenode.NameNode: Clients should use mycluster to access this namenode/service.
2023-11-22 07:34:36,468 WARN org.apache.hadoop.hdfs.DFSUtilClient: Namenode for mycluster remains unresolved for ID nn2. Check your hdfs-site.xml file to ensure namenodes are configured properly.
2023-11-22 07:34:36,468 WARN org.apache.hadoop.hdfs.DFSUtilClient: Namenode for mycluster remains unresolved for ID nn3. Check your hdfs-site.xml file to ensure namenodes are configured properly.
2023-11-22 07:34:36,477 WARN org.apache.hadoop.util.NativeCodeLoader: Unable to load native-hadoop library for your platform... using builtin-java classes where applicable
2023-11-22 07:34:36,521 INFO org.apache.hadoop.util.JvmPauseMonitor: Starting JVM pause monitor
2023-11-22 07:34:36,532 INFO org.apache.hadoop.hdfs.DFSUtil: Starting Web-server for hdfs at: http://nn1:50070
2023-11-22 07:34:36,538 INFO org.eclipse.jetty.util.log: Logging initialized @533ms
2023-11-22 07:34:36,578 INFO org.apache.hadoop.security.authentication.server.AuthenticationFilter: Unable to initialize FileSignerSecretProvider, falling back to use random secrets.
2023-11-22 07:34:36,583 INFO org.apache.hadoop.http.HttpRequestLog: Http request log for http.requests.namenode is not defined
2023-11-22 07:34:36,587 INFO org.apache.hadoop.http.HttpServer2: Added global filter 'safety' (class=org.apache.hadoop.http.HttpServer2$QuotingInputFilter)
2023-11-22 07:34:36,588 INFO org.apache.hadoop.http.HttpServer2: Added filter static_user_filter (class=org.apache.hadoop.http.lib.StaticUserWebFilter$StaticUserFilter) to context hdfs
2023-11-22 07:34:36,588 INFO org.apache.hadoop.http.HttpServer2: Added filter static_user_filter (class=org.apache.hadoop.http.lib.StaticUserWebFilter$StaticUserFilter) to context logs
2023-11-22 07:34:36,588 INFO org.apache.hadoop.http.HttpServer2: Added filter static_user_filter (class=org.apache.hadoop.http.lib.StaticUserWebFilter$StaticUserFilter) to context static
2023-11-22 07:34:36,598 INFO org.apache.hadoop.http.HttpServer2: Added filter 'org.apache.hadoop.hdfs.web.AuthFilter' (class=org.apache.hadoop.hdfs.web.AuthFilter)
2023-11-22 07:34:36,598 INFO org.apache.hadoop.http.HttpServer2: addJerseyResourcePackage: packageName=org.apache.hadoop.hdfs.server.namenode.web.resources;org.apache.hadoop.hdfs.web.resources, pathSpec=/webhdfs/v1/*
2023-11-22 07:34:36,602 INFO org.apache.hadoop.http.HttpServer2: Jetty bound to port 50070
2023-11-22 07:34:36,602 INFO org.eclipse.jetty.server.Server: jetty-9.3.24.v20180605, build timestamp: 2018-06-05T17:11:56Z, git hash: 84205aa28f11a4f31f2a3b86d1bba2cc8ab69827
2023-11-22 07:34:36,615 INFO org.eclipse.jetty.server.handler.ContextHandler: Started o.e.j.s.ServletContextHandler@2794eab6{/logs,file:///hadoop/hadoop-3.2.0/logs/,AVAILABLE}
2023-11-22 07:34:36,615 INFO org.eclipse.jetty.server.handler.ContextHandler: Started o.e.j.s.ServletContextHandler@45099dd3{/static,file:///hadoop/hadoop-3.2.0/share/hadoop/hdfs/webapps/static/,AVAILABLE}
2023-11-22 07:34:36,643 INFO org.eclipse.jetty.server.handler.ContextHandler: Started o.e.j.w.WebAppContext@1500b2f3{/,file:///hadoop/hadoop-3.2.0/share/hadoop/hdfs/webapps/hdfs/,AVAILABLE}{/hdfs}
2023-11-22 07:34:36,645 INFO org.eclipse.jetty.server.AbstractConnector: Started ServerConnector@2584b82d{HTTP/1.1,[http/1.1]}{nn1:50070}
2023-11-22 07:34:36,645 INFO org.eclipse.jetty.server.Server: Started @641ms
2023-11-22 07:34:36,725 INFO org.apache.hadoop.hdfs.server.common.Util: Assuming 'file' scheme for path /var/lib/hdfs/name in configuration.
2023-11-22 07:34:36,725 INFO org.apache.hadoop.hdfs.server.common.Util: Assuming 'file' scheme for path /var/lib/hdfs/name in configuration.
2023-11-22 07:34:36,725 WARN org.apache.hadoop.hdfs.server.namenode.FSNamesystem: Only one image storage directory (dfs.namenode.name.dir) configured. Beware of data loss due to lack of redundant storage directories!
2023-11-22 07:34:36,727 INFO org.apache.hadoop.hdfs.server.common.Util: Assuming 'file' scheme for path /var/lib/hdfs/name in configuration.
2023-11-22 07:34:36,728 INFO org.apache.hadoop.hdfs.server.common.Util: Assuming 'file' scheme for path /var/lib/hdfs/name in configuration.
2023-11-22 07:34:36,743 INFO org.apache.hadoop.hdfs.server.namenode.FSEditLog: Edit logging is async:true
2023-11-22 07:34:36,748 INFO org.apache.hadoop.hdfs.server.namenode.FSNamesystem: KeyProvider: null
2023-11-22 07:34:36,749 INFO org.apache.hadoop.hdfs.server.namenode.FSNamesystem: fsLock is fair: true
2023-11-22 07:34:36,749 INFO org.apache.hadoop.hdfs.server.namenode.FSNamesystem: Detailed lock hold time metrics enabled: false
2023-11-22 07:34:36,751 INFO org.apache.hadoop.hdfs.server.namenode.FSNamesystem: fsOwner             = root (auth:SIMPLE)
2023-11-22 07:34:36,751 INFO org.apache.hadoop.hdfs.server.namenode.FSNamesystem: supergroup          = supergroup
2023-11-22 07:34:36,751 INFO org.apache.hadoop.hdfs.server.namenode.FSNamesystem: isPermissionEnabled = false
2023-11-22 07:34:36,752 WARN org.apache.hadoop.hdfs.DFSUtilClient: Namenode for mycluster remains unresolved for ID nn2. Check your hdfs-site.xml file to ensure namenodes are configured properly.
2023-11-22 07:34:36,752 WARN org.apache.hadoop.hdfs.DFSUtilClient: Namenode for mycluster remains unresolved for ID nn3. Check your hdfs-site.xml file to ensure namenodes are configured properly.
2023-11-22 07:34:36,752 INFO org.apache.hadoop.hdfs.server.namenode.FSNamesystem: Determined nameservice ID: mycluster
2023-11-22 07:34:36,752 INFO org.apache.hadoop.hdfs.server.namenode.FSNamesystem: HA Enabled: true
2023-11-22 07:34:36,784 INFO org.apache.hadoop.hdfs.server.common.Util: dfs.datanode.fileio.profiling.sampling.percentage set to 0. Disabling file IO profiling
2023-11-22 07:34:36,788 INFO org.apache.hadoop.hdfs.server.blockmanagement.DatanodeManager: dfs.block.invalidate.limit: configured=1000, counted=60, effected=1000
2023-11-22 07:34:36,788 INFO org.apache.hadoop.hdfs.server.blockmanagement.DatanodeManager: dfs.namenode.datanode.registration.ip-hostname-check=true
2023-11-22 07:34:36,790 INFO org.apache.hadoop.hdfs.server.blockmanagement.BlockManager: dfs.namenode.startup.delay.block.deletion.sec is set to 000:00:00:00.000
2023-11-22 07:34:36,790 INFO org.apache.hadoop.hdfs.server.blockmanagement.BlockManager: The block deletion will start around 2023 Nov 22 07:34:36
2023-11-22 07:34:36,791 INFO org.apache.hadoop.util.GSet: Computing capacity for map BlocksMap
2023-11-22 07:34:36,791 INFO org.apache.hadoop.util.GSet: VM type       = 64-bit
2023-11-22 07:34:36,792 INFO org.apache.hadoop.util.GSet: 2.0% max memory 910.5 MB = 18.2 MB
2023-11-22 07:34:36,792 INFO org.apache.hadoop.util.GSet: capacity      = 2^21 = 2097152 entries
2023-11-22 07:34:36,796 INFO org.apache.hadoop.hdfs.server.blockmanagement.BlockManager: Storage policy satisfier is disabled
2023-11-22 07:34:36,796 INFO org.apache.hadoop.hdfs.server.blockmanagement.BlockManager: dfs.block.access.token.enable = false
2023-11-22 07:34:36,799 INFO org.apache.hadoop.conf.Configuration.deprecation: No unit for dfs.namenode.safemode.extension(30000) assuming MILLISECONDS
2023-11-22 07:34:36,799 INFO org.apache.hadoop.hdfs.server.blockmanagement.BlockManagerSafeMode: dfs.namenode.safemode.threshold-pct = 0.9990000128746033
2023-11-22 07:34:36,799 INFO org.apache.hadoop.hdfs.server.blockmanagement.BlockManagerSafeMode: dfs.namenode.safemode.min.datanodes = 0
2023-11-22 07:34:36,799 INFO org.apache.hadoop.hdfs.server.blockmanagement.BlockManagerSafeMode: dfs.namenode.safemode.extension = 30000
2023-11-22 07:34:36,799 INFO org.apache.hadoop.hdfs.server.blockmanagement.BlockManager: defaultReplication         = 3
2023-11-22 07:34:36,800 INFO org.apache.hadoop.hdfs.server.blockmanagement.BlockManager: maxReplication             = 512
2023-11-22 07:34:36,800 INFO org.apache.hadoop.hdfs.server.blockmanagement.BlockManager: minReplication             = 1
2023-11-22 07:34:36,800 INFO org.apache.hadoop.hdfs.server.blockmanagement.BlockManager: maxReplicationStreams      = 2
2023-11-22 07:34:36,800 INFO org.apache.hadoop.hdfs.server.blockmanagement.BlockManager: redundancyRecheckInterval  = 3000ms
2023-11-22 07:34:36,800 INFO org.apache.hadoop.hdfs.server.blockmanagement.BlockManager: encryptDataTransfer        = false
2023-11-22 07:34:36,800 INFO org.apache.hadoop.hdfs.server.blockmanagement.BlockManager: maxNumBlocksToLog          = 1000
2023-11-22 07:34:36,812 INFO org.apache.hadoop.hdfs.server.namenode.FSDirectory: GLOBAL serial map: bits=29 maxEntries=536870911
2023-11-22 07:34:36,812 INFO org.apache.hadoop.hdfs.server.namenode.FSDirectory: USER serial map: bits=24 maxEntries=16777215
2023-11-22 07:34:36,812 INFO org.apache.hadoop.hdfs.server.namenode.FSDirectory: GROUP serial map: bits=24 maxEntries=16777215
2023-11-22 07:34:36,812 INFO org.apache.hadoop.hdfs.server.namenode.FSDirectory: XATTR serial map: bits=24 maxEntries=16777215
2023-11-22 07:34:36,816 INFO org.apache.hadoop.util.GSet: Computing capacity for map INodeMap
2023-11-22 07:34:36,816 INFO org.apache.hadoop.util.GSet: VM type       = 64-bit
2023-11-22 07:34:36,816 INFO org.apache.hadoop.util.GSet: 1.0% max memory 910.5 MB = 9.1 MB
2023-11-22 07:34:36,817 INFO org.apache.hadoop.util.GSet: capacity      = 2^20 = 1048576 entries
2023-11-22 07:34:36,817 INFO org.apache.hadoop.hdfs.server.namenode.FSDirectory: ACLs enabled? false
2023-11-22 07:34:36,817 INFO org.apache.hadoop.hdfs.server.namenode.FSDirectory: POSIX ACL inheritance enabled? true
2023-11-22 07:34:36,817 INFO org.apache.hadoop.hdfs.server.namenode.FSDirectory: XAttrs enabled? true
2023-11-22 07:34:36,817 INFO org.apache.hadoop.hdfs.server.namenode.NameNode: Caching file names occurring more than 10 times
2023-11-22 07:34:36,819 INFO org.apache.hadoop.hdfs.server.namenode.snapshot.SnapshotManager: Loaded config captureOpenFiles: false, skipCaptureAccessTimeOnlyChange: false, snapshotDiffAllowSnapRootDescendant: true, maxSnapshotLimit: 65536
2023-11-22 07:34:36,820 INFO org.apache.hadoop.hdfs.server.namenode.snapshot.SnapshotManager: SkipList is disabled
2023-11-22 07:34:36,822 INFO org.apache.hadoop.util.GSet: Computing capacity for map cachedBlocks
2023-11-22 07:34:36,822 INFO org.apache.hadoop.util.GSet: VM type       = 64-bit
2023-11-22 07:34:36,823 INFO org.apache.hadoop.util.GSet: 0.25% max memory 910.5 MB = 2.3 MB
2023-11-22 07:34:36,823 INFO org.apache.hadoop.util.GSet: capacity      = 2^18 = 262144 entries
2023-11-22 07:34:36,826 INFO org.apache.hadoop.hdfs.server.namenode.top.metrics.TopMetrics: NNTop conf: dfs.namenode.top.window.num.buckets = 10
2023-11-22 07:34:36,826 INFO org.apache.hadoop.hdfs.server.namenode.top.metrics.TopMetrics: NNTop conf: dfs.namenode.top.num.users = 10
2023-11-22 07:34:36,826 INFO org.apache.hadoop.hdfs.server.namenode.top.metrics.TopMetrics: NNTop conf: dfs.namenode.top.windows.minutes = 1,5,25
2023-11-22 07:34:36,827 INFO org.apache.hadoop.hdfs.server.namenode.FSNamesystem: Retry cache on namenode is enabled
2023-11-22 07:34:36,827 INFO org.apache.hadoop.hdfs.server.namenode.FSNamesystem: Retry cache will use 0.03 of total heap and retry cache entry expiry time is 600000 millis
2023-11-22 07:34:36,828 INFO org.apache.hadoop.util.GSet: Computing capacity for map NameNodeRetryCache
2023-11-22 07:34:36,828 INFO org.apache.hadoop.util.GSet: VM type       = 64-bit
2023-11-22 07:34:36,828 INFO org.apache.hadoop.util.GSet: 0.029999999329447746% max memory 910.5 MB = 279.7 KB
2023-11-22 07:34:36,828 INFO org.apache.hadoop.util.GSet: capacity      = 2^15 = 32768 entries
2023-11-22 07:34:36,839 INFO org.apache.hadoop.hdfs.server.common.Storage: Lock on /var/lib/hdfs/name/in_use.lock acquired by nodename 138@nn1
2023-11-22 07:34:36,845 WARN org.apache.hadoop.hdfs.DFSUtilClient: Namenode for mycluster remains unresolved for ID nn2. Check your hdfs-site.xml file to ensure namenodes are configured properly.
2023-11-22 07:34:36,845 WARN org.apache.hadoop.hdfs.DFSUtilClient: Namenode for mycluster remains unresolved for ID nn3. Check your hdfs-site.xml file to ensure namenodes are configured properly.
2023-11-22 07:34:36,845 WARN org.apache.hadoop.hdfs.DFSUtilClient: Namenode for mycluster remains unresolved for ID nn2. Check your hdfs-site.xml file to ensure namenodes are configured properly.
2023-11-22 07:34:36,845 WARN org.apache.hadoop.hdfs.DFSUtilClient: Namenode for mycluster remains unresolved for ID nn3. Check your hdfs-site.xml file to ensure namenodes are configured properly.
2023-11-22 07:34:36,943 INFO org.apache.hadoop.hdfs.server.namenode.FSImage: No edit log streams selected.
2023-11-22 07:34:36,943 INFO org.apache.hadoop.hdfs.server.namenode.FSImage: Planning to load image: FSImageFile(file=/var/lib/hdfs/name/current/fsimage_0000000000000000000, cpktTxId=0000000000000000000)
2023-11-22 07:34:37,020 INFO org.apache.hadoop.hdfs.server.namenode.FSImageFormatPBINode: Loading 1 INodes.
2023-11-22 07:34:37,032 INFO org.apache.hadoop.hdfs.server.namenode.FSImageFormatProtobuf: Loaded FSImage in 0 seconds.
2023-11-22 07:34:37,033 INFO org.apache.hadoop.hdfs.server.namenode.FSImage: Loaded image for txid 0 from /var/lib/hdfs/name/current/fsimage_0000000000000000000
2023-11-22 07:34:37,035 INFO org.apache.hadoop.hdfs.server.namenode.FSNamesystem: Need to save fs image? false (staleImage=false, haEnabled=true, isRollingUpgrade=false)
2023-11-22 07:34:37,035 INFO org.apache.hadoop.hdfs.server.namenode.NameCache: initialized with 0 entries 0 lookups
2023-11-22 07:34:37,035 INFO org.apache.hadoop.hdfs.server.namenode.FSNamesystem: Finished loading FSImage in 205 msecs
2023-11-22 07:34:37,117 INFO org.apache.hadoop.hdfs.server.namenode.NameNode: RPC server is binding to nn1:8020
2023-11-22 07:34:37,119 INFO org.apache.hadoop.ipc.CallQueueManager: Using callQueue: class java.util.concurrent.LinkedBlockingQueue, queueCapacity: 10000, scheduler: class org.apache.hadoop.ipc.DefaultRpcScheduler, ipcBackoff: false.
2023-11-22 07:34:37,123 INFO org.apache.hadoop.ipc.Server: Starting Socket Reader #1 for port 8020
2023-11-22 07:34:37,199 INFO org.apache.hadoop.hdfs.server.namenode.FSNamesystem: Registered FSNamesystemState, ReplicatedBlocksState and ECBlockGroupsState MBeans.
2023-11-22 07:34:37,200 INFO org.apache.hadoop.hdfs.server.common.Util: Assuming 'file' scheme for path /var/lib/hdfs/name in configuration.
2023-11-22 07:34:37,283 INFO org.apache.hadoop.hdfs.server.namenode.LeaseManager: Number of blocks under construction: 0
2023-11-22 07:34:37,288 INFO org.apache.hadoop.hdfs.StateChange: STATE* Leaving safe mode after 0 secs
2023-11-22 07:34:37,289 INFO org.apache.hadoop.hdfs.StateChange: STATE* Network topology has 0 racks and 0 datanodes
2023-11-22 07:34:37,289 INFO org.apache.hadoop.hdfs.StateChange: STATE* UnderReplicatedBlocks has 0 blocks
2023-11-22 07:34:37,302 INFO org.apache.hadoop.ipc.Server: IPC Server Responder: starting
2023-11-22 07:34:37,302 INFO org.apache.hadoop.ipc.Server: IPC Server listener on 8020: starting
2023-11-22 07:34:37,307 INFO org.apache.hadoop.hdfs.server.namenode.NameNode: NameNode RPC up at: nn1/10.2.0.2:8020
2023-11-22 07:34:37,309 INFO org.apache.hadoop.hdfs.server.namenode.FSNamesystem: Starting services required for standby state
2023-11-22 07:34:37,311 INFO org.apache.hadoop.hdfs.server.namenode.ha.EditLogTailer: Will roll logs on active node every 120 seconds.
2023-11-22 07:34:37,315 INFO org.apache.hadoop.hdfs.server.namenode.ha.StandbyCheckpointer: Starting standby checkpoint thread...
Checkpointing active NN to possible NNs: [http://nn2:50070, http://nn3:50070]
Serving checkpoints at http://nn1:50070
2023-11-22 07:34:41,090 INFO org.apache.hadoop.hdfs.server.namenode.TransferFsImage: Sending fileName: /var/lib/hdfs/name/current/fsimage_0000000000000000000, fileSize: 396. Sent total: 396 bytes. Size of last segment intended to send: -1 bytes.
2023-11-22 07:34:41,429 INFO org.apache.hadoop.hdfs.server.namenode.TransferFsImage: Sending fileName: /var/lib/hdfs/name/current/fsimage_0000000000000000000, fileSize: 396. Sent total: 396 bytes. Size of last segment intended to send: -1 bytes.
2023-11-22 07:34:42,533 INFO org.apache.hadoop.hdfs.StateChange: BLOCK* registerDatanode: from DatanodeRegistration(10.2.0.5:9866, datanodeUuid=09ca3311-09b4-4f93-8587-ed9ca929e94e, infoPort=9864, infoSecurePort=0, ipcPort=9867, storageInfo=lv=-57;cid=CID-7a35e186-d481-4c6a-8ba5-fecd2ec819de;nsid=228676388;c=1700638475838) storage 09ca3311-09b4-4f93-8587-ed9ca929e94e
2023-11-22 07:34:42,534 INFO org.apache.hadoop.net.NetworkTopology: Adding a new node: /default-rack/10.2.0.5:9866
2023-11-22 07:34:42,534 INFO org.apache.hadoop.hdfs.server.blockmanagement.BlockReportLeaseManager: Registered DN 09ca3311-09b4-4f93-8587-ed9ca929e94e (10.2.0.5:9866).
2023-11-22 07:34:42,669 INFO org.apache.hadoop.hdfs.server.blockmanagement.DatanodeDescriptor: Adding new storage ID DS-8b3fb5d4-a3f9-44d2-924b-f7d4263399d3 for DN 10.2.0.5:9866
2023-11-22 07:34:42,704 INFO BlockStateChange: BLOCK* processReport 0xe1a0bd93dd89ec73: Processing first storage report for DS-8b3fb5d4-a3f9-44d2-924b-f7d4263399d3 from datanode 09ca3311-09b4-4f93-8587-ed9ca929e94e
2023-11-22 07:34:42,706 INFO BlockStateChange: BLOCK* processReport 0xe1a0bd93dd89ec73: from storage DS-8b3fb5d4-a3f9-44d2-924b-f7d4263399d3 node DatanodeRegistration(10.2.0.5:9866, datanodeUuid=09ca3311-09b4-4f93-8587-ed9ca929e94e, infoPort=9864, infoSecurePort=0, ipcPort=9867, storageInfo=lv=-57;cid=CID-7a35e186-d481-4c6a-8ba5-fecd2ec819de;nsid=228676388;c=1700638475838), blocks: 0, hasStaleStorage: false, processing time: 1 msecs, invalidatedBlocks: 0
2023-11-22 07:34:42,977 INFO org.apache.hadoop.hdfs.StateChange: BLOCK* registerDatanode: from DatanodeRegistration(10.2.0.6:9866, datanodeUuid=13a577bc-c085-4f65-afd1-4bc6f76e48fa, infoPort=9864, infoSecurePort=0, ipcPort=9867, storageInfo=lv=-57;cid=CID-7a35e186-d481-4c6a-8ba5-fecd2ec819de;nsid=228676388;c=1700638475838) storage 13a577bc-c085-4f65-afd1-4bc6f76e48fa
2023-11-22 07:34:42,977 INFO org.apache.hadoop.net.NetworkTopology: Adding a new node: /default-rack/10.2.0.6:9866
2023-11-22 07:34:42,977 INFO org.apache.hadoop.hdfs.server.blockmanagement.BlockReportLeaseManager: Registered DN 13a577bc-c085-4f65-afd1-4bc6f76e48fa (10.2.0.6:9866).
2023-11-22 07:34:43,000 INFO org.apache.hadoop.hdfs.server.blockmanagement.DatanodeDescriptor: Adding new storage ID DS-50d79265-d402-4ae3-a085-68bed5d4e53d for DN 10.2.0.6:9866
2023-11-22 07:34:43,018 INFO BlockStateChange: BLOCK* processReport 0x2fcf9cc83386c11f: Processing first storage report for DS-50d79265-d402-4ae3-a085-68bed5d4e53d from datanode 13a577bc-c085-4f65-afd1-4bc6f76e48fa
2023-11-22 07:34:43,018 INFO BlockStateChange: BLOCK* processReport 0x2fcf9cc83386c11f: from storage DS-50d79265-d402-4ae3-a085-68bed5d4e53d node DatanodeRegistration(10.2.0.6:9866, datanodeUuid=13a577bc-c085-4f65-afd1-4bc6f76e48fa, infoPort=9864, infoSecurePort=0, ipcPort=9867, storageInfo=lv=-57;cid=CID-7a35e186-d481-4c6a-8ba5-fecd2ec819de;nsid=228676388;c=1700638475838), blocks: 0, hasStaleStorage: false, processing time: 0 msecs, invalidatedBlocks: 0
2023-11-22 07:34:43,251 INFO org.apache.hadoop.hdfs.StateChange: BLOCK* registerDatanode: from DatanodeRegistration(10.2.0.7:9866, datanodeUuid=8dee15e7-5d78-4e69-84a6-322b8abaf3fb, infoPort=9864, infoSecurePort=0, ipcPort=9867, storageInfo=lv=-57;cid=CID-7a35e186-d481-4c6a-8ba5-fecd2ec819de;nsid=228676388;c=1700638475838) storage 8dee15e7-5d78-4e69-84a6-322b8abaf3fb
2023-11-22 07:34:43,251 INFO org.apache.hadoop.net.NetworkTopology: Adding a new node: /default-rack/10.2.0.7:9866
2023-11-22 07:34:43,251 INFO org.apache.hadoop.hdfs.server.blockmanagement.BlockReportLeaseManager: Registered DN 8dee15e7-5d78-4e69-84a6-322b8abaf3fb (10.2.0.7:9866).
2023-11-22 07:34:43,273 INFO org.apache.hadoop.hdfs.server.blockmanagement.DatanodeDescriptor: Adding new storage ID DS-764afccc-843a-422a-9268-01f38a034cf6 for DN 10.2.0.7:9866
2023-11-22 07:34:43,284 INFO BlockStateChange: BLOCK* processReport 0xd27c207e6f42113a: Processing first storage report for DS-764afccc-843a-422a-9268-01f38a034cf6 from datanode 8dee15e7-5d78-4e69-84a6-322b8abaf3fb
2023-11-22 07:34:43,284 INFO BlockStateChange: BLOCK* processReport 0xd27c207e6f42113a: from storage DS-764afccc-843a-422a-9268-01f38a034cf6 node DatanodeRegistration(10.2.0.7:9866, datanodeUuid=8dee15e7-5d78-4e69-84a6-322b8abaf3fb, infoPort=9864, infoSecurePort=0, ipcPort=9867, storageInfo=lv=-57;cid=CID-7a35e186-d481-4c6a-8ba5-fecd2ec819de;nsid=228676388;c=1700638475838), blocks: 0, hasStaleStorage: false, processing time: 0 msecs, invalidatedBlocks: 0
2023-11-22 07:34:57,504 INFO org.apache.hadoop.hdfs.server.namenode.FSNamesystem: Stopping services started for standby state
2023-11-22 07:34:57,505 WARN org.apache.hadoop.hdfs.server.namenode.ha.EditLogTailer: Edit log tailer interrupted
java.lang.InterruptedException: sleep interrupted
	at java.lang.Thread.sleep(Native Method)
	at org.apache.hadoop.hdfs.server.namenode.ha.EditLogTailer$EditLogTailerThread.doWork(EditLogTailer.java:469)
	at org.apache.hadoop.hdfs.server.namenode.ha.EditLogTailer$EditLogTailerThread.access$300(EditLogTailer.java:399)
	at org.apache.hadoop.hdfs.server.namenode.ha.EditLogTailer$EditLogTailerThread$1.run(EditLogTailer.java:416)
	at org.apache.hadoop.security.SecurityUtil.doAsLoginUserOrFatal(SecurityUtil.java:484)
	at org.apache.hadoop.hdfs.server.namenode.ha.EditLogTailer$EditLogTailerThread.run(EditLogTailer.java:412)
2023-11-22 07:34:57,506 INFO org.apache.hadoop.hdfs.server.namenode.FSNamesystem: Starting services required for active state
2023-11-22 07:34:57,508 INFO org.apache.hadoop.hdfs.qjournal.client.QuorumJournalManager: Starting recovery process for unclosed journal segments...
2023-11-22 07:34:57,532 INFO org.apache.hadoop.hdfs.qjournal.client.QuorumJournalManager: Successfully started new epoch 1
2023-11-22 07:34:57,532 INFO org.apache.hadoop.hdfs.server.namenode.FileJournalManager: Recovering unfinalized segments in /var/lib/hdfs/name/current
2023-11-22 07:34:57,532 INFO org.apache.hadoop.hdfs.server.namenode.FSNamesystem: Catching up to latest edits from old active before taking over writer role in edits logs
2023-11-22 07:34:57,534 INFO org.apache.hadoop.hdfs.server.blockmanagement.DatanodeManager: Marking all datanodes as stale
2023-11-22 07:34:57,535 INFO org.apache.hadoop.hdfs.server.namenode.FSNamesystem: Reprocessing replication and invalidation queues
2023-11-22 07:34:57,535 INFO org.apache.hadoop.hdfs.server.blockmanagement.BlockManager: initializing replication queues
2023-11-22 07:34:57,536 INFO org.apache.hadoop.hdfs.server.namenode.FSNamesystem: Will take over writing edit logs at txnid 1
2023-11-22 07:34:57,537 INFO org.apache.hadoop.hdfs.server.namenode.FSEditLog: Starting log segment at 1
2023-11-22 07:34:57,653 INFO org.apache.hadoop.hdfs.server.namenode.FSDirectory: Initializing quota with 4 thread(s)
2023-11-22 07:34:57,656 INFO org.apache.hadoop.hdfs.server.namenode.FSDirectory: Quota initialization completed in 2 milliseconds
name space=1
storage space=0
storage types=RAM_DISK=0, SSD=0, DISK=0, ARCHIVE=0, PROVIDED=0
2023-11-22 07:34:57,657 INFO org.apache.hadoop.hdfs.server.blockmanagement.CacheReplicationMonitor: Starting CacheReplicationMonitor with interval 30000 milliseconds
2023-11-22 07:34:57,817 INFO org.apache.hadoop.fs.TrashPolicyDefault: Namenode trash configuration: Deletion interval = 1440 minutes, Emptier interval = 1440 minutes.
2023-11-22 07:34:57,817 INFO org.apache.hadoop.hdfs.server.blockmanagement.BlockManager: Total number of blocks            = 0
2023-11-22 07:34:57,817 INFO org.apache.hadoop.hdfs.server.blockmanagement.BlockManager: Number of invalid blocks          = 0
2023-11-22 07:34:57,817 INFO org.apache.hadoop.hdfs.server.blockmanagement.BlockManager: Number of under-replicated blocks = 0
2023-11-22 07:34:57,817 INFO org.apache.hadoop.hdfs.server.blockmanagement.BlockManager: Number of  over-replicated blocks = 0
2023-11-22 07:34:57,817 INFO org.apache.hadoop.hdfs.server.blockmanagement.BlockManager: Number of blocks being written    = 0
2023-11-22 07:34:57,817 INFO org.apache.hadoop.hdfs.StateChange: STATE* Replication Queue initialization scan for invalid, over- and under-replicated blocks completed in 282 msec
2023-11-22 07:35:06,833 INFO org.apache.hadoop.hdfs.StateChange: DIR* completeFile: /dir1/file1 is closed by DFSClient_NONMAPREDUCE_-936292629_1
2023-11-22 07:35:16,510 INFO org.apache.hadoop.ipc.Server: IPC Server handler 10 on 8020, call Call#2 Retry#0 org.apache.hadoop.hdfs.protocol.ClientProtocol.create from 10.2.0.2:43712: org.apache.hadoop.hdfs.protocol.NSQuotaExceededException: The NameSpace quota (directories and files) of directory /dir1 is exceeded: quota=2 file count=3
