2023-11-10 12:45:45 INFO main - instrumented a special java.util.Set into: sun.nio.ch.EPollSelectorImpl@1877ab81
2023-11-10 12:45:45 INFO main - instrumented a special java.util.Set into: sun.nio.ch.EPollSelectorImpl@76b10754
2023-11-10 12:45:45 INFO main - instrumented a special java.util.Set into: sun.nio.ch.EPollSelectorImpl@530612ba
2023-11-10 12:45:45 INFO main - instrumented a special java.util.Set into: sun.nio.ch.EPollSelectorImpl@2a40cd94
2023-11-10 12:45:45 INFO main - instrumented a special java.util.Set into: sun.nio.ch.EPollSelectorImpl@f4168b8
2023-11-10 12:45:45 INFO main - instrumented a special java.util.Set into: sun.nio.ch.EPollSelectorImpl@4278a03f
2023-11-10 12:45:45 INFO main - instrumented a special java.util.Set into: sun.nio.ch.EPollSelectorImpl@1534f01b
2023-11-10 12:45:45 INFO main - instrumented a special java.util.Set into: sun.nio.ch.EPollSelectorImpl@2ea227af
2023-11-10 12:45:45 INFO main - instrumented a special java.util.Set into: sun.nio.ch.EPollSelectorImpl@4386f16
2023-11-10 12:45:45 INFO main - instrumented a special java.util.Set into: sun.nio.ch.EPollSelectorImpl@363ee3a2
2023-11-10 12:45:45 INFO main - instrumented a special java.util.Set into: sun.nio.ch.EPollSelectorImpl@7f552bd3
2023-11-10 12:45:45 INFO main - instrumented a special java.util.Set into: sun.nio.ch.EPollSelectorImpl@460d0a57
2023-11-10 12:45:45 INFO main - instrumented a special java.util.Set into: sun.nio.ch.EPollSelectorImpl@47d90b9e
2023-11-10 12:45:45 INFO main - instrumented a special java.util.Set into: sun.nio.ch.EPollSelectorImpl@1184ab05
2023-11-10 12:45:45 INFO main - Looking for a resource file of name [META-INF/service/org.apache.rocketmq.acl.AccessValidator] ...
2023-11-10 12:45:45 INFO main - Creating an instance as specified by file META-INF/service/org.apache.rocketmq.acl.AccessValidator which was present in the path of the context classloader.
2023-11-10 12:45:45 INFO main - Loaded class org.apache.rocketmq.acl.plain.PlainAccessValidator from classloader sun.misc.Launcher$AppClassLoader@654845766
2023-11-10 12:45:45 INFO main - Looking for a resource file of name [META-INF/service/org.apache.rocketmq.remoting.RPCHook] ...
2023-11-10 12:45:45 WARN main - No resource file with name [META-INF/service/org.apache.rocketmq.remoting.RPCHook] found.
2023-11-10 12:45:46 WARN main - Unknown channel option 'SO_KEEPALIVE' for channel '[id: 0x830ba13d]'
2023-11-10 12:45:46 WARN main - Unknown channel option 'SO_KEEPALIVE' for channel '[id: 0x90043381]'
2023-11-10 12:45:46 WARN main - Unknown channel option 'SO_KEEPALIVE' for channel '[id: 0x90916199]'
2023-11-10 12:45:46 INFO StateMaintainer - [n0][GetVoteResponse] {"code":200,"group":"RaftNode00","leaderId":"n0","remoteId":"n0","term":0,"voteResult":"ACCEPT"}
2023-11-10 12:45:46 INFO NettyClientPublicExecutor_1 - [n0][GetVoteResponse] {"code":200,"group":"RaftNode00","leaderId":"n0","remoteId":"n1","term":0,"voteResult":"REJECT_ALREADY_VOTED"}
2023-11-10 12:45:46 INFO NettyClientPublicExecutor_2 - [n0][GetVoteResponse] {"code":200,"group":"RaftNode00","leaderId":"n0","remoteId":"n2","term":0,"voteResult":"REJECT_ALREADY_VOTED"}
2023-11-10 12:45:46 INFO StateMaintainer - [n0] [PARSE_VOTE_RESULT] cost=96 term=0 memberNum=3 allNum=3 acceptedNum=1 notReadyTermNum=0 biggerLedgerNum=0 alreadyHasLeader=false maxTerm=0 result=WAIT_TO_VOTE_NEXT
2023-11-10 12:45:46 INFO StateMaintainer - n0_[INCREASE_TERM] from 0 to 1
2023-11-10 12:45:46 INFO StateMaintainer - [n0][GetVoteResponse] {"code":200,"group":"RaftNode00","leaderId":"n0","remoteId":"n0","term":1,"voteResult":"ACCEPT"}
2023-11-10 12:45:46 INFO NettyClientPublicExecutor_3 - [n0][GetVoteResponse] {"code":200,"group":"RaftNode00","leaderId":"n0","remoteId":"n2","term":0,"voteResult":"REJECT_TERM_NOT_READY"}
2023-11-10 12:45:46 INFO StateMaintainer - [n0] [PARSE_VOTE_RESULT] cost=3 term=1 memberNum=3 allNum=2 acceptedNum=1 notReadyTermNum=1 biggerLedgerNum=0 alreadyHasLeader=false maxTerm=1 result=REVOTE_IMMEDIATELY
2023-11-10 12:45:46 INFO NettyClientPublicExecutor_4 - [n0][GetVoteResponse] {"code":200,"group":"RaftNode00","leaderId":"n0","remoteId":"n1","term":0,"voteResult":"REJECT_TERM_NOT_READY"}
2023-11-10 12:45:46 INFO StateMaintainer - [n0][GetVoteResponse] {"code":200,"group":"RaftNode00","leaderId":"n0","remoteId":"n0","term":1,"voteResult":"ACCEPT"}
2023-11-10 12:45:46 INFO NettyClientPublicExecutor_5 - [n0][GetVoteResponse] {"code":200,"group":"RaftNode00","leaderId":"n0","remoteId":"n2","term":1,"voteResult":"ACCEPT"}
2023-11-10 12:45:46 INFO StateMaintainer - [n0] [PARSE_VOTE_RESULT] cost=3 term=1 memberNum=3 allNum=2 acceptedNum=2 notReadyTermNum=0 biggerLedgerNum=0 alreadyHasLeader=false maxTerm=1 result=PASSED
2023-11-10 12:45:46 INFO StateMaintainer - [n0] [VOTE_RESULT] has been elected to be the leader in term 1
2023-11-10 12:45:46 INFO StateMaintainer - [n0] [ChangeRoleToLeader] from term: 1 and currTerm: 1
2023-11-10 12:45:46 INFO EntryDispatcher-n0-n1 - [Push-n1]Change state from COMPARE to COMPARE at -1
2023-11-10 12:45:46 INFO QuorumAckChecker-n0 - Initialize the pending append map in QuorumAckChecker for term=1
2023-11-10 12:45:46 INFO QuorumAckChecker-n0 - Initialize the watermark in QuorumAckChecker for term=1
2023-11-10 12:45:46 INFO EntryDispatcher-n0-n2 - [Push-n2]Change state from COMPARE to COMPARE at -1
2023-11-10 12:45:46 INFO NettyClientPublicExecutor_6 - [n0][GetVoteResponse] {"code":200,"group":"RaftNode00","leaderId":"n0","remoteId":"n1","term":1,"voteResult":"ACCEPT"}
2023-11-10 12:45:48 INFO QuorumAckChecker-n0 - [n0][LEADER] term=1 ledgerBegin=-1 ledgerEnd=-1 committed=-1 watermarks={1:{"n0":-1,"n1":-1,"n2":-1}}
2023-11-10 12:45:51 INFO QuorumAckChecker-n0 - [n0][LEADER] term=1 ledgerBegin=-1 ledgerEnd=-1 committed=-1 watermarks={1:{"n0":-1,"n1":-1,"n2":-1}}
2023-11-10 12:45:54 INFO main - instrumented a special java.util.Set into: sun.nio.ch.EPollSelectorImpl@1877ab81
2023-11-10 12:45:54 INFO main - instrumented a special java.util.Set into: sun.nio.ch.EPollSelectorImpl@76b10754
2023-11-10 12:45:54 INFO main - instrumented a special java.util.Set into: sun.nio.ch.EPollSelectorImpl@530612ba
2023-11-10 12:45:54 INFO main - instrumented a special java.util.Set into: sun.nio.ch.EPollSelectorImpl@2a40cd94
2023-11-10 12:45:54 INFO main - instrumented a special java.util.Set into: sun.nio.ch.EPollSelectorImpl@f4168b8
2023-11-10 12:45:54 INFO main - instrumented a special java.util.Set into: sun.nio.ch.EPollSelectorImpl@4278a03f
2023-11-10 12:45:54 INFO main - instrumented a special java.util.Set into: sun.nio.ch.EPollSelectorImpl@1534f01b
2023-11-10 12:45:54 INFO main - instrumented a special java.util.Set into: sun.nio.ch.EPollSelectorImpl@2ea227af
2023-11-10 12:45:54 INFO main - instrumented a special java.util.Set into: sun.nio.ch.EPollSelectorImpl@4386f16
2023-11-10 12:45:54 INFO main - instrumented a special java.util.Set into: sun.nio.ch.EPollSelectorImpl@363ee3a2
2023-11-10 12:45:54 INFO main - instrumented a special java.util.Set into: sun.nio.ch.EPollSelectorImpl@7f552bd3
2023-11-10 12:45:54 INFO main - instrumented a special java.util.Set into: sun.nio.ch.EPollSelectorImpl@460d0a57
2023-11-10 12:45:54 INFO main - instrumented a special java.util.Set into: sun.nio.ch.EPollSelectorImpl@47d90b9e
2023-11-10 12:45:54 INFO main - instrumented a special java.util.Set into: sun.nio.ch.EPollSelectorImpl@1184ab05
2023-11-10 12:45:54 INFO main - Looking for a resource file of name [META-INF/service/org.apache.rocketmq.acl.AccessValidator] ...
2023-11-10 12:45:54 INFO main - Creating an instance as specified by file META-INF/service/org.apache.rocketmq.acl.AccessValidator which was present in the path of the context classloader.
2023-11-10 12:45:54 INFO main - Loaded class org.apache.rocketmq.acl.plain.PlainAccessValidator from classloader sun.misc.Launcher$AppClassLoader@654845766
2023-11-10 12:45:54 INFO main - Looking for a resource file of name [META-INF/service/org.apache.rocketmq.remoting.RPCHook] ...
2023-11-10 12:45:54 WARN main - No resource file with name [META-INF/service/org.apache.rocketmq.remoting.RPCHook] found.
2023-11-10 12:45:54 INFO QuorumAckChecker-n0 - [n0][LEADER] term=1 ledgerBegin=-1 ledgerEnd=-1 committed=-1 watermarks={1:{"n0":-1,"n1":-1,"n2":-1}}
