10:27:05.858 [main] INFO  io.redit.execution.RuntimeEngine - Waiting for event E1 ...
10:27:05.990 [main] INFO  i.r.s.rocketmqexample.SampleTest - send message: Message{topic='testTopic', flag=0, properties={KEYS=key0, WAIT=true, TAGS=TagA}, body=[72, 101, 108, 108, 111, 32, 82, 111, 99, 107, 101, 116, 77, 81, 32, 48], transactionId='null'}
10:27:06.153 [main] INFO  i.r.s.rocketmqexample.SampleTest - send message: Message{topic='testTopic', flag=0, properties={KEYS=key1, WAIT=true, TAGS=TagA}, body=[72, 101, 108, 108, 111, 32, 82, 111, 99, 107, 101, 116, 77, 81, 32, 49], transactionId='null'}
10:27:06.160 [main] INFO  i.r.s.rocketmqexample.SampleTest - send message: Message{topic='testTopic', flag=0, properties={KEYS=key2, WAIT=true, TAGS=TagA}, body=[72, 101, 108, 108, 111, 32, 82, 111, 99, 107, 101, 116, 77, 81, 32, 50], transactionId='null'}
10:27:06.190 [main] INFO  i.r.s.rocketmqexample.SampleTest - send message: Message{topic='testTopic', flag=0, properties={KEYS=key3, WAIT=true, TAGS=TagA}, body=[72, 101, 108, 108, 111, 32, 82, 111, 99, 107, 101, 116, 77, 81, 32, 51], transactionId='null'}
10:27:06.203 [main] INFO  i.r.s.rocketmqexample.SampleTest - send message: Message{topic='testTopic', flag=0, properties={KEYS=key4, WAIT=true, TAGS=TagA}, body=[72, 101, 108, 108, 111, 32, 82, 111, 99, 107, 101, 116, 77, 81, 32, 52], transactionId='null'}
10:27:06.208 [main] INFO  i.r.s.rocketmqexample.SampleTest - send message: Message{topic='testTopic', flag=0, properties={KEYS=key5, WAIT=true, TAGS=TagA}, body=[72, 101, 108, 108, 111, 32, 82, 111, 99, 107, 101, 116, 77, 81, 32, 53], transactionId='null'}
10:27:06.214 [main] INFO  i.r.s.rocketmqexample.SampleTest - send message: Message{topic='testTopic', flag=0, properties={KEYS=key6, WAIT=true, TAGS=TagA}, body=[72, 101, 108, 108, 111, 32, 82, 111, 99, 107, 101, 116, 77, 81, 32, 54], transactionId='null'}
10:27:06.220 [main] INFO  i.r.s.rocketmqexample.SampleTest - send message: Message{topic='testTopic', flag=0, properties={KEYS=key7, WAIT=true, TAGS=TagA}, body=[72, 101, 108, 108, 111, 32, 82, 111, 99, 107, 101, 116, 77, 81, 32, 55], transactionId='null'}
10:27:06.227 [main] INFO  i.r.s.rocketmqexample.SampleTest - send message: Message{topic='testTopic', flag=0, properties={KEYS=key8, WAIT=true, TAGS=TagA}, body=[72, 101, 108, 108, 111, 32, 82, 111, 99, 107, 101, 116, 77, 81, 32, 56], transactionId='null'}
10:27:06.233 [main] INFO  i.r.s.rocketmqexample.SampleTest - send message: Message{topic='testTopic', flag=0, properties={KEYS=key9, WAIT=true, TAGS=TagA}, body=[72, 101, 108, 108, 111, 32, 82, 111, 99, 107, 101, 116, 77, 81, 32, 57], transactionId='null'}
10:27:08.239 [main] INFO  io.redit.execution.RuntimeEngine - Sending test case event E1 ...
10:27:08.451 [qtp1054932644-21] INFO  io.redit.execution.EventService - Event E1 received!
10:27:08.451 [main] INFO  io.redit.execution.RuntimeEngine - Waiting for event E2 ...

java.lang.RuntimeException: org.apache.rocketmq.client.exception.MQClientException: CODE: 208  DESC: query message by key finished, but no message.
For more information, please visit the url, http://rocketmq.apache.org/docs/faq/

	at io.redit.samples.rocketmqexample.SampleTest.lambda$testQueryMsgByKeyWithAcl$1(SampleTest.java:99)
	at io.redit.execution.RuntimeEngine.enforceOrder(RuntimeEngine.java:317)
	at io.redit.execution.RuntimeEngine.enforceOrder(RuntimeEngine.java:300)
	at io.redit.samples.rocketmqexample.SampleTest.testQueryMsgByKeyWithAcl(SampleTest.java:90)
	at sun.reflect.NativeMethodAccessorImpl.invoke0(Native Method)
	at sun.reflect.NativeMethodAccessorImpl.invoke(NativeMethodAccessorImpl.java:62)
	at sun.reflect.DelegatingMethodAccessorImpl.invoke(DelegatingMethodAccessorImpl.java:43)
	at java.lang.reflect.Method.invoke(Method.java:498)
	at org.junit.runners.model.FrameworkMethod$1.runReflectiveCall(FrameworkMethod.java:50)
	at org.junit.internal.runners.model.ReflectiveCallable.run(ReflectiveCallable.java:12)
	at org.junit.runners.model.FrameworkMethod.invokeExplosively(FrameworkMethod.java:47)
	at org.junit.internal.runners.statements.InvokeMethod.evaluate(InvokeMethod.java:17)
	at org.junit.runners.ParentRunner.runLeaf(ParentRunner.java:325)
	at org.junit.runners.BlockJUnit4ClassRunner.runChild(BlockJUnit4ClassRunner.java:78)
	at org.junit.runners.BlockJUnit4ClassRunner.runChild(BlockJUnit4ClassRunner.java:57)
	at org.junit.runners.ParentRunner$3.run(ParentRunner.java:290)
	at org.junit.runners.ParentRunner$1.schedule(ParentRunner.java:71)
	at org.junit.runners.ParentRunner.runChildren(ParentRunner.java:288)
	at org.junit.runners.ParentRunner.access$000(ParentRunner.java:58)
	at org.junit.runners.ParentRunner$2.evaluate(ParentRunner.java:268)
	at org.junit.internal.runners.statements.RunBefores.evaluate(RunBefores.java:26)
	at org.junit.internal.runners.statements.RunAfters.evaluate(RunAfters.java:27)
	at org.junit.runners.ParentRunner.run(ParentRunner.java:363)
	at org.junit.runner.JUnitCore.run(JUnitCore.java:137)
	at com.intellij.junit4.JUnit4IdeaTestRunner.startRunnerWithArgs(JUnit4IdeaTestRunner.java:69)
	at com.intellij.rt.junit.IdeaTestRunner$Repeater$1.execute(IdeaTestRunner.java:38)
	at com.intellij.rt.execution.junit.TestsRepeater.repeat(TestsRepeater.java:11)
	at com.intellij.rt.junit.IdeaTestRunner$Repeater.startRunnerWithArgs(IdeaTestRunner.java:35)
	at com.intellij.rt.junit.JUnitStarter.prepareStreamsAndStart(JUnitStarter.java:232)
	at com.intellij.rt.junit.JUnitStarter.main(JUnitStarter.java:55)
Caused by: org.apache.rocketmq.client.exception.MQClientException: CODE: 208  DESC: query message by key finished, but no message.
For more information, please visit the url, http://rocketmq.apache.org/docs/faq/
	at org.apache.rocketmq.client.impl.MQAdminImpl.queryMessage(MQAdminImpl.java:413)
	at org.apache.rocketmq.client.impl.MQAdminImpl.queryMessage(MQAdminImpl.java:259)
	at org.apache.rocketmq.client.impl.producer.DefaultMQProducerImpl.queryMessage(DefaultMQProducerImpl.java:453)
	at org.apache.rocketmq.client.producer.DefaultMQProducer.queryMessage(DefaultMQProducer.java:668)
	at io.redit.samples.rocketmqexample.SampleTest.lambda$testQueryMsgByKeyWithAcl$1(SampleTest.java:93)
	... 29 more

